{"Protocol":0,"Id":"ae85418834203aee789d7e6f3d082077","Path":"/shows/Better Call Saul/Season 1/Better Call Saul (2015) - S01E01 - Uno (1080p BluRay x265 RZeroX).mkv","EncoderPath":null,"EncoderProtocol":null,"Type":0,"Container":"mkv","Size":2154943194,"Name":"Better Call Saul (2015) - S01E01 - Uno (1080p BluRay x265 RZeroX)","IsRemote":false,"ETag":"6c960abe55d767e875a32e619ce25117","RunTimeTicks":31852779999,"ReadAtNativeFramerate":false,"IgnoreDts":false,"IgnoreIndex":false,"GenPtsInput":false,"SupportsTranscoding":true,"SupportsDirectStream":true,"SupportsDirectPlay":true,"IsInfiniteStream":false,"UseMostCompatibleTranscodingProfile":false,"RequiresOpening":false,"OpenToken":null,"RequiresClosing":false,"LiveStreamId":null,"BufferMs":null,"RequiresLooping":false,"SupportsProbing":true,"VideoType":0,"IsoType":null,"Video3DFormat":null,"MediaStreams":[{"Codec":"hevc","CodecTag":null,"Language":null,"ColorRange":null,"ColorSpace":null,"ColorTransfer":null,"ColorPrimaries":null,"DvVersionMajor":null,"DvVersionMinor":null,"DvProfile":null,"DvLevel":null,"RpuPresentFlag":null,"ElPresentFlag":null,"BlPresentFlag":null,"DvBlSignalCompatibilityId":null,"Rotation":null,"Comment":null,"TimeBase":"1/1000","CodecTimeBase":null,"Title":null,"VideoRange":1,"VideoRangeType":1,"VideoDoViTitle":null,"AudioSpatialFormat":0,"LocalizedUndefined":null,"LocalizedDefault":null,"LocalizedForced":null,"LocalizedExternal":null,"LocalizedHearingImpaired":null,"DisplayTitle":"1080p HEVC SDR","NalLengthSize":null,"IsInterlaced":false,"IsAVC":false,"ChannelLayout":null,"BitRate":5412257,"BitDepth":10,"RefFrames":1,"PacketLength":null,"Channels":null,"SampleRate":null,"IsDefault":true,"IsForced":false,"IsHearingImpaired":false,"Height":1080,"Width":1920,"AverageFrameRate":23.976025,"RealFrameRate":23.976025,"ReferenceFrameRate":23.976025,"Profile":"Main 10","Type":1,"AspectRatio":"16:9","Index":0,"Score":null,"IsExternal":false,"DeliveryMethod":null,"DeliveryUrl":null,"IsExternalUrl":null,"IsTextSubtitleStream":false,"SupportsExternalStream":false,"Path":null,"PixelFormat":"yuv420p10le","Level":120,"IsAnamorphic":false},{"Codec":"aac","CodecTag":null,"Language":"eng","ColorRange":null,"ColorSpace":null,"ColorTransfer":null,"ColorPrimaries":null,"DvVersionMajor":null,"DvVersionMinor":null,"DvProfile":null,"DvLevel":null,"RpuPresentFlag":null,"ElPresentFlag":null,"BlPresentFlag":null,"DvBlSignalCompatibilityId":null,"Rotation":null,"Comment":null,"TimeBase":"1/1000","CodecTimeBase":null,"Title":null,"VideoRange":0,"VideoRangeType":0,"VideoDoViTitle":null,"AudioSpatialFormat":0,"LocalizedUndefined":null,"LocalizedDefault":"Default","LocalizedForced":null,"LocalizedExternal":"External","LocalizedHearingImpaired":null,"DisplayTitle":"English - AAC - 5.1","NalLengthSize":null,"IsInterlaced":false,"IsAVC":false,"ChannelLayout":"5.1","BitRate":403342,"BitDepth":null,"RefFrames":null,"PacketLength":null,"Channels":6,"SampleRate":48000,"IsDefault":false,"IsForced":false,"IsHearingImpaired":false,"Height":null,"Width":null,"AverageFrameRate":null,"RealFrameRate":null,"ReferenceFrameRate":null,"Profile":"LC","Type":0,"AspectRatio":null,"Index":1,"Score":null,"IsExternal":false,"DeliveryMethod":null,"DeliveryUrl":null,"IsExternalUrl":null,"IsTextSubtitleStream":false,"SupportsExternalStream":false,"Path":null,"PixelFormat":null,"Level":0,"IsAnamorphic":null},{"Codec":"aac","CodecTag":null,"Language":"ger","ColorRange":null,"ColorSpace":null,"ColorTransfer":null,"ColorPrimaries":null,"DvVersionMajor":null,"DvVersionMinor":null,"DvProfile":null,"DvLevel":null,"RpuPresentFlag":null,"ElPresentFlag":null,"BlPresentFlag":null,"DvBlSignalCompatibilityId":null,"Rotation":null,"Comment":null,"TimeBase":"1/1000","CodecTimeBase":null,"Title":null,"VideoRange":0,"VideoRangeType":0,"VideoDoViTitle":null,"AudioSpatialFormat":0,"LocalizedUndefined":null,"LocalizedDefault":"Default","LocalizedForced":null,"LocalizedExternal":"External","LocalizedHearingImpaired":null,"DisplayTitle":"Ger - HE-AAC - 5.1","NalLengthSize":null,"IsInterlaced":false,"IsAVC":false,"ChannelLayout":"5.1","BitRate":191999,"BitDepth":null,"RefFrames":null,"PacketLength":null,"Channels":6,"SampleRate":48000,"IsDefault":false,"IsForced":false,"IsHearingImpaired":false,"Height":null,"Width":null,"AverageFrameRate":null,"RealFrameRate":null,"ReferenceFrameRate":null,"Profile":"HE-AAC","Type":0,"AspectRatio":null,"Index":2,"Score":null,"IsExternal":false,"DeliveryMethod":null,"DeliveryUrl":null,"IsExternalUrl":null,"IsTextSubtitleStream":false,"SupportsExternalStream":false,"Path":null,"PixelFormat":null,"Level":0,"IsAnamorphic":null},{"Codec":"aac","CodecTag":null,"Language":"spa","ColorRange":null,"ColorSpace":null,"ColorTransfer":null,"ColorPrimaries":null,"DvVersionMajor":null,"DvVersionMinor":null,"DvProfile":null,"DvLevel":null,"RpuPresentFlag":null,"ElPresentFlag":null,"BlPresentFlag":null,"DvBlSignalCompatibilityId":null,"Rotation":null,"Comment":null,"TimeBase":"1/1000","CodecTimeBase":null,"Title":null,"VideoRange":0,"VideoRangeType":0,"VideoDoViTitle":null,"AudioSpatialFormat":0,"LocalizedUndefined":null,"LocalizedDefault":"Default","LocalizedForced":null,"LocalizedExternal":"External","LocalizedHearingImpaired":null,"DisplayTitle":"Spanish - HE-AAC - 5.1","NalLengthSize":null,"IsInterlaced":false,"IsAVC":false,"ChannelLayout":"5.1","BitRate":191999,"BitDepth":null,"RefFrames":null,"PacketLength":null,"Channels":6,"SampleRate":48000,"IsDefault":false,"IsForced":false,"IsHearingImpaired":false,"Height":null,"Width":null,"AverageFrameRate":null,"RealFrameRate":null,"ReferenceFrameRate":null,"Profile":"HE-AAC","Type":0,"AspectRatio":null,"Index":3,"Score":null,"IsExternal":false,"DeliveryMethod":null,"DeliveryUrl":null,"IsExternalUrl":null,"IsTextSubtitleStream":false,"SupportsExternalStream":false,"Path":null,"PixelFormat":null,"Level":0,"IsAnamorphic":null},{"Codec":"aac","CodecTag":null,"Language":"eng","ColorRange":null,"ColorSpace":null,"ColorTransfer":null,"ColorPrimaries":null,"DvVersionMajor":null,"DvVersionMinor":null,"DvProfile":null,"DvLevel":null,"RpuPresentFlag":null,"ElPresentFlag":null,"BlPresentFlag":null,"DvBlSignalCompatibilityId":null,"Rotation":null,"Comment":null,"TimeBase":"1/1000","CodecTimeBase":null,"Title":"Commentary with Vince Gilligan, Peter Gould, Bob Odenkirk, Michael McKean, Stewart Lyons, Diane Mercer \u0026 Thomas Golubic","VideoRange":0,"VideoRangeType":0,"VideoDoViTitle":null,"AudioSpatialFormat":0,"LocalizedUndefined":null,"LocalizedDefault":"Default","LocalizedForced":null,"LocalizedExternal":"External","LocalizedHearingImpaired":null,"DisplayTitle":"Commentary with Vince Gilligan, Peter Gould, Bob Odenkirk, Michael McKean, Stewart Lyons, Diane Mercer \u0026 Thomas Golubic - English - HE-AAC - Stereo","NalLengthSize":null,"IsInterlaced":false,"IsAVC":false,"ChannelLayout":"stereo","BitRate":79999,"BitDepth":null,"RefFrames":null,"PacketLength":null,"Channels":2,"SampleRate":48000,"IsDefault":false,"IsForced":false,"IsHearingImpaired":false,"Height":null,"Width":null,"AverageFrameRate":null,"RealFrameRate":null,"ReferenceFrameRate":null,"Profile":"HE-AAC","Type":0,"AspectRatio":null,"Index":4,"Score":null,"IsExternal":false,"DeliveryMethod":null,"DeliveryUrl":null,"IsExternalUrl":null,"IsTextSubtitleStream":false,"SupportsExternalStream":false,"Path":null,"PixelFormat":null,"Level":0,"IsAnamorphic":null},{"Codec":"PGSSUB","CodecTag":null,"Language":"eng","ColorRange":null,"ColorSpace":null,"ColorTransfer":null,"ColorPrimaries":null,"DvVersionMajor":null,"DvVersionMinor":null,"DvProfile":null,"DvLevel":null,"RpuPresentFlag":null,"ElPresentFlag":null,"BlPresentFlag":null,"DvBlSignalCompatibilityId":null,"Rotation":null,"Comment":null,"TimeBase":"1/1000","CodecTimeBase":null,"Title":null,"VideoRange":0,"VideoRangeType":0,"VideoDoViTitle":null,"AudioSpatialFormat":0,"LocalizedUndefined":"Undefined","LocalizedDefault":"Default","LocalizedForced":"Forced","LocalizedExternal":"External","LocalizedHearingImpaired":"Hearing Impaired","DisplayTitle":"English - PGSSUB","NalLengthSize":null,"IsInterlaced":false,"IsAVC":false,"ChannelLayout":null,"BitRate":null,"BitDepth":null,"RefFrames":null,"PacketLength":null,"Channels":null,"SampleRate":null,"IsDefault":false,"IsForced":false,"IsHearingImpaired":false,"Height":1080,"Width":1920,"AverageFrameRate":null,"RealFrameRate":null,"ReferenceFrameRate":null,"Profile":null,"Type":2,"AspectRatio":null,"Index":5,"Score":null,"IsExternal":false,"DeliveryMethod":null,"DeliveryUrl":null,"IsExternalUrl":null,"IsTextSubtitleStream":false,"SupportsExternalStream":true,"Path":null,"PixelFormat":null,"Level":0,"IsAnamorphic":null},{"Codec":"PGSSUB","CodecTag":null,"Language":"ara","ColorRange":null,"ColorSpace":null,"ColorTransfer":null,"ColorPrimaries":null,"DvVersionMajor":null,"DvVersionMinor":null,"DvProfile":null,"DvLevel":null,"RpuPresentFlag":null,"ElPresentFlag":null,"BlPresentFlag":null,"DvBlSignalCompatibilityId":null,"Rotation":null,"Comment":null,"TimeBase":"1/1000","CodecTimeBase":null,"Title":null,"VideoRange":0,"VideoRangeType":0,"VideoDoViTitle":null,"AudioSpatialFormat":0,"LocalizedUndefined":"Undefined","LocalizedDefault":"Default","LocalizedForced":"Forced","LocalizedExternal":"External","LocalizedHearingImpaired":"Hearing Impaired","DisplayTitle":"Arabic - PGSSUB","NalLengthSize":null,"IsInterlaced":false,"IsAVC":false,"ChannelLayout":null,"BitRate":null,"BitDepth":null,"RefFrames":null,"PacketLength":null,"Channels":null,"SampleRate":null,"IsDefault":false,"IsForced":false,"IsHearingImpaired":false,"Height":1080,"Width":1920,"AverageFrameRate":null,"RealFrameRate":null,"ReferenceFrameRate":null,"Profile":null,"Type":2,"AspectRatio":null,"Index":6,"Score":null,"IsExternal":false,"DeliveryMethod":null,"DeliveryUrl":null,"IsExternalUrl":null,"IsTextSubtitleStream":false,"SupportsExternalStream":true,"Path":null,"PixelFormat":null,"Level":0,"IsAnamorphic":null},{"Codec":"PGSSUB","CodecTag":null,"Language":"dan","ColorRange":null,"ColorSpace":null,"ColorTransfer":null,"ColorPrimaries":null,"DvVersionMajor":null,"DvVersionMinor":null,"DvProfile":null,"DvLevel":null,"RpuPresentFlag":null,"ElPresentFlag":null,"BlPresentFlag":null,"DvBlSignalCompatibilityId":null,"Rotation":null,"Comment":null,"TimeBase":"1/1000","CodecTimeBase":null,"Title":null,"VideoRange":0,"VideoRangeType":0,"VideoDoViTitle":null,"AudioSpatialFormat":0,"LocalizedUndefined":"Undefined","LocalizedDefault":"Default","LocalizedForced":"Forced","LocalizedExternal":"External","LocalizedHearingImpaired":"Hearing Impaired","DisplayTitle":"Danish - PGSSUB","NalLengthSize":null,"IsInterlaced":false,"IsAVC":false,"ChannelLayout":null,"BitRate":null,"BitDepth":null,"RefFrames":null,"PacketLength":null,"Channels":null,"SampleRate":null,"IsDefault":false,"IsForced":false,"IsHearingImpaired":false,"Height":1080,"Width":1920,"AverageFrameRate":null,"RealFrameRate":null,"ReferenceFrameRate":null,"Profile":null,"Type":2,"AspectRatio":null,"Index":7,"Score":null,"IsExternal":false,"DeliveryMethod":null,"DeliveryUrl":null,"IsExternalUrl":null,"IsTextSubtitleStream":false,"SupportsExternalStream":true,"Path":null,"PixelFormat":null,"Level":0,"IsAnamorphic":null},{"Codec":"PGSSUB","CodecTag":null,"Language":"fin","ColorRange":null,"ColorSpace":null,"ColorTransfer":null,"ColorPrimaries":null,"DvVersionMajor":null,"DvVersionMinor":null,"DvProfile":null,"DvLevel":null,"RpuPresentFlag":null,"ElPresentFlag":null,"BlPresentFlag":null,"DvBlSignalCompatibilityId":null,"Rotation":null,"Comment":null,"TimeBase":"1/1000","CodecTimeBase":null,"Title":null,"VideoRange":0,"VideoRangeType":0,"VideoDoViTitle":null,"AudioSpatialFormat":0,"LocalizedUndefined":"Undefined","LocalizedDefault":"Default","LocalizedForced":"Forced","LocalizedExternal":"External","LocalizedHearingImpaired":"Hearing Impaired","DisplayTitle":"Finnish - PGSSUB","NalLengthSize":null,"IsInterlaced":false,"IsAVC":false,"ChannelLayout":null,"BitRate":null,"BitDepth":null,"RefFrames":null,"PacketLength":null,"Channels":null,"SampleRate":null,"IsDefault":false,"IsForced":false,"IsHearingImpaired":false,"Height":1080,"Width":1920,"AverageFrameRate":null,"RealFrameRate":null,"ReferenceFrameRate":null,"Profile":null,"Type":2,"AspectRatio":null,"Index":8,"Score":null,"IsExternal":false,"DeliveryMethod":null,"DeliveryUrl":null,"IsExternalUrl":null,"IsTextSubtitleStream":false,"SupportsExternalStream":true,"Path":null,"PixelFormat":null,"Level":0,"IsAnamorphic":null},{"Codec":"PGSSUB","CodecTag":null,"Language":"ger","ColorRange":null,"ColorSpace":null,"ColorTransfer":null,"ColorPrimaries":null,"DvVersionMajor":null,"DvVersionMinor":null,"DvProfile":null,"DvLevel":null,"RpuPresentFlag":null,"ElPresentFlag":null,"BlPresentFlag":null,"DvBlSignalCompatibilityId":null,"Rotation":null,"Comment":null,"TimeBase":"1/1000","CodecTimeBase":null,"Title":null,"VideoRange":0,"VideoRangeType":0,"VideoDoViTitle":null,"AudioSpatialFormat":0,"LocalizedUndefined":"Undefined","LocalizedDefault":"Default","LocalizedForced":"Forced","LocalizedExternal":"External","LocalizedHearingImpaired":"Hearing Impaired","DisplayTitle":"Ger - PGSSUB","NalLengthSize":null,"IsInterlaced":false,"IsAVC":false,"ChannelLayout":null,"BitRate":null,"BitDepth":null,"RefFrames":null,"PacketLength":null,"Channels":null,"SampleRate":null,"IsDefault":false,"IsForced":false,"IsHearingImpaired":false,"Height":1080,"Width":1920,"AverageFrameRate":null,"RealFrameRate":null,"ReferenceFrameRate":null,"Profile":null,"Type":2,"AspectRatio":null,"Index":9,"Score":null,"IsExternal":false,"DeliveryMethod":null,"DeliveryUrl":null,"IsExternalUrl":null,"IsTextSubtitleStream":false,"SupportsExternalStream":true,"Path":null,"PixelFormat":null,"Level":0,"IsAnamorphic":null},{"Codec":"PGSSUB","CodecTag":null,"Language":"hin","ColorRange":null,"ColorSpace":null,"ColorTransfer":null,"ColorPrimaries":null,"DvVersionMajor":null,"DvVersionMinor":null,"DvProfile":null,"DvLevel":null,"RpuPresentFlag":null,"ElPresentFlag":null,"BlPresentFlag":null,"DvBlSignalCompatibilityId":null,"Rotation":null,"Comment":null,"TimeBase":"1/1000","CodecTimeBase":null,"Title":null,"VideoRange":0,"VideoRangeType":0,"VideoDoViTitle":null,"AudioSpatialFormat":0,"LocalizedUndefined":"Undefined","LocalizedDefault":"Default","LocalizedForced":"Forced","LocalizedExternal":"External","LocalizedHearingImpaired":"Hearing Impaired","DisplayTitle":"Hindi - PGSSUB","NalLengthSize":null,"IsInterlaced":false,"IsAVC":false,"ChannelLayout":null,"BitRate":null,"BitDepth":null,"RefFrames":null,"PacketLength":null,"Channels":null,"SampleRate":null,"IsDefault":false,"IsForced":false,"IsHearingImpaired":false,"Height":1080,"Width":1920,"AverageFrameRate":null,"RealFrameRate":null,"ReferenceFrameRate":null,"Profile":null,"Type":2,"AspectRatio":null,"Index":10,"Score":null,"IsExternal":false,"DeliveryMethod":null,"DeliveryUrl":null,"IsExternalUrl":null,"IsTextSubtitleStream":false,"SupportsExternalStream":true,"Path":null,"PixelFormat":null,"Level":0,"IsAnamorphic":null},{"Codec":"PGSSUB","CodecTag":null,"Language":"nob","ColorRange":null,"ColorSpace":null,"ColorTransfer":null,"ColorPrimaries":null,"DvVersionMajor":null,"DvVersionMinor":null,"DvProfile":null,"DvLevel":null,"RpuPresentFlag":null,"ElPresentFlag":null,"BlPresentFlag":null,"DvBlSignalCompatibilityId":null,"Rotation":null,"Comment":null,"TimeBase":"1/1000","CodecTimeBase":null,"Title":null,"VideoRange":0,"VideoRangeType":0,"VideoDoViTitle":null,"AudioSpatialFormat":0,"LocalizedUndefined":"Undefined","LocalizedDefault":"Default","LocalizedForced":"Forced","LocalizedExternal":"External","LocalizedHearingImpaired":"Hearing Impaired","DisplayTitle":"Norwegian Bokm\u00E5l - PGSSUB","NalLengthSize":null,"IsInterlaced":false,"IsAVC":false,"ChannelLayout":null,"BitRate":null,"BitDepth":null,"RefFrames":null,"PacketLength":null,"Channels":null,"SampleRate":null,"IsDefault":false,"IsForced":false,"IsHearingImpaired":false,"Height":1080,"Width":1920,"AverageFrameRate":null,"RealFrameRate":null,"ReferenceFrameRate":null,"Profile":null,"Type":2,"AspectRatio":null,"Index":11,"Score":null,"IsExternal":false,"DeliveryMethod":null,"DeliveryUrl":null,"IsExternalUrl":null,"IsTextSubtitleStream":false,"SupportsExternalStream":true,"Path":null,"PixelFormat":null,"Level":0,"IsAnamorphic":null},{"Codec":"PGSSUB","CodecTag":null,"Language":"pol","ColorRange":null,"ColorSpace":null,"ColorTransfer":null,"ColorPrimaries":null,"DvVersionMajor":null,"DvVersionMinor":null,"DvProfile":null,"DvLevel":null,"RpuPresentFlag":null,"ElPresentFlag":null,"BlPresentFlag":null,"DvBlSignalCompatibilityId":null,"Rotation":null,"Comment":null,"TimeBase":"1/1000","CodecTimeBase":null,"Title":null,"VideoRange":0,"VideoRangeType":0,"VideoDoViTitle":null,"AudioSpatialFormat":0,"LocalizedUndefined":"Undefined","LocalizedDefault":"Default","LocalizedForced":"Forced","LocalizedExternal":"External","LocalizedHearingImpaired":"Hearing Impaired","DisplayTitle":"Polish - PGSSUB","NalLengthSize":null,"IsInterlaced":false,"IsAVC":false,"ChannelLayout":null,"BitRate":null,"BitDepth":null,"RefFrames":null,"PacketLength":null,"Channels":null,"SampleRate":null,"IsDefault":false,"IsForced":false,"IsHearingImpaired":false,"Height":1080,"Width":1920,"AverageFrameRate":null,"RealFrameRate":null,"ReferenceFrameRate":null,"Profile":null,"Type":2,"AspectRatio":null,"Index":12,"Score":null,"IsExternal":false,"DeliveryMethod":null,"DeliveryUrl":null,"IsExternalUrl":null,"IsTextSubtitleStream":false,"SupportsExternalStream":true,"Path":null,"PixelFormat":null,"Level":0,"IsAnamorphic":null},{"Codec":"PGSSUB","CodecTag":null,"Language":"spa","ColorRange":null,"ColorSpace":null,"ColorTransfer":null,"ColorPrimaries":null,"DvVersionMajor":null,"DvVersionMinor":null,"DvProfile":null,"DvLevel":null,"RpuPresentFlag":null,"ElPresentFlag":null,"BlPresentFlag":null,"DvBlSignalCompatibilityId":null,"Rotation":null,"Comment":null,"TimeBase":"1/1000","CodecTimeBase":null,"Title":null,"VideoRange":0,"VideoRangeType":0,"VideoDoViTitle":null,"AudioSpatialFormat":0,"LocalizedUndefined":"Undefined","LocalizedDefault":"Default","LocalizedForced":"Forced","LocalizedExternal":"External","LocalizedHearingImpaired":"Hearing Impaired","DisplayTitle":"Spanish - PGSSUB","NalLengthSize":null,"IsInterlaced":false,"IsAVC":false,"ChannelLayout":null,"BitRate":null,"BitDepth":null,"RefFrames":null,"PacketLength":null,"Channels":null,"SampleRate":null,"IsDefault":false,"IsForced":false,"IsHearingImpaired":false,"Height":1080,"Width":1920,"AverageFrameRate":null,"RealFrameRate":null,"ReferenceFrameRate":null,"Profile":null,"Type":2,"AspectRatio":null,"Index":13,"Score":null,"IsExternal":false,"DeliveryMethod":null,"DeliveryUrl":null,"IsExternalUrl":null,"IsTextSubtitleStream":false,"SupportsExternalStream":true,"Path":null,"PixelFormat":null,"Level":0,"IsAnamorphic":null},{"Codec":"PGSSUB","CodecTag":null,"Language":"swe","ColorRange":null,"ColorSpace":null,"ColorTransfer":null,"ColorPrimaries":null,"DvVersionMajor":null,"DvVersionMinor":null,"DvProfile":null,"DvLevel":null,"RpuPresentFlag":null,"ElPresentFlag":null,"BlPresentFlag":null,"DvBlSignalCompatibilityId":null,"Rotation":null,"Comment":null,"TimeBase":"1/1000","CodecTimeBase":null,"Title":null,"VideoRange":0,"VideoRangeType":0,"VideoDoViTitle":null,"AudioSpatialFormat":0,"LocalizedUndefined":"Undefined","LocalizedDefault":"Default","LocalizedForced":"Forced","LocalizedExternal":"External","LocalizedHearingImpaired":"Hearing Impaired","DisplayTitle":"Swedish - PGSSUB","NalLengthSize":null,"IsInterlaced":false,"IsAVC":false,"ChannelLayout":null,"BitRate":null,"BitDepth":null,"RefFrames":null,"PacketLength":null,"Channels":null,"SampleRate":null,"IsDefault":false,"IsForced":false,"IsHearingImpaired":false,"Height":1080,"Width":1920,"AverageFrameRate":null,"RealFrameRate":null,"ReferenceFrameRate":null,"Profile":null,"Type":2,"AspectRatio":null,"Index":14,"Score":null,"IsExternal":false,"DeliveryMethod":null,"DeliveryUrl":null,"IsExternalUrl":null,"IsTextSubtitleStream":false,"SupportsExternalStream":true,"Path":null,"PixelFormat":null,"Level":0,"IsAnamorphic":null},{"Codec":"PGSSUB","CodecTag":null,"Language":"tur","ColorRange":null,"ColorSpace":null,"ColorTransfer":null,"ColorPrimaries":null,"DvVersionMajor":null,"DvVersionMinor":null,"DvProfile":null,"DvLevel":null,"RpuPresentFlag":null,"ElPresentFlag":null,"BlPresentFlag":null,"DvBlSignalCompatibilityId":null,"Rotation":null,"Comment":null,"TimeBase":"1/1000","CodecTimeBase":null,"Title":null,"VideoRange":0,"VideoRangeType":0,"VideoDoViTitle":null,"AudioSpatialFormat":0,"LocalizedUndefined":"Undefined","LocalizedDefault":"Default","LocalizedForced":"Forced","LocalizedExternal":"External","LocalizedHearingImpaired":"Hearing Impaired","DisplayTitle":"Turkish - PGSSUB","NalLengthSize":null,"IsInterlaced":false,"IsAVC":false,"ChannelLayout":null,"BitRate":null,"BitDepth":null,"RefFrames":null,"PacketLength":null,"Channels":null,"SampleRate":null,"IsDefault":false,"IsForced":false,"IsHearingImpaired":false,"Height":1080,"Width":1920,"AverageFrameRate":null,"RealFrameRate":null,"ReferenceFrameRate":null,"Profile":null,"Type":2,"AspectRatio":null,"Index":15,"Score":null,"IsExternal":false,"DeliveryMethod":null,"DeliveryUrl":null,"IsExternalUrl":null,"IsTextSubtitleStream":false,"SupportsExternalStream":true,"Path":null,"PixelFormat":null,"Level":0,"IsAnamorphic":null},{"Codec":"PGSSUB","CodecTag":null,"Language":"eng","ColorRange":null,"ColorSpace":null,"ColorTransfer":null,"ColorPrimaries":null,"DvVersionMajor":null,"DvVersionMinor":null,"DvProfile":null,"DvLevel":null,"RpuPresentFlag":null,"ElPresentFlag":null,"BlPresentFlag":null,"DvBlSignalCompatibilityId":null,"Rotation":null,"Comment":null,"TimeBase":"1/1000","CodecTimeBase":null,"Title":"Commentary with Vince Gilligan, Peter Gould, Bob Odenkirk, Michael McKean, Stewart Lyons, Diane Mercer \u0026 Thomas Golubic","VideoRange":0,"VideoRangeType":0,"VideoDoViTitle":null,"AudioSpatialFormat":0,"LocalizedUndefined":"Undefined","LocalizedDefault":"Default","LocalizedForced":"Forced","LocalizedExternal":"External","LocalizedHearingImpaired":"Hearing Impaired","DisplayTitle":"Commentary with Vince Gilligan, Peter Gould, Bob Odenkirk, Michael McKean, Stewart Lyons, Diane Mercer \u0026 Thomas Golubic - English - PGSSUB","NalLengthSize":null,"IsInterlaced":false,"IsAVC":false,"ChannelLayout":null,"BitRate":null,"BitDepth":null,"RefFrames":null,"PacketLength":null,"Channels":null,"SampleRate":null,"IsDefault":false,"IsForced":false,"IsHearingImpaired":false,"Height":1080,"Width":1920,"AverageFrameRate":null,"RealFrameRate":null,"ReferenceFrameRate":null,"Profile":null,"Type":2,"AspectRatio":null,"Index":16,"Score":null,"IsExternal":false,"DeliveryMethod":null,"DeliveryUrl":null,"IsExternalUrl":null,"IsTextSubtitleStream":false,"SupportsExternalStream":true,"Path":null,"PixelFormat":null,"Level":0,"IsAnamorphic":null},{"Codec":"PGSSUB","CodecTag":null,"Language":"ger","ColorRange":null,"ColorSpace":null,"ColorTransfer":null,"ColorPrimaries":null,"DvVersionMajor":null,"DvVersionMinor":null,"DvProfile":null,"DvLevel":null,"RpuPresentFlag":null,"ElPresentFlag":null,"BlPresentFlag":null,"DvBlSignalCompatibilityId":null,"Rotation":null,"Comment":null,"TimeBase":"1/1000","CodecTimeBase":null,"Title":"Commentary with Vince Gilligan, Peter Gould, Bob Odenkirk, Michael McKean, Stewart Lyons, Diane Mercer \u0026 Thomas Golubic","VideoRange":0,"VideoRangeType":0,"VideoDoViTitle":null,"AudioSpatialFormat":0,"LocalizedUndefined":"Undefined","LocalizedDefault":"Default","LocalizedForced":"Forced","LocalizedExternal":"External","LocalizedHearingImpaired":"Hearing Impaired","DisplayTitle":"Commentary with Vince Gilligan, Peter Gould, Bob Odenkirk, Michael McKean, Stewart Lyons, Diane Mercer \u0026 Thomas Golubic - Ger - PGSSUB","NalLengthSize":null,"IsInterlaced":false,"IsAVC":false,"ChannelLayout":null,"BitRate":null,"BitDepth":null,"RefFrames":null,"PacketLength":null,"Channels":null,"SampleRate":null,"IsDefault":false,"IsForced":false,"IsHearingImpaired":false,"Height":1080,"Width":1920,"AverageFrameRate":null,"RealFrameRate":null,"ReferenceFrameRate":null,"Profile":null,"Type":2,"AspectRatio":null,"Index":17,"Score":null,"IsExternal":false,"DeliveryMethod":null,"DeliveryUrl":null,"IsExternalUrl":null,"IsTextSubtitleStream":false,"SupportsExternalStream":true,"Path":null,"PixelFormat":null,"Level":0,"IsAnamorphic":null},{"Codec":"PGSSUB","CodecTag":null,"Language":"spa","ColorRange":null,"ColorSpace":null,"ColorTransfer":null,"ColorPrimaries":null,"DvVersionMajor":null,"DvVersionMinor":null,"DvProfile":null,"DvLevel":null,"RpuPresentFlag":null,"ElPresentFlag":null,"BlPresentFlag":null,"DvBlSignalCompatibilityId":null,"Rotation":null,"Comment":null,"TimeBase":"1/1000","CodecTimeBase":null,"Title":"Commentary with Vince Gilligan, Peter Gould, Bob Odenkirk, Michael McKean, Stewart Lyons, Diane Mercer \u0026 Thomas Golubic","VideoRange":0,"VideoRangeType":0,"VideoDoViTitle":null,"AudioSpatialFormat":0,"LocalizedUndefined":"Undefined","LocalizedDefault":"Default","LocalizedForced":"Forced","LocalizedExternal":"External","LocalizedHearingImpaired":"Hearing Impaired","DisplayTitle":"Commentary with Vince Gilligan, Peter Gould, Bob Odenkirk, Michael McKean, Stewart Lyons, Diane Mercer \u0026 Thomas Golubic - Spanish - PGSSUB","NalLengthSize":null,"IsInterlaced":false,"IsAVC":false,"ChannelLayout":null,"BitRate":null,"BitDepth":null,"RefFrames":null,"PacketLength":null,"Channels":null,"SampleRate":null,"IsDefault":false,"IsForced":false,"IsHearingImpaired":false,"Height":1080,"Width":1920,"AverageFrameRate":null,"RealFrameRate":null,"ReferenceFrameRate":null,"Profile":null,"Type":2,"AspectRatio":null,"Index":18,"Score":null,"IsExternal":false,"DeliveryMethod":null,"DeliveryUrl":null,"IsExternalUrl":null,"IsTextSubtitleStream":false,"SupportsExternalStream":true,"Path":null,"PixelFormat":null,"Level":0,"IsAnamorphic":null}],"MediaAttachments":[],"Formats":[],"Bitrate":6279596,"FallbackMaxStreamingBitrate":null,"Timestamp":null,"RequiredHttpHeaders":{},"TranscodingUrl":null,"TranscodingSubProtocol":0,"TranscodingContainer":null,"AnalyzeDurationMs":null,"DefaultAudioStreamIndex":null,"DefaultSubtitleStreamIndex":null,"HasSegments":false}

/usr/lib/jellyfin-ffmpeg/ffmpeg -analyzeduration 200M -probesize 1G -fflags +genpts  -i file:"/shows/Better Call Saul/Season 1/Better Call Saul (2015) - S01E01 - Uno (1080p BluRay x265 RZeroX).mkv" -map_metadata -1 -map_chapters -1 -threads 0 -map 0:0 -map 0:1 -map -0:s -codec:v:0 copy -tag:v:0 hvc1 -bsf:v hevc_mp4toannexb -start_at_zero -codec:a:0 libfdk_aac -ac 2 -ab 256000 -af "volume=2" -copyts -avoid_negative_ts disabled -max_muxing_queue_size 2048 -f hls -max_delay 5000000 -hls_time 6 -hls_segment_type fmp4 -hls_fmp4_init_filename "df5250d8f92e927d7328bab68bab69e4-1.mp4" -start_number 0 -hls_segment_filename "/cache/transcodes/df5250d8f92e927d7328bab68bab69e4%d.mp4" -hls_playlist_type vod -hls_list_size 0 -y "/cache/transcodes/df5250d8f92e927d7328bab68bab69e4.m3u8"


ffmpeg version 7.0.2-Jellyfin Copyright (c) 2000-2024 the FFmpeg developers
  built with gcc 12 (Debian 12.2.0-14)
  configuration: --prefix=/usr/lib/jellyfin-ffmpeg --target-os=linux --extra-version=Jellyfin --disable-doc --disable-ffplay --disable-ptx-compression --disable-static --disable-libxcb --disable-sdl2 --disable-xlib --enable-lto=auto --enable-gpl --enable-version3 --enable-shared --enable-gmp --enable-gnutls --enable-chromaprint --enable-opencl --enable-libdrm --enable-libxml2 --enable-libass --enable-libfreetype --enable-libfribidi --enable-libfontconfig --enable-libharfbuzz --enable-libbluray --enable-libmp3lame --enable-libopus --enable-libtheora --enable-libvorbis --enable-libopenmpt --enable-libdav1d --enable-libsvtav1 --enable-libwebp --enable-libvpx --enable-libx264 --enable-libx265 --enable-libzvbi --enable-libzimg --enable-libfdk-aac --arch=amd64 --enable-libshaderc --enable-libplacebo --enable-vulkan --enable-vaapi --enable-amf --enable-libvpl --enable-ffnvcodec --enable-cuda --enable-cuda-llvm --enable-cuvid --enable-nvdec --enable-nvenc
  libavutil      59.  8.100 / 59.  8.100
  libavcodec     61.  3.100 / 61.  3.100
  libavformat    61.  1.100 / 61.  1.100
  libavdevice    61.  1.100 / 61.  1.100
  libavfilter    10.  1.100 / 10.  1.100
  libswscale      8.  1.100 /  8.  1.100
  libswresample   5.  1.100 /  5.  1.100
  libpostproc    58.  1.100 / 58.  1.100
Input #0, matroska,webm, from 'file:/shows/Better Call Saul/Season 1/Better Call Saul (2015) - S01E01 - Uno (1080p BluRay x265 RZeroX).mkv':
  Metadata:
    title           : Better Call Saul - Season 01 - Disc 1
    encoder         : libebml v1.3.6 + libmatroska v1.4.9
    creation_time   : 2018-08-07T15:54:02.000000Z
  Duration: 00:53:05.28, start: 0.000000, bitrate: 5412 kb/s
  Chapters:
    Chapter #0:0: start 0.000000, end 377.085042
      Metadata:
        title           : Chapter 01
    Chapter #0:1: start 377.085042, end 1418.625542
      Metadata:
        title           : Chapter 02
    Chapter #0:2: start 1418.625542, end 1835.375208
      Metadata:
        title           : Chapter 03
    Chapter #0:3: start 1835.375208, end 2362.902208
      Metadata:
        title           : Chapter 04
    Chapter #0:4: start 2362.902208, end 2732.020958
      Metadata:
        title           : Chapter 05
    Chapter #0:5: start 2732.020958, end 3140.387250
      Metadata:
        title           : Chapter 06
    Chapter #0:6: start 3140.387250, end 3185.184000
      Metadata:
        title           : Chapter 07
  Stream #0:0: Video: hevc (Main 10), yuv420p10le(tv), 1920x1080, SAR 1:1 DAR 16:9, 23.98 fps, 23.98 tbr, 1k tbn (default)
      Metadata:
        BPS-eng         : 4296890
        DURATION-eng    : 00:53:05.182000000
        NUMBER_OF_FRAMES-eng: 76368
        NUMBER_OF_BYTES-eng: 1710797340
        _STATISTICS_WRITING_APP-eng: mkvmerge v25.0.0 ('Prog Noir') 64-bit
        _STATISTICS_WRITING_DATE_UTC-eng: 2018-08-07 15:54:02
        _STATISTICS_TAGS-eng: BPS DURATION NUMBER_OF_FRAMES NUMBER_OF_BYTES
  Stream #0:1(eng): Audio: aac (LC), 48000 Hz, 5.1, fltp
      Metadata:
        BPS-eng         : 403342
        DURATION-eng    : 00:53:05.173000000
        NUMBER_OF_FRAMES-eng: 149305
        NUMBER_OF_BYTES-eng: 160589609
        _STATISTICS_WRITING_APP-eng: mkvmerge v25.0.0 ('Prog Noir') 64-bit
        _STATISTICS_WRITING_DATE_UTC-eng: 2018-08-07 15:54:02
        _STATISTICS_TAGS-eng: BPS DURATION NUMBER_OF_FRAMES NUMBER_OF_BYTES
  Stream #0:2(ger): Audio: aac (HE-AAC), 48000 Hz, 5.1, fltp
      Metadata:
        BPS-eng         : 191999
        DURATION-eng    : 00:53:05.238000000
        NUMBER_OF_FRAMES-eng: 74654
        NUMBER_OF_BYTES-eng: 76445498
        _STATISTICS_WRITING_APP-eng: mkvmerge v25.0.0 ('Prog Noir') 64-bit
        _STATISTICS_WRITING_DATE_UTC-eng: 2018-08-07 15:54:02
        _STATISTICS_TAGS-eng: BPS DURATION NUMBER_OF_FRAMES NUMBER_OF_BYTES
  Stream #0:3(spa): Audio: aac (HE-AAC), 48000 Hz, 5.1, fltp
      Metadata:
        BPS-eng         : 191999
        DURATION-eng    : 00:53:05.238000000
        NUMBER_OF_FRAMES-eng: 74654
        NUMBER_OF_BYTES-eng: 76445414
        _STATISTICS_WRITING_APP-eng: mkvmerge v25.0.0 ('Prog Noir') 64-bit
        _STATISTICS_WRITING_DATE_UTC-eng: 2018-08-07 15:54:02
        _STATISTICS_TAGS-eng: BPS DURATION NUMBER_OF_FRAMES NUMBER_OF_BYTES
  Stream #0:4(eng): Audio: aac (HE-AAC), 48000 Hz, stereo, fltp
      Metadata:
        title           : Commentary with Vince Gilligan, Peter Gould, Bob Odenkirk, Michael McKean, Stewart Lyons, Diane Mercer & Thomas Golubic
        BPS-eng         : 79999
        DURATION-eng    : 00:53:05.238000000
        NUMBER_OF_FRAMES-eng: 74654
        NUMBER_OF_BYTES-eng: 31852177
        _STATISTICS_WRITING_APP-eng: mkvmerge v25.0.0 ('Prog Noir') 64-bit
        _STATISTICS_WRITING_DATE_UTC-eng: 2018-08-07 15:54:02
        _STATISTICS_TAGS-eng: BPS DURATION NUMBER_OF_FRAMES NUMBER_OF_BYTES
  Stream #0:5(eng): Subtitle: hdmv_pgs_subtitle (pgssub), 1920x1080
      Metadata:
        BPS-eng         : 40341
        DURATION-eng    : 00:49:09.863000000
        NUMBER_OF_FRAMES-eng: 1264
        NUMBER_OF_BYTES-eng: 14875252
        _STATISTICS_WRITING_APP-eng: mkvmerge v25.0.0 ('Prog Noir') 64-bit
        _STATISTICS_WRITING_DATE_UTC-eng: 2018-08-07 15:54:02
        _STATISTICS_TAGS-eng: BPS DURATION NUMBER_OF_FRAMES NUMBER_OF_BYTES
  Stream #0:6(ara): Subtitle: hdmv_pgs_subtitle (pgssub), 1920x1080
      Metadata:
        BPS-eng         : 22446
        DURATION-eng    : 00:51:37.803000000
        NUMBER_OF_FRAMES-eng: 1300
        NUMBER_OF_BYTES-eng: 8691986
        _STATISTICS_WRITING_APP-eng: mkvmerge v25.0.0 ('Prog Noir') 64-bit
        _STATISTICS_WRITING_DATE_UTC-eng: 2018-08-07 15:54:02
        _STATISTICS_TAGS-eng: BPS DURATION NUMBER_OF_FRAMES NUMBER_OF_BYTES
  Stream #0:7(dan): Subtitle: hdmv_pgs_subtitle (pgssub), 1920x1080
      Metadata:
        BPS-eng         : 34934
        DURATION-eng    : 00:51:37.803000000
        NUMBER_OF_FRAMES-eng: 1264
        NUMBER_OF_BYTES-eng: 13527445
        _STATISTICS_WRITING_APP-eng: mkvmerge v25.0.0 ('Prog Noir') 64-bit
        _STATISTICS_WRITING_DATE_UTC-eng: 2018-08-07 15:54:02
        _STATISTICS_TAGS-eng: BPS DURATION NUMBER_OF_FRAMES NUMBER_OF_BYTES
  Stream #0:8(fin): Subtitle: hdmv_pgs_subtitle (pgssub), 1920x1080
      Metadata:
        BPS-eng         : 33105
        DURATION-eng    : 00:51:37.803000000
        NUMBER_OF_FRAMES-eng: 1140
        NUMBER_OF_BYTES-eng: 12819298
        _STATISTICS_WRITING_APP-eng: mkvmerge v25.0.0 ('Prog Noir') 64-bit
        _STATISTICS_WRITING_DATE_UTC-eng: 2018-08-07 15:54:02
        _STATISTICS_TAGS-eng: BPS DURATION NUMBER_OF_FRAMES NUMBER_OF_BYTES
  Stream #0:9(ger): Subtitle: hdmv_pgs_subtitle (pgssub), 1920x1080
      Metadata:
        BPS-eng         : 38678
        DURATION-eng    : 00:51:37.803000000
        NUMBER_OF_FRAMES-eng: 1262
        NUMBER_OF_BYTES-eng: 14977276
        _STATISTICS_WRITING_APP-eng: mkvmerge v25.0.0 ('Prog Noir') 64-bit
        _STATISTICS_WRITING_DATE_UTC-eng: 2018-08-07 15:54:02
        _STATISTICS_TAGS-eng: BPS DURATION NUMBER_OF_FRAMES NUMBER_OF_BYTES
  Stream #0:10(hin): Subtitle: hdmv_pgs_subtitle (pgssub), 1920x1080
      Metadata:
        BPS-eng         : 30589
        DURATION-eng    : 00:51:37.803000000
        NUMBER_OF_FRAMES-eng: 1300
        NUMBER_OF_BYTES-eng: 11845001
        _STATISTICS_WRITING_APP-eng: mkvmerge v25.0.0 ('Prog Noir') 64-bit
        _STATISTICS_WRITING_DATE_UTC-eng: 2018-08-07 15:54:02
        _STATISTICS_TAGS-eng: BPS DURATION NUMBER_OF_FRAMES NUMBER_OF_BYTES
  Stream #0:11(nob): Subtitle: hdmv_pgs_subtitle (pgssub), 1920x1080
      Metadata:
        BPS-eng         : 34414
        DURATION-eng    : 00:51:37.803000000
        NUMBER_OF_FRAMES-eng: 1248
        NUMBER_OF_BYTES-eng: 13326303
        _STATISTICS_WRITING_APP-eng: mkvmerge v25.0.0 ('Prog Noir') 64-bit
        _STATISTICS_WRITING_DATE_UTC-eng: 2018-08-07 15:54:02
        _STATISTICS_TAGS-eng: BPS DURATION NUMBER_OF_FRAMES NUMBER_OF_BYTES
  Stream #0:12(pol): Subtitle: hdmv_pgs_subtitle (pgssub), 1920x1080
      Metadata:
        BPS-eng         : 32094
        DURATION-eng    : 00:51:37.803000000
        NUMBER_OF_FRAMES-eng: 1286
        NUMBER_OF_BYTES-eng: 12427948
        _STATISTICS_WRITING_APP-eng: mkvmerge v25.0.0 ('Prog Noir') 64-bit
        _STATISTICS_WRITING_DATE_UTC-eng: 2018-08-07 15:54:02
        _STATISTICS_TAGS-eng: BPS DURATION NUMBER_OF_FRAMES NUMBER_OF_BYTES
  Stream #0:13(spa): Subtitle: hdmv_pgs_subtitle (pgssub), 1920x1080
      Metadata:
        BPS-eng         : 34826
        DURATION-eng    : 00:51:37.803000000
        NUMBER_OF_FRAMES-eng: 1290
        NUMBER_OF_BYTES-eng: 13485762
        _STATISTICS_WRITING_APP-eng: mkvmerge v25.0.0 ('Prog Noir') 64-bit
        _STATISTICS_WRITING_DATE_UTC-eng: 2018-08-07 15:54:02
        _STATISTICS_TAGS-eng: BPS DURATION NUMBER_OF_FRAMES NUMBER_OF_BYTES
  Stream #0:14(swe): Subtitle: hdmv_pgs_subtitle (pgssub), 1920x1080
      Metadata:
        BPS-eng         : 34026
        DURATION-eng    : 00:52:35.319000000
        NUMBER_OF_FRAMES-eng: 1180
        NUMBER_OF_BYTES-eng: 13420638
        _STATISTICS_WRITING_APP-eng: mkvmerge v25.0.0 ('Prog Noir') 64-bit
        _STATISTICS_WRITING_DATE_UTC-eng: 2018-08-07 15:54:02
        _STATISTICS_TAGS-eng: BPS DURATION NUMBER_OF_FRAMES NUMBER_OF_BYTES
  Stream #0:15(tur): Subtitle: hdmv_pgs_subtitle (pgssub), 1920x1080
      Metadata:
        BPS-eng         : 36425
        DURATION-eng    : 00:51:37.803000000
        NUMBER_OF_FRAMES-eng: 1292
        NUMBER_OF_BYTES-eng: 14104853
        _STATISTICS_WRITING_APP-eng: mkvmerge v25.0.0 ('Prog Noir') 64-bit
        _STATISTICS_WRITING_DATE_UTC-eng: 2018-08-07 15:54:02
        _STATISTICS_TAGS-eng: BPS DURATION NUMBER_OF_FRAMES NUMBER_OF_BYTES
  Stream #0:16(eng): Subtitle: hdmv_pgs_subtitle (pgssub), 1920x1080
      Metadata:
        title           : Commentary with Vince Gilligan, Peter Gould, Bob Odenkirk, Michael McKean, Stewart Lyons, Diane Mercer & Thomas Golubic
        BPS-eng         : 71490
        DURATION-eng    : 00:52:53.170000000
        NUMBER_OF_FRAMES-eng: 2060
        NUMBER_OF_BYTES-eng: 28356549
        _STATISTICS_WRITING_APP-eng: mkvmerge v25.0.0 ('Prog Noir') 64-bit
        _STATISTICS_WRITING_DATE_UTC-eng: 2018-08-07 15:54:02
        _STATISTICS_TAGS-eng: BPS DURATION NUMBER_OF_FRAMES NUMBER_OF_BYTES
  Stream #0:17(ger): Subtitle: hdmv_pgs_subtitle (pgssub), 1920x1080
      Metadata:
        title           : Commentary with Vince Gilligan, Peter Gould, Bob Odenkirk, Michael McKean, Stewart Lyons, Diane Mercer & Thomas Golubic
        BPS-eng         : 64503
        DURATION-eng    : 00:52:53.170000000
        NUMBER_OF_FRAMES-eng: 2024
        NUMBER_OF_BYTES-eng: 25585155
        _STATISTICS_WRITING_APP-eng: mkvmerge v25.0.0 ('Prog Noir') 64-bit
        _STATISTICS_WRITING_DATE_UTC-eng: 2018-08-07 15:54:02
        _STATISTICS_TAGS-eng: BPS DURATION NUMBER_OF_FRAMES NUMBER_OF_BYTES
  Stream #0:18(spa): Subtitle: hdmv_pgs_subtitle (pgssub), 1920x1080
      Metadata:
        title           : Commentary with Vince Gilligan, Peter Gould, Bob Odenkirk, Michael McKean, Stewart Lyons, Diane Mercer & Thomas Golubic
        BPS-eng         : 60401
        DURATION-eng    : 00:52:53.170000000
        NUMBER_OF_FRAMES-eng: 2060
        NUMBER_OF_BYTES-eng: 23958032
        _STATISTICS_WRITING_APP-eng: mkvmerge v25.0.0 ('Prog Noir') 64-bit
        _STATISTICS_WRITING_DATE_UTC-eng: 2018-08-07 15:54:02
        _STATISTICS_TAGS-eng: BPS DURATION NUMBER_OF_FRAMES NUMBER_OF_BYTES
Stream mapping:
  Stream #0:0 -> #0:0 (copy)
  Stream #0:1 -> #0:1 (aac (native) -> aac (libfdk_aac))
Press [q] to stop, [?] for help
[hls @ 0x55fd02faa700] Opening '/cache/transcodes/df5250d8f92e927d7328bab68bab69e4-1.mp4' for writing
Output #0, hls, to '/cache/transcodes/df5250d8f92e927d7328bab68bab69e4.m3u8':
  Metadata:
    encoder         : Lavf61.1.100
  Stream #0:0: Video: hevc (Main 10) (hvc1 / 0x31637668), yuv420p10le(tv), 1920x1080 [SAR 1:1 DAR 16:9], q=2-31, 23.98 fps, 23.98 tbr, 16k tbn (default)
  Stream #0:1: Audio: aac, 48000 Hz, stereo, s16, 256 kb/s
      Metadata:
        encoder         : Lavc61.3.100 libfdk_aac
[hls @ 0x55fd02faa700] Opening '/cache/transcodes/df5250d8f92e927d7328bab68bab69e40.mp4' for writing
[mp4 @ 0x7f5a8005c2c0] Packet duration: -16 / dts: 592824 is out of range
[hls @ 0x55fd02faa700] Opening '/cache/transcodes/df5250d8f92e927d7328bab68bab69e41.mp4' for writing
[mp4 @ 0x7f5a8005c2c0] Packet duration: -16 / dts: 1087368 is out of range
[hls @ 0x55fd02faa700] Opening '/cache/transcodes/df5250d8f92e927d7328bab68bab69e42.mp4' for writing
size=N/A time=00:00:00.00 bitrate=N/A speed=   0x    
[hls @ 0x55fd02faa700] Opening '/cache/transcodes/df5250d8f92e927d7328bab68bab69e43.mp4' for writing
[mp4 @ 0x7f5a8005c2c0] Packet duration: -8 / dts: 2088888 is out of range
[hls @ 0x55fd02faa700] Opening '/cache/transcodes/df5250d8f92e927d7328bab68bab69e44.mp4' for writing
[mp4 @ 0x7f5a8005c2c0] Packet duration: -8 / dts: 2583480 is out of range
[hls @ 0x55fd02faa700] Opening '/cache/transcodes/df5250d8f92e927d7328bab68bab69e45.mp4' for writing
[mp4 @ 0x7f5a8005c2c0] Packet duration: -16 / dts: 3089304 is out of range
[hls @ 0x55fd02faa700] Opening '/cache/transcodes/df5250d8f92e927d7328bab68bab69e46.mp4' for writing
size=N/A time=00:00:41.08 bitrate=N/A speed=41.1x    
[hls @ 0x55fd02faa700] Opening '/cache/transcodes/df5250d8f92e927d7328bab68bab69e47.mp4' for writing
[hls @ 0x55fd02faa700] Opening '/cache/transcodes/df5250d8f92e927d7328bab68bab69e48.mp4' for writing
[hls @ 0x55fd02faa700] Opening '/cache/transcodes/df5250d8f92e927d7328bab68bab69e49.mp4' for writing
[mp4 @ 0x7f5a8005c2c0] Packet duration: -16 / dts: 5087112 is out of range
[hls @ 0x55fd02faa700] Opening '/cache/transcodes/df5250d8f92e927d7328bab68bab69e410.mp4' for writing
[mp4 @ 0x7f5a8005c2c0] Packet duration: -16 / dts: 5587848 is out of range
size=N/A time=00:01:23.60 bitrate=N/A speed=55.7x    
[hls @ 0x55fd02faa700] Opening '/cache/transcodes/df5250d8f92e927d7328bab68bab69e411.mp4' for writing
[mp4 @ 0x7f5a8005c2c0] Packet duration: -16 / dts: 6088632 is out of range
[hls @ 0x55fd02faa700] Opening '/cache/transcodes/df5250d8f92e927d7328bab68bab69e412.mp4' for writing
[hls @ 0x55fd02faa700] Opening '/cache/transcodes/df5250d8f92e927d7328bab68bab69e413.mp4' for writing
[mp4 @ 0x7f5a8005c2c0] Packet duration: -16 / dts: 7091112 is out of range
[hls @ 0x55fd02faa700] Opening '/cache/transcodes/df5250d8f92e927d7328bab68bab69e414.mp4' for writing
size=N/A time=00:02:04.43 bitrate=N/A speed=62.2x    
[hls @ 0x55fd02faa700] Opening '/cache/transcodes/df5250d8f92e927d7328bab68bab69e415.mp4' for writing
[hls @ 0x55fd02faa700] Opening '/cache/transcodes/df5250d8f92e927d7328bab68bab69e416.mp4' for writing
[hls @ 0x55fd02faa700] Opening '/cache/transcodes/df5250d8f92e927d7328bab68bab69e417.mp4' for writing
size=N/A time=00:02:32.25 bitrate=N/A speed=60.9x    
[hls @ 0x55fd02faa700] Opening '/cache/transcodes/df5250d8f92e927d7328bab68bab69e418.mp4' for writing
[hls @ 0x55fd02faa700] Opening '/cache/transcodes/df5250d8f92e927d7328bab68bab69e419.mp4' for writing
[hls @ 0x55fd02faa700] Opening '/cache/transcodes/df5250d8f92e927d7328bab68bab69e420.mp4' for writing
[hls @ 0x55fd02faa700] Opening '/cache/transcodes/df5250d8f92e927d7328bab68bab69e421.mp4' for writing
size=N/A time=00:03:11.31 bitrate=N/A speed=63.8x    
[hls @ 0x55fd02faa700] Opening '/cache/transcodes/df5250d8f92e927d7328bab68bab69e422.mp4' for writing
[hls @ 0x55fd02faa700] Opening '/cache/transcodes/df5250d8f92e927d7328bab68bab69e423.mp4' for writing
[hls @ 0x55fd02faa700] Opening '/cache/transcodes/df5250d8f92e927d7328bab68bab69e424.mp4' for writing
size=N/A time=00:03:50.50 bitrate=N/A speed=65.8x    
[hls @ 0x55fd02faa700] Opening '/cache/transcodes/df5250d8f92e927d7328bab68bab69e425.mp4' for writing
[hls @ 0x55fd02faa700] Opening '/cache/transcodes/df5250d8f92e927d7328bab68bab69e426.mp4' for writing
[hls @ 0x55fd02faa700] Opening '/cache/transcodes/df5250d8f92e927d7328bab68bab69e427.mp4' for writing
[hls @ 0x55fd02faa700] Opening '/cache/transcodes/df5250d8f92e927d7328bab68bab69e428.mp4' for writing
[mp4 @ 0x7f5a8005c2c0] Packet duration: -16 / dts: 14597016 is out of range
size=N/A time=00:04:23.25 bitrate=N/A speed=65.8x    
[hls @ 0x55fd02faa700] Opening '/cache/transcodes/df5250d8f92e927d7328bab68bab69e429.mp4' for writing
[hls @ 0x55fd02faa700] Opening '/cache/transcodes/df5250d8f92e927d7328bab68bab69e430.mp4' for writing
[hls @ 0x55fd02faa700] Opening '/cache/transcodes/df5250d8f92e927d7328bab68bab69e431.mp4' for writing
[mp4 @ 0x7f5a8005c2c0] Packet duration: -16 / dts: 16102296 is out of range
size=N/A time=00:05:02.48 bitrate=N/A speed=67.2x    
[hls @ 0x55fd02faa700] Opening '/cache/transcodes/df5250d8f92e927d7328bab68bab69e432.mp4' for writing
[mp4 @ 0x7f5a8005c2c0] Packet duration: -16 / dts: 16598952 is out of range
[hls @ 0x55fd02faa700] Opening '/cache/transcodes/df5250d8f92e927d7328bab68bab69e433.mp4' for writing
[hls @ 0x55fd02faa700] Opening '/cache/transcodes/df5250d8f92e927d7328bab68bab69e434.mp4' for writing
[mp4 @ 0x7f5a8005c2c0] Packet duration: -16 / dts: 17600424 is out of range
[hls @ 0x55fd02faa700] Opening '/cache/transcodes/df5250d8f92e927d7328bab68bab69e435.mp4' for writing
[mp4 @ 0x7f5a8005c2c0] Packet duration: -16 / dts: 17976216 is out of range
[hls @ 0x55fd02faa700] Opening '/cache/transcodes/df5250d8f92e927d7328bab68bab69e436.mp4' for writing
size=N/A time=00:05:44.74 bitrate=N/A speed=68.9x    
[hls @ 0x55fd02faa700] Opening '/cache/transcodes/df5250d8f92e927d7328bab68bab69e437.mp4' for writing
[hls @ 0x55fd02faa700] Opening '/cache/transcodes/df5250d8f92e927d7328bab68bab69e438.mp4' for writing
[mp4 @ 0x7f5a8005c2c0] Packet duration: -8 / dts: 19472328 is out of range
[hls @ 0x55fd02faa700] Opening '/cache/transcodes/df5250d8f92e927d7328bab68bab69e439.mp4' for writing
[hls @ 0x55fd02faa700] Opening '/cache/transcodes/df5250d8f92e927d7328bab68bab69e440.mp4' for writing
size=N/A time=00:06:27.41 bitrate=N/A speed=70.4x    
[hls @ 0x55fd02faa700] Opening '/cache/transcodes/df5250d8f92e927d7328bab68bab69e441.mp4' for writing
[hls @ 0x55fd02faa700] Opening '/cache/transcodes/df5250d8f92e927d7328bab68bab69e442.mp4' for writing
[mp4 @ 0x7f5a8005c2c0] Packet duration: -16 / dts: 21470136 is out of range
[hls @ 0x55fd02faa700] Opening '/cache/transcodes/df5250d8f92e927d7328bab68bab69e443.mp4' for writing
size=N/A time=00:07:05.72 bitrate=N/A speed=70.9x    
[hls @ 0x55fd02faa700] Opening '/cache/transcodes/df5250d8f92e927d7328bab68bab69e444.mp4' for writing
[hls @ 0x55fd02faa700] Opening '/cache/transcodes/df5250d8f92e927d7328bab68bab69e445.mp4' for writing
[mp4 @ 0x7f5a8005c2c0] Packet duration: -16 / dts: 22971288 is out of range
[hls @ 0x55fd02faa700] Opening '/cache/transcodes/df5250d8f92e927d7328bab68bab69e446.mp4' for writing
[hls @ 0x55fd02faa700] Opening '/cache/transcodes/df5250d8f92e927d7328bab68bab69e447.mp4' for writing
[mp4 @ 0x7f5a8005c2c0] Packet duration: -16 / dts: 23976840 is out of range
[hls @ 0x55fd02faa700] Opening '/cache/transcodes/df5250d8f92e927d7328bab68bab69e448.mp4' for writing
size=N/A time=00:07:47.62 bitrate=N/A speed=71.9x    
[hls @ 0x55fd02faa700] Opening '/cache/transcodes/df5250d8f92e927d7328bab68bab69e449.mp4' for writing
[hls @ 0x55fd02faa700] Opening '/cache/transcodes/df5250d8f92e927d7328bab68bab69e450.mp4' for writing
[hls @ 0x55fd02faa700] Opening '/cache/transcodes/df5250d8f92e927d7328bab68bab69e451.mp4' for writing
size=N/A time=00:08:29.01 bitrate=N/A speed=72.7x    
[hls @ 0x55fd02faa700] Opening '/cache/transcodes/df5250d8f92e927d7328bab68bab69e452.mp4' for writing
[hls @ 0x55fd02faa700] Opening '/cache/transcodes/df5250d8f92e927d7328bab68bab69e453.mp4' for writing
[hls @ 0x55fd02faa700] Opening '/cache/transcodes/df5250d8f92e927d7328bab68bab69e454.mp4' for writing
[hls @ 0x55fd02faa700] Opening '/cache/transcodes/df5250d8f92e927d7328bab68bab69e455.mp4' for writing
size=N/A time=00:09:10.63 bitrate=N/A speed=73.4x    
[hls @ 0x55fd02faa700] Opening '/cache/transcodes/df5250d8f92e927d7328bab68bab69e456.mp4' for writing
[hls @ 0x55fd02faa700] Opening '/cache/transcodes/df5250d8f92e927d7328bab68bab69e457.mp4' for writing
[hls @ 0x55fd02faa700] Opening '/cache/transcodes/df5250d8f92e927d7328bab68bab69e458.mp4' for writing
[mp4 @ 0x7f5a8005c2c0] Packet duration: -16 / dts: 29481864 is out of range
[hls @ 0x55fd02faa700] Opening '/cache/transcodes/df5250d8f92e927d7328bab68bab69e459.mp4' for writing
[hls @ 0x55fd02faa700] Opening '/cache/transcodes/df5250d8f92e927d7328bab68bab69e460.mp4' for writing
size=N/A time=00:09:52.70 bitrate=N/A speed=74.1x    
[hls @ 0x55fd02faa700] Opening '/cache/transcodes/df5250d8f92e927d7328bab68bab69e461.mp4' for writing
[mp4 @ 0x7f5a8005c2c0] Packet duration: -16 / dts: 30983064 is out of range
[hls @ 0x55fd02faa700] Opening '/cache/transcodes/df5250d8f92e927d7328bab68bab69e462.mp4' for writing
[hls @ 0x55fd02faa700] Opening '/cache/transcodes/df5250d8f92e927d7328bab68bab69e463.mp4' for writing
[mp4 @ 0x7f5a8005c2c0] Packet duration: -16 / dts: 31980456 is out of range
[hls @ 0x55fd02faa700] Opening '/cache/transcodes/df5250d8f92e927d7328bab68bab69e464.mp4' for writing
size=N/A time=00:10:35.92 bitrate=N/A speed=74.8x    
[hls @ 0x55fd02faa700] Opening '/cache/transcodes/df5250d8f92e927d7328bab68bab69e465.mp4' for writing
[mp4 @ 0x7f5a8005c2c0] Packet duration: -16 / dts: 32981928 is out of range
[hls @ 0x55fd02faa700] Opening '/cache/transcodes/df5250d8f92e927d7328bab68bab69e466.mp4' for writing
[hls @ 0x55fd02faa700] Opening '/cache/transcodes/df5250d8f92e927d7328bab68bab69e467.mp4' for writing
size=N/A time=00:11:15.81 bitrate=N/A speed=75.1x    
[hls @ 0x55fd02faa700] Opening '/cache/transcodes/df5250d8f92e927d7328bab68bab69e468.mp4' for writing
[hls @ 0x55fd02faa700] Opening '/cache/transcodes/df5250d8f92e927d7328bab68bab69e469.mp4' for writing
[hls @ 0x55fd02faa700] Opening '/cache/transcodes/df5250d8f92e927d7328bab68bab69e470.mp4' for writing
[mp4 @ 0x7f5a8005c2c0] Packet duration: -8 / dts: 35477448 is out of range
[hls @ 0x55fd02faa700] Opening '/cache/transcodes/df5250d8f92e927d7328bab68bab69e471.mp4' for writing


[q] command received. Exiting.

[hls @ 0x55fd02faa700] Opening '/cache/transcodes/df5250d8f92e927d7328bab68bab69e472.mp4' for writing
[out#0/hls @ 0x55fd02fe5b80] video:459943KiB audio:23733KiB subtitle:0KiB other streams:0KiB global headers:2KiB muxing overhead: unknown
size=N/A time=00:11:56.61 bitrate=N/A speed=75.3x    