{"Protocol":0,"Id":"df7d205cc5df338346d667bd7eba4f05","Path":"/shows/Grey\u0027s Anatomy/Season 19/Greys.Anatomy.S19E01.720p.AMZN.WEBRip.x264-GalaxyTV.mkv","EncoderPath":null,"EncoderProtocol":null,"Type":0,"Container":"mkv","Size":376217665,"Name":"Greys.Anatomy.S19E01.720p.AMZN.WEBRip.x264-GalaxyTV","IsRemote":false,"ETag":"48a2e6f5fe18a6e3a608524ce59d1893","RunTimeTicks":27040110000,"ReadAtNativeFramerate":false,"IgnoreDts":false,"IgnoreIndex":false,"GenPtsInput":false,"SupportsTranscoding":true,"SupportsDirectStream":true,"SupportsDirectPlay":true,"IsInfiniteStream":false,"UseMostCompatibleTranscodingProfile":false,"RequiresOpening":false,"OpenToken":null,"RequiresClosing":false,"LiveStreamId":null,"BufferMs":null,"RequiresLooping":false,"SupportsProbing":true,"VideoType":0,"IsoType":null,"Video3DFormat":null,"MediaStreams":[{"Codec":"h264","CodecTag":null,"Language":null,"ColorRange":null,"ColorSpace":"bt709","ColorTransfer":"bt709","ColorPrimaries":"bt709","DvVersionMajor":null,"DvVersionMinor":null,"DvProfile":null,"DvLevel":null,"RpuPresentFlag":null,"ElPresentFlag":null,"BlPresentFlag":null,"DvBlSignalCompatibilityId":null,"Rotation":null,"Comment":null,"TimeBase":"1/1000","CodecTimeBase":null,"Title":"GalaxyTV - small excellence!","VideoRange":1,"VideoRangeType":1,"VideoDoViTitle":null,"AudioSpatialFormat":0,"LocalizedUndefined":null,"LocalizedDefault":null,"LocalizedForced":null,"LocalizedExternal":null,"LocalizedHearingImpaired":null,"DisplayTitle":"GalaxyTV - small excellence! - 720p - H264 - SDR","NalLengthSize":"4","IsInterlaced":false,"IsAVC":true,"ChannelLayout":null,"BitRate":1113065,"BitDepth":8,"RefFrames":1,"PacketLength":null,"Channels":null,"SampleRate":null,"IsDefault":true,"IsForced":false,"IsHearingImpaired":false,"Height":720,"Width":1280,"AverageFrameRate":23.976025,"RealFrameRate":23.976025,"ReferenceFrameRate":23.976025,"Profile":"High","Type":1,"AspectRatio":"16:9","Index":0,"Score":null,"IsExternal":false,"DeliveryMethod":null,"DeliveryUrl":null,"IsExternalUrl":null,"IsTextSubtitleStream":false,"SupportsExternalStream":false,"Path":null,"PixelFormat":"yuv420p","Level":31,"IsAnamorphic":false},{"Codec":"aac","CodecTag":null,"Language":"eng","ColorRange":null,"ColorSpace":null,"ColorTransfer":null,"ColorPrimaries":null,"DvVersionMajor":null,"DvVersionMinor":null,"DvProfile":null,"DvLevel":null,"RpuPresentFlag":null,"ElPresentFlag":null,"BlPresentFlag":null,"DvBlSignalCompatibilityId":null,"Rotation":null,"Comment":null,"TimeBase":"1/1000","CodecTimeBase":null,"Title":"GalaxyTV - small excellence!","VideoRange":0,"VideoRangeType":0,"VideoDoViTitle":null,"AudioSpatialFormat":0,"LocalizedUndefined":null,"LocalizedDefault":"Default","LocalizedForced":null,"LocalizedExternal":"External","LocalizedHearingImpaired":null,"DisplayTitle":"GalaxyTV - small excellence! - English - AAC - Stereo - Default","NalLengthSize":null,"IsInterlaced":false,"IsAVC":false,"ChannelLayout":"stereo","BitRate":640000,"BitDepth":null,"RefFrames":null,"PacketLength":null,"Channels":2,"SampleRate":48000,"IsDefault":true,"IsForced":false,"IsHearingImpaired":false,"Height":null,"Width":null,"AverageFrameRate":null,"RealFrameRate":null,"ReferenceFrameRate":null,"Profile":"LC","Type":0,"AspectRatio":null,"Index":1,"Score":null,"IsExternal":false,"DeliveryMethod":null,"DeliveryUrl":null,"IsExternalUrl":null,"IsTextSubtitleStream":false,"SupportsExternalStream":false,"Path":null,"PixelFormat":null,"Level":0,"IsAnamorphic":null},{"Codec":"subrip","CodecTag":null,"Language":"eng","ColorRange":null,"ColorSpace":null,"ColorTransfer":null,"ColorPrimaries":null,"DvVersionMajor":null,"DvVersionMinor":null,"DvProfile":null,"DvLevel":null,"RpuPresentFlag":null,"ElPresentFlag":null,"BlPresentFlag":null,"DvBlSignalCompatibilityId":null,"Rotation":null,"Comment":null,"TimeBase":"1/1000","CodecTimeBase":null,"Title":"GalaxyTV - small excellence!","VideoRange":0,"VideoRangeType":0,"VideoDoViTitle":null,"AudioSpatialFormat":0,"LocalizedUndefined":"Undefined","LocalizedDefault":"Default","LocalizedForced":"Forced","LocalizedExternal":"External","LocalizedHearingImpaired":"Hearing Impaired","DisplayTitle":"GalaxyTV - small excellence! - English - Default - SUBRIP","NalLengthSize":null,"IsInterlaced":false,"IsAVC":false,"ChannelLayout":null,"BitRate":null,"BitDepth":null,"RefFrames":null,"PacketLength":null,"Channels":null,"SampleRate":null,"IsDefault":true,"IsForced":false,"IsHearingImpaired":false,"Height":0,"Width":0,"AverageFrameRate":null,"RealFrameRate":null,"ReferenceFrameRate":null,"Profile":null,"Type":2,"AspectRatio":null,"Index":2,"Score":null,"IsExternal":false,"DeliveryMethod":null,"DeliveryUrl":null,"IsExternalUrl":null,"IsTextSubtitleStream":true,"SupportsExternalStream":true,"Path":null,"PixelFormat":null,"Level":0,"IsAnamorphic":null},{"Codec":"subrip","CodecTag":null,"Language":"eng","ColorRange":null,"ColorSpace":null,"ColorTransfer":null,"ColorPrimaries":null,"DvVersionMajor":null,"DvVersionMinor":null,"DvProfile":null,"DvLevel":null,"RpuPresentFlag":null,"ElPresentFlag":null,"BlPresentFlag":null,"DvBlSignalCompatibilityId":null,"Rotation":null,"Comment":null,"TimeBase":"1/1000","CodecTimeBase":null,"Title":"SDH","VideoRange":0,"VideoRangeType":0,"VideoDoViTitle":null,"AudioSpatialFormat":0,"LocalizedUndefined":"Undefined","LocalizedDefault":"Default","LocalizedForced":"Forced","LocalizedExternal":"External","LocalizedHearingImpaired":"Hearing Impaired","DisplayTitle":"SDH - English - SUBRIP","NalLengthSize":null,"IsInterlaced":false,"IsAVC":false,"ChannelLayout":null,"BitRate":null,"BitDepth":null,"RefFrames":null,"PacketLength":null,"Channels":null,"SampleRate":null,"IsDefault":false,"IsForced":false,"IsHearingImpaired":false,"Height":0,"Width":0,"AverageFrameRate":null,"RealFrameRate":null,"ReferenceFrameRate":null,"Profile":null,"Type":2,"AspectRatio":null,"Index":3,"Score":null,"IsExternal":false,"DeliveryMethod":null,"DeliveryUrl":null,"IsExternalUrl":null,"IsTextSubtitleStream":true,"SupportsExternalStream":true,"Path":null,"PixelFormat":null,"Level":0,"IsAnamorphic":null}],"MediaAttachments":[],"Formats":[],"Bitrate":1753065,"FallbackMaxStreamingBitrate":null,"Timestamp":null,"RequiredHttpHeaders":{},"TranscodingUrl":null,"TranscodingSubProtocol":0,"TranscodingContainer":null,"AnalyzeDurationMs":null,"DefaultAudioStreamIndex":null,"DefaultSubtitleStreamIndex":null,"HasSegments":false}

/usr/lib/jellyfin-ffmpeg/ffmpeg -analyzeduration 200M -probesize 1G -fflags +genpts  -i file:"/shows/Grey's Anatomy/Season 19/Greys.Anatomy.S19E01.720p.AMZN.WEBRip.x264-GalaxyTV.mkv" -map_metadata -1 -map_chapters -1 -threads 0 -map 0:0 -map 0:1 -map -0:s -codec:v:0 copy -bsf:v h264_mp4toannexb -start_at_zero -codec:a:0 copy -copyts -avoid_negative_ts disabled -max_muxing_queue_size 2048 -f hls -max_delay 5000000 -hls_time 6 -hls_segment_type fmp4 -hls_fmp4_init_filename "c69a52b94403852ddacf3c344537d5b3-1.mp4" -start_number 0 -hls_segment_filename "/cache/transcodes/c69a52b94403852ddacf3c344537d5b3%d.mp4" -hls_playlist_type vod -hls_list_size 0 -y "/cache/transcodes/c69a52b94403852ddacf3c344537d5b3.m3u8"


ffmpeg version 7.0.2-Jellyfin Copyright (c) 2000-2024 the FFmpeg developers
  built with gcc 12 (Debian 12.2.0-14)
  configuration: --prefix=/usr/lib/jellyfin-ffmpeg --target-os=linux --extra-version=Jellyfin --disable-doc --disable-ffplay --disable-ptx-compression --disable-static --disable-libxcb --disable-sdl2 --disable-xlib --enable-lto=auto --enable-gpl --enable-version3 --enable-shared --enable-gmp --enable-gnutls --enable-chromaprint --enable-opencl --enable-libdrm --enable-libxml2 --enable-libass --enable-libfreetype --enable-libfribidi --enable-libfontconfig --enable-libharfbuzz --enable-libbluray --enable-libmp3lame --enable-libopus --enable-libtheora --enable-libvorbis --enable-libopenmpt --enable-libdav1d --enable-libsvtav1 --enable-libwebp --enable-libvpx --enable-libx264 --enable-libx265 --enable-libzvbi --enable-libzimg --enable-libfdk-aac --arch=amd64 --enable-libshaderc --enable-libplacebo --enable-vulkan --enable-vaapi --enable-amf --enable-libvpl --enable-ffnvcodec --enable-cuda --enable-cuda-llvm --enable-cuvid --enable-nvdec --enable-nvenc
  libavutil      59.  8.100 / 59.  8.100
  libavcodec     61.  3.100 / 61.  3.100
  libavformat    61.  1.100 / 61.  1.100
  libavdevice    61.  1.100 / 61.  1.100
  libavfilter    10.  1.100 / 10.  1.100
  libswscale      8.  1.100 /  8.  1.100
  libswresample   5.  1.100 /  5.  1.100
  libpostproc    58.  1.100 / 58.  1.100
Input #0, matroska,webm, from 'file:/shows/Grey's Anatomy/Season 19/Greys.Anatomy.S19E01.720p.AMZN.WEBRip.x264-GalaxyTV.mkv':
  Metadata:
    title           : Greys.Anatomy.S19E01.720p.AMZN.WEBRip.x264-GalaxyTV
    COMMENT         : GalaxyTV - small excellence!
    ENCODER         : Lavf58.76.100
  Duration: 00:45:04.01, start: 0.000000, bitrate: 1113 kb/s
  Stream #0:0: Video: h264 (High), yuv420p(tv, bt709, progressive), 1280x720 [SAR 1:1 DAR 16:9], 23.98 fps, 23.98 tbr, 1k tbn (default)
      Metadata:
        title           : GalaxyTV - small excellence!
        BPS             : 3969061
        NUMBER_OF_FRAMES: 64830
        NUMBER_OF_BYTES : 1341519046
        _STATISTICS_WRITING_APP: mkvmerge v70.0.0 ('Caught A Lite Sneeze') 64-bit
        _STATISTICS_TAGS: BPS DURATION NUMBER_OF_FRAMES NUMBER_OF_BYTES
        ENCODER         : Lavc58.134.100 libx264
        DURATION        : 00:45:03.995000000
  Stream #0:1(eng): Audio: aac (LC), 48000 Hz, stereo, fltp (default)
      Metadata:
        title           : GalaxyTV - small excellence!
        BPS             : 640000
        NUMBER_OF_FRAMES: 84499
        NUMBER_OF_BYTES : 216317440
        _STATISTICS_WRITING_APP: mkvmerge v70.0.0 ('Caught A Lite Sneeze') 64-bit
        _STATISTICS_TAGS: BPS DURATION NUMBER_OF_FRAMES NUMBER_OF_BYTES
        ENCODER         : Lavc58.134.100 libfdk_aac
        DURATION        : 00:45:04.011000000
  Stream #0:2(eng): Subtitle: subrip (srt) (default)
      Metadata:
        title           : GalaxyTV - small excellence!
        BPS             : 97
        NUMBER_OF_FRAMES: 1003
        NUMBER_OF_BYTES : 32364
        _STATISTICS_WRITING_APP: mkvmerge v70.0.0 ('Caught A Lite Sneeze') 64-bit
        _STATISTICS_TAGS: BPS DURATION NUMBER_OF_FRAMES NUMBER_OF_BYTES
        DURATION        : 00:44:30.511000000
  Stream #0:3(eng): Subtitle: subrip (srt)
      Metadata:
        title           : SDH
        BPS             : 103
        NUMBER_OF_FRAMES: 1155
        NUMBER_OF_BYTES : 34810
        _STATISTICS_WRITING_APP: mkvmerge v70.0.0 ('Caught A Lite Sneeze') 64-bit
        _STATISTICS_TAGS: BPS DURATION NUMBER_OF_FRAMES NUMBER_OF_BYTES
        DURATION        : 00:44:55.136000000
[out#0/hls @ 0x56201db02e00] Codec AVOption threads (set the number of threads) has not been used for any stream. The most likely reason is either wrong type (e.g. a video option with no video streams) or that it is a private option of some encoder which was not actually used for any stream.
Stream mapping:
  Stream #0:0 -> #0:0 (copy)
  Stream #0:1 -> #0:1 (copy)
[hls @ 0x56201dae6e00] Opening '/cache/transcodes/c69a52b94403852ddacf3c344537d5b3-1.mp4' for writing
Output #0, hls, to '/cache/transcodes/c69a52b94403852ddacf3c344537d5b3.m3u8':
  Metadata:
    encoder         : Lavf61.1.100
  Stream #0:0: Video: h264 (High), yuv420p(tv, bt709, progressive), 1280x720 [SAR 1:1 DAR 16:9], q=2-31, 23.98 fps, 23.98 tbr, 16k tbn (default)
  Stream #0:1: Audio: aac (LC), 48000 Hz, stereo, fltp (default)
Press [q] to stop, [?] for help
[hls @ 0x56201dae6e00] Opening '/cache/transcodes/c69a52b94403852ddacf3c344537d5b30.mp4' for writing
[hls @ 0x56201dae6e00] Opening '/cache/transcodes/c69a52b94403852ddacf3c344537d5b31.mp4' for writing
[hls @ 0x56201dae6e00] Opening '/cache/transcodes/c69a52b94403852ddacf3c344537d5b32.mp4' for writing
[hls @ 0x56201dae6e00] Opening '/cache/transcodes/c69a52b94403852ddacf3c344537d5b33.mp4' for writing
[hls @ 0x56201dae6e00] Opening '/cache/transcodes/c69a52b94403852ddacf3c344537d5b34.mp4' for writing
[hls @ 0x56201dae6e00] Opening '/cache/transcodes/c69a52b94403852ddacf3c344537d5b35.mp4' for writing
[hls @ 0x56201dae6e00] Opening '/cache/transcodes/c69a52b94403852ddacf3c344537d5b36.mp4' for writing
[hls @ 0x56201dae6e00] Opening '/cache/transcodes/c69a52b94403852ddacf3c344537d5b37.mp4' for writing
[hls @ 0x56201dae6e00] Opening '/cache/transcodes/c69a52b94403852ddacf3c344537d5b38.mp4' for writing
[hls @ 0x56201dae6e00] Opening '/cache/transcodes/c69a52b94403852ddacf3c344537d5b39.mp4' for writing
[hls @ 0x56201dae6e00] Opening '/cache/transcodes/c69a52b94403852ddacf3c344537d5b310.mp4' for writing
[hls @ 0x56201dae6e00] Opening '/cache/transcodes/c69a52b94403852ddacf3c344537d5b311.mp4' for writing
[hls @ 0x56201dae6e00] Opening '/cache/transcodes/c69a52b94403852ddacf3c344537d5b312.mp4' for writing
[hls @ 0x56201dae6e00] Opening '/cache/transcodes/c69a52b94403852ddacf3c344537d5b313.mp4' for writing
[hls @ 0x56201dae6e00] Opening '/cache/transcodes/c69a52b94403852ddacf3c344537d5b314.mp4' for writing
[hls @ 0x56201dae6e00] Opening '/cache/transcodes/c69a52b94403852ddacf3c344537d5b315.mp4' for writing
[hls @ 0x56201dae6e00] Opening '/cache/transcodes/c69a52b94403852ddacf3c344537d5b316.mp4' for writing
[hls @ 0x56201dae6e00] Opening '/cache/transcodes/c69a52b94403852ddacf3c344537d5b317.mp4' for writing
[hls @ 0x56201dae6e00] Opening '/cache/transcodes/c69a52b94403852ddacf3c344537d5b318.mp4' for writing
[hls @ 0x56201dae6e00] Opening '/cache/transcodes/c69a52b94403852ddacf3c344537d5b319.mp4' for writing
[hls @ 0x56201dae6e00] Opening '/cache/transcodes/c69a52b94403852ddacf3c344537d5b320.mp4' for writing
[hls @ 0x56201dae6e00] Opening '/cache/transcodes/c69a52b94403852ddacf3c344537d5b321.mp4' for writing
[hls @ 0x56201dae6e00] Opening '/cache/transcodes/c69a52b94403852ddacf3c344537d5b322.mp4' for writing
[hls @ 0x56201dae6e00] Opening '/cache/transcodes/c69a52b94403852ddacf3c344537d5b323.mp4' for writing
[hls @ 0x56201dae6e00] Opening '/cache/transcodes/c69a52b94403852ddacf3c344537d5b324.mp4' for writing
[hls @ 0x56201dae6e00] Opening '/cache/transcodes/c69a52b94403852ddacf3c344537d5b325.mp4' for writing
[hls @ 0x56201dae6e00] Opening '/cache/transcodes/c69a52b94403852ddacf3c344537d5b326.mp4' for writing
[hls @ 0x56201dae6e00] Opening '/cache/transcodes/c69a52b94403852ddacf3c344537d5b327.mp4' for writing
[hls @ 0x56201dae6e00] Opening '/cache/transcodes/c69a52b94403852ddacf3c344537d5b328.mp4' for writing
[hls @ 0x56201dae6e00] Opening '/cache/transcodes/c69a52b94403852ddacf3c344537d5b329.mp4' for writing
[hls @ 0x56201dae6e00] Opening '/cache/transcodes/c69a52b94403852ddacf3c344537d5b330.mp4' for writing
[hls @ 0x56201dae6e00] Opening '/cache/transcodes/c69a52b94403852ddacf3c344537d5b331.mp4' for writing
[hls @ 0x56201dae6e00] Opening '/cache/transcodes/c69a52b94403852ddacf3c344537d5b332.mp4' for writing
[hls @ 0x56201dae6e00] Opening '/cache/transcodes/c69a52b94403852ddacf3c344537d5b333.mp4' for writing
[hls @ 0x56201dae6e00] Opening '/cache/transcodes/c69a52b94403852ddacf3c344537d5b334.mp4' for writing
[hls @ 0x56201dae6e00] Opening '/cache/transcodes/c69a52b94403852ddacf3c344537d5b335.mp4' for writing
[hls @ 0x56201dae6e00] Opening '/cache/transcodes/c69a52b94403852ddacf3c344537d5b336.mp4' for writing
[hls @ 0x56201dae6e00] Opening '/cache/transcodes/c69a52b94403852ddacf3c344537d5b337.mp4' for writing
[hls @ 0x56201dae6e00] Opening '/cache/transcodes/c69a52b94403852ddacf3c344537d5b338.mp4' for writing
[hls @ 0x56201dae6e00] Opening '/cache/transcodes/c69a52b94403852ddacf3c344537d5b339.mp4' for writing
[hls @ 0x56201dae6e00] Opening '/cache/transcodes/c69a52b94403852ddacf3c344537d5b340.mp4' for writing
[hls @ 0x56201dae6e00] Opening '/cache/transcodes/c69a52b94403852ddacf3c344537d5b341.mp4' for writing
[hls @ 0x56201dae6e00] Opening '/cache/transcodes/c69a52b94403852ddacf3c344537d5b342.mp4' for writing
[hls @ 0x56201dae6e00] Opening '/cache/transcodes/c69a52b94403852ddacf3c344537d5b343.mp4' for writing
[hls @ 0x56201dae6e00] Opening '/cache/transcodes/c69a52b94403852ddacf3c344537d5b344.mp4' for writing
[hls @ 0x56201dae6e00] Opening '/cache/transcodes/c69a52b94403852ddacf3c344537d5b345.mp4' for writing
[hls @ 0x56201dae6e00] Opening '/cache/transcodes/c69a52b94403852ddacf3c344537d5b346.mp4' for writing
[hls @ 0x56201dae6e00] Opening '/cache/transcodes/c69a52b94403852ddacf3c344537d5b347.mp4' for writing
[hls @ 0x56201dae6e00] Opening '/cache/transcodes/c69a52b94403852ddacf3c344537d5b348.mp4' for writing
[hls @ 0x56201dae6e00] Opening '/cache/transcodes/c69a52b94403852ddacf3c344537d5b349.mp4' for writing
[hls @ 0x56201dae6e00] Opening '/cache/transcodes/c69a52b94403852ddacf3c344537d5b350.mp4' for writing
[hls @ 0x56201dae6e00] Opening '/cache/transcodes/c69a52b94403852ddacf3c344537d5b351.mp4' for writing
[hls @ 0x56201dae6e00] Opening '/cache/transcodes/c69a52b94403852ddacf3c344537d5b352.mp4' for writing
[hls @ 0x56201dae6e00] Opening '/cache/transcodes/c69a52b94403852ddacf3c344537d5b353.mp4' for writing
size=N/A time=00:00:00.00 bitrate=N/A speed=   0x    
[hls @ 0x56201dae6e00] Opening '/cache/transcodes/c69a52b94403852ddacf3c344537d5b354.mp4' for writing
[hls @ 0x56201dae6e00] Opening '/cache/transcodes/c69a52b94403852ddacf3c344537d5b355.mp4' for writing
[hls @ 0x56201dae6e00] Opening '/cache/transcodes/c69a52b94403852ddacf3c344537d5b356.mp4' for writing
[hls @ 0x56201dae6e00] Opening '/cache/transcodes/c69a52b94403852ddacf3c344537d5b357.mp4' for writing
[hls @ 0x56201dae6e00] Opening '/cache/transcodes/c69a52b94403852ddacf3c344537d5b358.mp4' for writing
[hls @ 0x56201dae6e00] Opening '/cache/transcodes/c69a52b94403852ddacf3c344537d5b359.mp4' for writing
[hls @ 0x56201dae6e00] Opening '/cache/transcodes/c69a52b94403852ddacf3c344537d5b360.mp4' for writing
[hls @ 0x56201dae6e00] Opening '/cache/transcodes/c69a52b94403852ddacf3c344537d5b361.mp4' for writing
[hls @ 0x56201dae6e00] Opening '/cache/transcodes/c69a52b94403852ddacf3c344537d5b362.mp4' for writing
[hls @ 0x56201dae6e00] Opening '/cache/transcodes/c69a52b94403852ddacf3c344537d5b363.mp4' for writing
[hls @ 0x56201dae6e00] Opening '/cache/transcodes/c69a52b94403852ddacf3c344537d5b364.mp4' for writing
[hls @ 0x56201dae6e00] Opening '/cache/transcodes/c69a52b94403852ddacf3c344537d5b365.mp4' for writing
[hls @ 0x56201dae6e00] Opening '/cache/transcodes/c69a52b94403852ddacf3c344537d5b366.mp4' for writing
[hls @ 0x56201dae6e00] Opening '/cache/transcodes/c69a52b94403852ddacf3c344537d5b367.mp4' for writing
[hls @ 0x56201dae6e00] Opening '/cache/transcodes/c69a52b94403852ddacf3c344537d5b368.mp4' for writing
[hls @ 0x56201dae6e00] Opening '/cache/transcodes/c69a52b94403852ddacf3c344537d5b369.mp4' for writing
[hls @ 0x56201dae6e00] Opening '/cache/transcodes/c69a52b94403852ddacf3c344537d5b370.mp4' for writing
[hls @ 0x56201dae6e00] Opening '/cache/transcodes/c69a52b94403852ddacf3c344537d5b371.mp4' for writing
[hls @ 0x56201dae6e00] Opening '/cache/transcodes/c69a52b94403852ddacf3c344537d5b372.mp4' for writing
[hls @ 0x56201dae6e00] Opening '/cache/transcodes/c69a52b94403852ddacf3c344537d5b373.mp4' for writing
[hls @ 0x56201dae6e00] Opening '/cache/transcodes/c69a52b94403852ddacf3c344537d5b374.mp4' for writing
[hls @ 0x56201dae6e00] Opening '/cache/transcodes/c69a52b94403852ddacf3c344537d5b375.mp4' for writing
[hls @ 0x56201dae6e00] Opening '/cache/transcodes/c69a52b94403852ddacf3c344537d5b376.mp4' for writing
[hls @ 0x56201dae6e00] Opening '/cache/transcodes/c69a52b94403852ddacf3c344537d5b377.mp4' for writing
[hls @ 0x56201dae6e00] Opening '/cache/transcodes/c69a52b94403852ddacf3c344537d5b378.mp4' for writing
[hls @ 0x56201dae6e00] Opening '/cache/transcodes/c69a52b94403852ddacf3c344537d5b379.mp4' for writing
[hls @ 0x56201dae6e00] Opening '/cache/transcodes/c69a52b94403852ddacf3c344537d5b380.mp4' for writing
[hls @ 0x56201dae6e00] Opening '/cache/transcodes/c69a52b94403852ddacf3c344537d5b381.mp4' for writing
[hls @ 0x56201dae6e00] Opening '/cache/transcodes/c69a52b94403852ddacf3c344537d5b382.mp4' for writing
[hls @ 0x56201dae6e00] Opening '/cache/transcodes/c69a52b94403852ddacf3c344537d5b383.mp4' for writing
[hls @ 0x56201dae6e00] Opening '/cache/transcodes/c69a52b94403852ddacf3c344537d5b384.mp4' for writing
[hls @ 0x56201dae6e00] Opening '/cache/transcodes/c69a52b94403852ddacf3c344537d5b385.mp4' for writing
[hls @ 0x56201dae6e00] Opening '/cache/transcodes/c69a52b94403852ddacf3c344537d5b386.mp4' for writing
[hls @ 0x56201dae6e00] Opening '/cache/transcodes/c69a52b94403852ddacf3c344537d5b387.mp4' for writing
[hls @ 0x56201dae6e00] Opening '/cache/transcodes/c69a52b94403852ddacf3c344537d5b388.mp4' for writing
[hls @ 0x56201dae6e00] Opening '/cache/transcodes/c69a52b94403852ddacf3c344537d5b389.mp4' for writing
[hls @ 0x56201dae6e00] Opening '/cache/transcodes/c69a52b94403852ddacf3c344537d5b390.mp4' for writing
[hls @ 0x56201dae6e00] Opening '/cache/transcodes/c69a52b94403852ddacf3c344537d5b391.mp4' for writing
[hls @ 0x56201dae6e00] Opening '/cache/transcodes/c69a52b94403852ddacf3c344537d5b392.mp4' for writing
[hls @ 0x56201dae6e00] Opening '/cache/transcodes/c69a52b94403852ddacf3c344537d5b393.mp4' for writing
[hls @ 0x56201dae6e00] Opening '/cache/transcodes/c69a52b94403852ddacf3c344537d5b394.mp4' for writing
[hls @ 0x56201dae6e00] Opening '/cache/transcodes/c69a52b94403852ddacf3c344537d5b395.mp4' for writing
[hls @ 0x56201dae6e00] Opening '/cache/transcodes/c69a52b94403852ddacf3c344537d5b396.mp4' for writing
[hls @ 0x56201dae6e00] Opening '/cache/transcodes/c69a52b94403852ddacf3c344537d5b397.mp4' for writing
[hls @ 0x56201dae6e00] Opening '/cache/transcodes/c69a52b94403852ddacf3c344537d5b398.mp4' for writing
[hls @ 0x56201dae6e00] Opening '/cache/transcodes/c69a52b94403852ddacf3c344537d5b399.mp4' for writing
[hls @ 0x56201dae6e00] Opening '/cache/transcodes/c69a52b94403852ddacf3c344537d5b3100.mp4' for writing
[hls @ 0x56201dae6e00] Opening '/cache/transcodes/c69a52b94403852ddacf3c344537d5b3101.mp4' for writing
[hls @ 0x56201dae6e00] Opening '/cache/transcodes/c69a52b94403852ddacf3c344537d5b3102.mp4' for writing
[hls @ 0x56201dae6e00] Opening '/cache/transcodes/c69a52b94403852ddacf3c344537d5b3103.mp4' for writing
[hls @ 0x56201dae6e00] Opening '/cache/transcodes/c69a52b94403852ddacf3c344537d5b3104.mp4' for writing
[hls @ 0x56201dae6e00] Opening '/cache/transcodes/c69a52b94403852ddacf3c344537d5b3105.mp4' for writing
[hls @ 0x56201dae6e00] Opening '/cache/transcodes/c69a52b94403852ddacf3c344537d5b3106.mp4' for writing
[hls @ 0x56201dae6e00] Opening '/cache/transcodes/c69a52b94403852ddacf3c344537d5b3107.mp4' for writing
[hls @ 0x56201dae6e00] Opening '/cache/transcodes/c69a52b94403852ddacf3c344537d5b3108.mp4' for writing
[hls @ 0x56201dae6e00] Opening '/cache/transcodes/c69a52b94403852ddacf3c344537d5b3109.mp4' for writing
[hls @ 0x56201dae6e00] Opening '/cache/transcodes/c69a52b94403852ddacf3c344537d5b3110.mp4' for writing
[hls @ 0x56201dae6e00] Opening '/cache/transcodes/c69a52b94403852ddacf3c344537d5b3111.mp4' for writing
[hls @ 0x56201dae6e00] Opening '/cache/transcodes/c69a52b94403852ddacf3c344537d5b3112.mp4' for writing
[hls @ 0x56201dae6e00] Opening '/cache/transcodes/c69a52b94403852ddacf3c344537d5b3113.mp4' for writing
[hls @ 0x56201dae6e00] Opening '/cache/transcodes/c69a52b94403852ddacf3c344537d5b3114.mp4' for writing
[hls @ 0x56201dae6e00] Opening '/cache/transcodes/c69a52b94403852ddacf3c344537d5b3115.mp4' for writing
[hls @ 0x56201dae6e00] Opening '/cache/transcodes/c69a52b94403852ddacf3c344537d5b3116.mp4' for writing
[hls @ 0x56201dae6e00] Opening '/cache/transcodes/c69a52b94403852ddacf3c344537d5b3117.mp4' for writing
[hls @ 0x56201dae6e00] Opening '/cache/transcodes/c69a52b94403852ddacf3c344537d5b3118.mp4' for writing
[hls @ 0x56201dae6e00] Opening '/cache/transcodes/c69a52b94403852ddacf3c344537d5b3119.mp4' for writing
[hls @ 0x56201dae6e00] Opening '/cache/transcodes/c69a52b94403852ddacf3c344537d5b3120.mp4' for writing
[hls @ 0x56201dae6e00] Opening '/cache/transcodes/c69a52b94403852ddacf3c344537d5b3121.mp4' for writing
[hls @ 0x56201dae6e00] Opening '/cache/transcodes/c69a52b94403852ddacf3c344537d5b3122.mp4' for writing
[hls @ 0x56201dae6e00] Opening '/cache/transcodes/c69a52b94403852ddacf3c344537d5b3123.mp4' for writing
[hls @ 0x56201dae6e00] Opening '/cache/transcodes/c69a52b94403852ddacf3c344537d5b3124.mp4' for writing
[hls @ 0x56201dae6e00] Opening '/cache/transcodes/c69a52b94403852ddacf3c344537d5b3125.mp4' for writing
[hls @ 0x56201dae6e00] Opening '/cache/transcodes/c69a52b94403852ddacf3c344537d5b3126.mp4' for writing
[hls @ 0x56201dae6e00] Opening '/cache/transcodes/c69a52b94403852ddacf3c344537d5b3127.mp4' for writing
[hls @ 0x56201dae6e00] Opening '/cache/transcodes/c69a52b94403852ddacf3c344537d5b3128.mp4' for writing
[hls @ 0x56201dae6e00] Opening '/cache/transcodes/c69a52b94403852ddacf3c344537d5b3129.mp4' for writing
[hls @ 0x56201dae6e00] Opening '/cache/transcodes/c69a52b94403852ddacf3c344537d5b3130.mp4' for writing
[hls @ 0x56201dae6e00] Opening '/cache/transcodes/c69a52b94403852ddacf3c344537d5b3131.mp4' for writing
[hls @ 0x56201dae6e00] Opening '/cache/transcodes/c69a52b94403852ddacf3c344537d5b3132.mp4' for writing
[hls @ 0x56201dae6e00] Opening '/cache/transcodes/c69a52b94403852ddacf3c344537d5b3133.mp4' for writing
[hls @ 0x56201dae6e00] Opening '/cache/transcodes/c69a52b94403852ddacf3c344537d5b3134.mp4' for writing
[hls @ 0x56201dae6e00] Opening '/cache/transcodes/c69a52b94403852ddacf3c344537d5b3135.mp4' for writing
[hls @ 0x56201dae6e00] Opening '/cache/transcodes/c69a52b94403852ddacf3c344537d5b3136.mp4' for writing
[hls @ 0x56201dae6e00] Opening '/cache/transcodes/c69a52b94403852ddacf3c344537d5b3137.mp4' for writing
[hls @ 0x56201dae6e00] Opening '/cache/transcodes/c69a52b94403852ddacf3c344537d5b3138.mp4' for writing
[hls @ 0x56201dae6e00] Opening '/cache/transcodes/c69a52b94403852ddacf3c344537d5b3139.mp4' for writing
[hls @ 0x56201dae6e00] Opening '/cache/transcodes/c69a52b94403852ddacf3c344537d5b3140.mp4' for writing
[hls @ 0x56201dae6e00] Opening '/cache/transcodes/c69a52b94403852ddacf3c344537d5b3141.mp4' for writing
[hls @ 0x56201dae6e00] Opening '/cache/transcodes/c69a52b94403852ddacf3c344537d5b3142.mp4' for writing
[hls @ 0x56201dae6e00] Opening '/cache/transcodes/c69a52b94403852ddacf3c344537d5b3143.mp4' for writing
[hls @ 0x56201dae6e00] Opening '/cache/transcodes/c69a52b94403852ddacf3c344537d5b3144.mp4' for writing
size=N/A time=00:08:53.53 bitrate=N/A speed= 533x    
[hls @ 0x56201dae6e00] Opening '/cache/transcodes/c69a52b94403852ddacf3c344537d5b3145.mp4' for writing
[hls @ 0x56201dae6e00] Opening '/cache/transcodes/c69a52b94403852ddacf3c344537d5b3146.mp4' for writing
[hls @ 0x56201dae6e00] Opening '/cache/transcodes/c69a52b94403852ddacf3c344537d5b3147.mp4' for writing
[hls @ 0x56201dae6e00] Opening '/cache/transcodes/c69a52b94403852ddacf3c344537d5b3148.mp4' for writing
[hls @ 0x56201dae6e00] Opening '/cache/transcodes/c69a52b94403852ddacf3c344537d5b3149.mp4' for writing
[hls @ 0x56201dae6e00] Opening '/cache/transcodes/c69a52b94403852ddacf3c344537d5b3150.mp4' for writing
[hls @ 0x56201dae6e00] Opening '/cache/transcodes/c69a52b94403852ddacf3c344537d5b3151.mp4' for writing
[hls @ 0x56201dae6e00] Opening '/cache/transcodes/c69a52b94403852ddacf3c344537d5b3152.mp4' for writing
[hls @ 0x56201dae6e00] Opening '/cache/transcodes/c69a52b94403852ddacf3c344537d5b3153.mp4' for writing
[hls @ 0x56201dae6e00] Opening '/cache/transcodes/c69a52b94403852ddacf3c344537d5b3154.mp4' for writing
[hls @ 0x56201dae6e00] Opening '/cache/transcodes/c69a52b94403852ddacf3c344537d5b3155.mp4' for writing
[hls @ 0x56201dae6e00] Opening '/cache/transcodes/c69a52b94403852ddacf3c344537d5b3156.mp4' for writing
[hls @ 0x56201dae6e00] Opening '/cache/transcodes/c69a52b94403852ddacf3c344537d5b3157.mp4' for writing
[hls @ 0x56201dae6e00] Opening '/cache/transcodes/c69a52b94403852ddacf3c344537d5b3158.mp4' for writing
[hls @ 0x56201dae6e00] Opening '/cache/transcodes/c69a52b94403852ddacf3c344537d5b3159.mp4' for writing
[hls @ 0x56201dae6e00] Opening '/cache/transcodes/c69a52b94403852ddacf3c344537d5b3160.mp4' for writing
[hls @ 0x56201dae6e00] Opening '/cache/transcodes/c69a52b94403852ddacf3c344537d5b3161.mp4' for writing
[hls @ 0x56201dae6e00] Opening '/cache/transcodes/c69a52b94403852ddacf3c344537d5b3162.mp4' for writing
[hls @ 0x56201dae6e00] Opening '/cache/transcodes/c69a52b94403852ddacf3c344537d5b3163.mp4' for writing
[hls @ 0x56201dae6e00] Opening '/cache/transcodes/c69a52b94403852ddacf3c344537d5b3164.mp4' for writing
[hls @ 0x56201dae6e00] Opening '/cache/transcodes/c69a52b94403852ddacf3c344537d5b3165.mp4' for writing
[hls @ 0x56201dae6e00] Opening '/cache/transcodes/c69a52b94403852ddacf3c344537d5b3166.mp4' for writing
[hls @ 0x56201dae6e00] Opening '/cache/transcodes/c69a52b94403852ddacf3c344537d5b3167.mp4' for writing
[hls @ 0x56201dae6e00] Opening '/cache/transcodes/c69a52b94403852ddacf3c344537d5b3168.mp4' for writing
[hls @ 0x56201dae6e00] Opening '/cache/transcodes/c69a52b94403852ddacf3c344537d5b3169.mp4' for writing
[hls @ 0x56201dae6e00] Opening '/cache/transcodes/c69a52b94403852ddacf3c344537d5b3170.mp4' for writing
[hls @ 0x56201dae6e00] Opening '/cache/transcodes/c69a52b94403852ddacf3c344537d5b3171.mp4' for writing
[hls @ 0x56201dae6e00] Opening '/cache/transcodes/c69a52b94403852ddacf3c344537d5b3172.mp4' for writing
[hls @ 0x56201dae6e00] Opening '/cache/transcodes/c69a52b94403852ddacf3c344537d5b3173.mp4' for writing
[hls @ 0x56201dae6e00] Opening '/cache/transcodes/c69a52b94403852ddacf3c344537d5b3174.mp4' for writing
[hls @ 0x56201dae6e00] Opening '/cache/transcodes/c69a52b94403852ddacf3c344537d5b3175.mp4' for writing
[hls @ 0x56201dae6e00] Opening '/cache/transcodes/c69a52b94403852ddacf3c344537d5b3176.mp4' for writing
[hls @ 0x56201dae6e00] Opening '/cache/transcodes/c69a52b94403852ddacf3c344537d5b3177.mp4' for writing
[hls @ 0x56201dae6e00] Opening '/cache/transcodes/c69a52b94403852ddacf3c344537d5b3178.mp4' for writing
[hls @ 0x56201dae6e00] Opening '/cache/transcodes/c69a52b94403852ddacf3c344537d5b3179.mp4' for writing
[hls @ 0x56201dae6e00] Opening '/cache/transcodes/c69a52b94403852ddacf3c344537d5b3180.mp4' for writing
[hls @ 0x56201dae6e00] Opening '/cache/transcodes/c69a52b94403852ddacf3c344537d5b3181.mp4' for writing
[hls @ 0x56201dae6e00] Opening '/cache/transcodes/c69a52b94403852ddacf3c344537d5b3182.mp4' for writing
[hls @ 0x56201dae6e00] Opening '/cache/transcodes/c69a52b94403852ddacf3c344537d5b3183.mp4' for writing
[hls @ 0x56201dae6e00] Opening '/cache/transcodes/c69a52b94403852ddacf3c344537d5b3184.mp4' for writing
[hls @ 0x56201dae6e00] Opening '/cache/transcodes/c69a52b94403852ddacf3c344537d5b3185.mp4' for writing
[hls @ 0x56201dae6e00] Opening '/cache/transcodes/c69a52b94403852ddacf3c344537d5b3186.mp4' for writing
[hls @ 0x56201dae6e00] Opening '/cache/transcodes/c69a52b94403852ddacf3c344537d5b3187.mp4' for writing
[hls @ 0x56201dae6e00] Opening '/cache/transcodes/c69a52b94403852ddacf3c344537d5b3188.mp4' for writing
[hls @ 0x56201dae6e00] Opening '/cache/transcodes/c69a52b94403852ddacf3c344537d5b3189.mp4' for writing
[hls @ 0x56201dae6e00] Opening '/cache/transcodes/c69a52b94403852ddacf3c344537d5b3190.mp4' for writing
[hls @ 0x56201dae6e00] Opening '/cache/transcodes/c69a52b94403852ddacf3c344537d5b3191.mp4' for writing
[hls @ 0x56201dae6e00] Opening '/cache/transcodes/c69a52b94403852ddacf3c344537d5b3192.mp4' for writing
[hls @ 0x56201dae6e00] Opening '/cache/transcodes/c69a52b94403852ddacf3c344537d5b3193.mp4' for writing
[hls @ 0x56201dae6e00] Opening '/cache/transcodes/c69a52b94403852ddacf3c344537d5b3194.mp4' for writing
[hls @ 0x56201dae6e00] Opening '/cache/transcodes/c69a52b94403852ddacf3c344537d5b3195.mp4' for writing
[hls @ 0x56201dae6e00] Opening '/cache/transcodes/c69a52b94403852ddacf3c344537d5b3196.mp4' for writing
[hls @ 0x56201dae6e00] Opening '/cache/transcodes/c69a52b94403852ddacf3c344537d5b3197.mp4' for writing
[hls @ 0x56201dae6e00] Opening '/cache/transcodes/c69a52b94403852ddacf3c344537d5b3198.mp4' for writing
[hls @ 0x56201dae6e00] Opening '/cache/transcodes/c69a52b94403852ddacf3c344537d5b3199.mp4' for writing
[hls @ 0x56201dae6e00] Opening '/cache/transcodes/c69a52b94403852ddacf3c344537d5b3200.mp4' for writing
[hls @ 0x56201dae6e00] Opening '/cache/transcodes/c69a52b94403852ddacf3c344537d5b3201.mp4' for writing
[hls @ 0x56201dae6e00] Opening '/cache/transcodes/c69a52b94403852ddacf3c344537d5b3202.mp4' for writing
[hls @ 0x56201dae6e00] Opening '/cache/transcodes/c69a52b94403852ddacf3c344537d5b3203.mp4' for writing
[hls @ 0x56201dae6e00] Opening '/cache/transcodes/c69a52b94403852ddacf3c344537d5b3204.mp4' for writing
[hls @ 0x56201dae6e00] Opening '/cache/transcodes/c69a52b94403852ddacf3c344537d5b3205.mp4' for writing
[hls @ 0x56201dae6e00] Opening '/cache/transcodes/c69a52b94403852ddacf3c344537d5b3206.mp4' for writing
[hls @ 0x56201dae6e00] Opening '/cache/transcodes/c69a52b94403852ddacf3c344537d5b3207.mp4' for writing
[hls @ 0x56201dae6e00] Opening '/cache/transcodes/c69a52b94403852ddacf3c344537d5b3208.mp4' for writing
[hls @ 0x56201dae6e00] Opening '/cache/transcodes/c69a52b94403852ddacf3c344537d5b3209.mp4' for writing
[hls @ 0x56201dae6e00] Opening '/cache/transcodes/c69a52b94403852ddacf3c344537d5b3210.mp4' for writing
[hls @ 0x56201dae6e00] Opening '/cache/transcodes/c69a52b94403852ddacf3c344537d5b3211.mp4' for writing
[hls @ 0x56201dae6e00] Opening '/cache/transcodes/c69a52b94403852ddacf3c344537d5b3212.mp4' for writing
[hls @ 0x56201dae6e00] Opening '/cache/transcodes/c69a52b94403852ddacf3c344537d5b3213.mp4' for writing
[hls @ 0x56201dae6e00] Opening '/cache/transcodes/c69a52b94403852ddacf3c344537d5b3214.mp4' for writing
[hls @ 0x56201dae6e00] Opening '/cache/transcodes/c69a52b94403852ddacf3c344537d5b3215.mp4' for writing
[hls @ 0x56201dae6e00] Opening '/cache/transcodes/c69a52b94403852ddacf3c344537d5b3216.mp4' for writing
[hls @ 0x56201dae6e00] Opening '/cache/transcodes/c69a52b94403852ddacf3c344537d5b3217.mp4' for writing
[hls @ 0x56201dae6e00] Opening '/cache/transcodes/c69a52b94403852ddacf3c344537d5b3218.mp4' for writing
[hls @ 0x56201dae6e00] Opening '/cache/transcodes/c69a52b94403852ddacf3c344537d5b3219.mp4' for writing
[hls @ 0x56201dae6e00] Opening '/cache/transcodes/c69a52b94403852ddacf3c344537d5b3220.mp4' for writing
[hls @ 0x56201dae6e00] Opening '/cache/transcodes/c69a52b94403852ddacf3c344537d5b3221.mp4' for writing
size=N/A time=00:16:34.21 bitrate=N/A speed= 663x    
[hls @ 0x56201dae6e00] Opening '/cache/transcodes/c69a52b94403852ddacf3c344537d5b3222.mp4' for writing
[hls @ 0x56201dae6e00] Opening '/cache/transcodes/c69a52b94403852ddacf3c344537d5b3223.mp4' for writing
[hls @ 0x56201dae6e00] Opening '/cache/transcodes/c69a52b94403852ddacf3c344537d5b3224.mp4' for writing
[hls @ 0x56201dae6e00] Opening '/cache/transcodes/c69a52b94403852ddacf3c344537d5b3225.mp4' for writing
[hls @ 0x56201dae6e00] Opening '/cache/transcodes/c69a52b94403852ddacf3c344537d5b3226.mp4' for writing
[hls @ 0x56201dae6e00] Opening '/cache/transcodes/c69a52b94403852ddacf3c344537d5b3227.mp4' for writing
[hls @ 0x56201dae6e00] Opening '/cache/transcodes/c69a52b94403852ddacf3c344537d5b3228.mp4' for writing
[hls @ 0x56201dae6e00] Opening '/cache/transcodes/c69a52b94403852ddacf3c344537d5b3229.mp4' for writing
[hls @ 0x56201dae6e00] Opening '/cache/transcodes/c69a52b94403852ddacf3c344537d5b3230.mp4' for writing
[hls @ 0x56201dae6e00] Opening '/cache/transcodes/c69a52b94403852ddacf3c344537d5b3231.mp4' for writing
[hls @ 0x56201dae6e00] Opening '/cache/transcodes/c69a52b94403852ddacf3c344537d5b3232.mp4' for writing
[hls @ 0x56201dae6e00] Opening '/cache/transcodes/c69a52b94403852ddacf3c344537d5b3233.mp4' for writing
[hls @ 0x56201dae6e00] Opening '/cache/transcodes/c69a52b94403852ddacf3c344537d5b3234.mp4' for writing
[hls @ 0x56201dae6e00] Opening '/cache/transcodes/c69a52b94403852ddacf3c344537d5b3235.mp4' for writing
[hls @ 0x56201dae6e00] Opening '/cache/transcodes/c69a52b94403852ddacf3c344537d5b3236.mp4' for writing
[hls @ 0x56201dae6e00] Opening '/cache/transcodes/c69a52b94403852ddacf3c344537d5b3237.mp4' for writing
[hls @ 0x56201dae6e00] Opening '/cache/transcodes/c69a52b94403852ddacf3c344537d5b3238.mp4' for writing
[hls @ 0x56201dae6e00] Opening '/cache/transcodes/c69a52b94403852ddacf3c344537d5b3239.mp4' for writing
[hls @ 0x56201dae6e00] Opening '/cache/transcodes/c69a52b94403852ddacf3c344537d5b3240.mp4' for writing
[hls @ 0x56201dae6e00] Opening '/cache/transcodes/c69a52b94403852ddacf3c344537d5b3241.mp4' for writing
[hls @ 0x56201dae6e00] Opening '/cache/transcodes/c69a52b94403852ddacf3c344537d5b3242.mp4' for writing
[hls @ 0x56201dae6e00] Opening '/cache/transcodes/c69a52b94403852ddacf3c344537d5b3243.mp4' for writing
[hls @ 0x56201dae6e00] Opening '/cache/transcodes/c69a52b94403852ddacf3c344537d5b3244.mp4' for writing
[hls @ 0x56201dae6e00] Opening '/cache/transcodes/c69a52b94403852ddacf3c344537d5b3245.mp4' for writing
[hls @ 0x56201dae6e00] Opening '/cache/transcodes/c69a52b94403852ddacf3c344537d5b3246.mp4' for writing
[hls @ 0x56201dae6e00] Opening '/cache/transcodes/c69a52b94403852ddacf3c344537d5b3247.mp4' for writing
[hls @ 0x56201dae6e00] Opening '/cache/transcodes/c69a52b94403852ddacf3c344537d5b3248.mp4' for writing
[hls @ 0x56201dae6e00] Opening '/cache/transcodes/c69a52b94403852ddacf3c344537d5b3249.mp4' for writing
[hls @ 0x56201dae6e00] Opening '/cache/transcodes/c69a52b94403852ddacf3c344537d5b3250.mp4' for writing
[hls @ 0x56201dae6e00] Opening '/cache/transcodes/c69a52b94403852ddacf3c344537d5b3251.mp4' for writing
[hls @ 0x56201dae6e00] Opening '/cache/transcodes/c69a52b94403852ddacf3c344537d5b3252.mp4' for writing
[hls @ 0x56201dae6e00] Opening '/cache/transcodes/c69a52b94403852ddacf3c344537d5b3253.mp4' for writing
[hls @ 0x56201dae6e00] Opening '/cache/transcodes/c69a52b94403852ddacf3c344537d5b3254.mp4' for writing
[hls @ 0x56201dae6e00] Opening '/cache/transcodes/c69a52b94403852ddacf3c344537d5b3255.mp4' for writing
[hls @ 0x56201dae6e00] Opening '/cache/transcodes/c69a52b94403852ddacf3c344537d5b3256.mp4' for writing
[hls @ 0x56201dae6e00] Opening '/cache/transcodes/c69a52b94403852ddacf3c344537d5b3257.mp4' for writing
[hls @ 0x56201dae6e00] Opening '/cache/transcodes/c69a52b94403852ddacf3c344537d5b3258.mp4' for writing
[hls @ 0x56201dae6e00] Opening '/cache/transcodes/c69a52b94403852ddacf3c344537d5b3259.mp4' for writing
[hls @ 0x56201dae6e00] Opening '/cache/transcodes/c69a52b94403852ddacf3c344537d5b3260.mp4' for writing
[hls @ 0x56201dae6e00] Opening '/cache/transcodes/c69a52b94403852ddacf3c344537d5b3261.mp4' for writing
[hls @ 0x56201dae6e00] Opening '/cache/transcodes/c69a52b94403852ddacf3c344537d5b3262.mp4' for writing
[hls @ 0x56201dae6e00] Opening '/cache/transcodes/c69a52b94403852ddacf3c344537d5b3263.mp4' for writing
[hls @ 0x56201dae6e00] Opening '/cache/transcodes/c69a52b94403852ddacf3c344537d5b3264.mp4' for writing
[hls @ 0x56201dae6e00] Opening '/cache/transcodes/c69a52b94403852ddacf3c344537d5b3265.mp4' for writing
[hls @ 0x56201dae6e00] Opening '/cache/transcodes/c69a52b94403852ddacf3c344537d5b3266.mp4' for writing
[hls @ 0x56201dae6e00] Opening '/cache/transcodes/c69a52b94403852ddacf3c344537d5b3267.mp4' for writing
[hls @ 0x56201dae6e00] Opening '/cache/transcodes/c69a52b94403852ddacf3c344537d5b3268.mp4' for writing
[hls @ 0x56201dae6e00] Opening '/cache/transcodes/c69a52b94403852ddacf3c344537d5b3269.mp4' for writing
[hls @ 0x56201dae6e00] Opening '/cache/transcodes/c69a52b94403852ddacf3c344537d5b3270.mp4' for writing
[hls @ 0x56201dae6e00] Opening '/cache/transcodes/c69a52b94403852ddacf3c344537d5b3271.mp4' for writing
[hls @ 0x56201dae6e00] Opening '/cache/transcodes/c69a52b94403852ddacf3c344537d5b3272.mp4' for writing
[hls @ 0x56201dae6e00] Opening '/cache/transcodes/c69a52b94403852ddacf3c344537d5b3273.mp4' for writing
[hls @ 0x56201dae6e00] Opening '/cache/transcodes/c69a52b94403852ddacf3c344537d5b3274.mp4' for writing
[hls @ 0x56201dae6e00] Opening '/cache/transcodes/c69a52b94403852ddacf3c344537d5b3275.mp4' for writing
[hls @ 0x56201dae6e00] Opening '/cache/transcodes/c69a52b94403852ddacf3c344537d5b3276.mp4' for writing
[hls @ 0x56201dae6e00] Opening '/cache/transcodes/c69a52b94403852ddacf3c344537d5b3277.mp4' for writing
[hls @ 0x56201dae6e00] Opening '/cache/transcodes/c69a52b94403852ddacf3c344537d5b3278.mp4' for writing
[hls @ 0x56201dae6e00] Opening '/cache/transcodes/c69a52b94403852ddacf3c344537d5b3279.mp4' for writing
[hls @ 0x56201dae6e00] Opening '/cache/transcodes/c69a52b94403852ddacf3c344537d5b3280.mp4' for writing
[hls @ 0x56201dae6e00] Opening '/cache/transcodes/c69a52b94403852ddacf3c344537d5b3281.mp4' for writing
[hls @ 0x56201dae6e00] Opening '/cache/transcodes/c69a52b94403852ddacf3c344537d5b3282.mp4' for writing
[hls @ 0x56201dae6e00] Opening '/cache/transcodes/c69a52b94403852ddacf3c344537d5b3283.mp4' for writing
[hls @ 0x56201dae6e00] Opening '/cache/transcodes/c69a52b94403852ddacf3c344537d5b3284.mp4' for writing
[hls @ 0x56201dae6e00] Opening '/cache/transcodes/c69a52b94403852ddacf3c344537d5b3285.mp4' for writing
[hls @ 0x56201dae6e00] Opening '/cache/transcodes/c69a52b94403852ddacf3c344537d5b3286.mp4' for writing
[hls @ 0x56201dae6e00] Opening '/cache/transcodes/c69a52b94403852ddacf3c344537d5b3287.mp4' for writing
[hls @ 0x56201dae6e00] Opening '/cache/transcodes/c69a52b94403852ddacf3c344537d5b3288.mp4' for writing
[hls @ 0x56201dae6e00] Opening '/cache/transcodes/c69a52b94403852ddacf3c344537d5b3289.mp4' for writing
[hls @ 0x56201dae6e00] Opening '/cache/transcodes/c69a52b94403852ddacf3c344537d5b3290.mp4' for writing
[hls @ 0x56201dae6e00] Opening '/cache/transcodes/c69a52b94403852ddacf3c344537d5b3291.mp4' for writing
[hls @ 0x56201dae6e00] Opening '/cache/transcodes/c69a52b94403852ddacf3c344537d5b3292.mp4' for writing
[hls @ 0x56201dae6e00] Opening '/cache/transcodes/c69a52b94403852ddacf3c344537d5b3293.mp4' for writing
[hls @ 0x56201dae6e00] Opening '/cache/transcodes/c69a52b94403852ddacf3c344537d5b3294.mp4' for writing
[hls @ 0x56201dae6e00] Opening '/cache/transcodes/c69a52b94403852ddacf3c344537d5b3295.mp4' for writing
[hls @ 0x56201dae6e00] Opening '/cache/transcodes/c69a52b94403852ddacf3c344537d5b3296.mp4' for writing
[hls @ 0x56201dae6e00] Opening '/cache/transcodes/c69a52b94403852ddacf3c344537d5b3297.mp4' for writing
[hls @ 0x56201dae6e00] Opening '/cache/transcodes/c69a52b94403852ddacf3c344537d5b3298.mp4' for writing
[hls @ 0x56201dae6e00] Opening '/cache/transcodes/c69a52b94403852ddacf3c344537d5b3299.mp4' for writing
[hls @ 0x56201dae6e00] Opening '/cache/transcodes/c69a52b94403852ddacf3c344537d5b3300.mp4' for writing
[hls @ 0x56201dae6e00] Opening '/cache/transcodes/c69a52b94403852ddacf3c344537d5b3301.mp4' for writing


[q] command received. Exiting.

[hls @ 0x56201dae6e00] Opening '/cache/transcodes/c69a52b94403852ddacf3c344537d5b3302.mp4' for writing
[out#0/hls @ 0x56201db02e00] video:236075KiB audio:21340KiB subtitle:0KiB other streams:0KiB global headers:0KiB muxing overhead: unknown
size=N/A time=00:24:41.14 bitrate=N/A speed= 738x    