{"Protocol":0,"Id":"ae85418834203aee789d7e6f3d082077","Path":"/shows/Better Call Saul/Season 1/Better Call Saul (2015) - S01E01 - Uno (1080p BluRay x265 RZeroX).mkv","EncoderPath":null,"EncoderProtocol":null,"Type":0,"Container":"mkv","Size":2154943194,"Name":"Better Call Saul (2015) - S01E01 - Uno (1080p BluRay x265 RZeroX)","IsRemote":false,"ETag":"6c960abe55d767e875a32e619ce25117","RunTimeTicks":31852779999,"ReadAtNativeFramerate":false,"IgnoreDts":false,"IgnoreIndex":false,"GenPtsInput":false,"SupportsTranscoding":true,"SupportsDirectStream":true,"SupportsDirectPlay":true,"IsInfiniteStream":false,"UseMostCompatibleTranscodingProfile":false,"RequiresOpening":false,"OpenToken":null,"RequiresClosing":false,"LiveStreamId":null,"BufferMs":null,"RequiresLooping":false,"SupportsProbing":true,"VideoType":0,"IsoType":null,"Video3DFormat":null,"MediaStreams":[{"Codec":"hevc","CodecTag":null,"Language":null,"ColorRange":null,"ColorSpace":null,"ColorTransfer":null,"ColorPrimaries":null,"DvVersionMajor":null,"DvVersionMinor":null,"DvProfile":null,"DvLevel":null,"RpuPresentFlag":null,"ElPresentFlag":null,"BlPresentFlag":null,"DvBlSignalCompatibilityId":null,"Rotation":null,"Comment":null,"TimeBase":"1/1000","CodecTimeBase":null,"Title":null,"VideoRange":1,"VideoRangeType":1,"VideoDoViTitle":null,"AudioSpatialFormat":0,"LocalizedUndefined":null,"LocalizedDefault":null,"LocalizedForced":null,"LocalizedExternal":null,"LocalizedHearingImpaired":null,"DisplayTitle":"1080p HEVC SDR","NalLengthSize":null,"IsInterlaced":false,"IsAVC":false,"ChannelLayout":null,"BitRate":5412257,"BitDepth":10,"RefFrames":1,"PacketLength":null,"Channels":null,"SampleRate":null,"IsDefault":true,"IsForced":false,"IsHearingImpaired":false,"Height":1080,"Width":1920,"AverageFrameRate":23.976025,"RealFrameRate":23.976025,"ReferenceFrameRate":23.976025,"Profile":"Main 10","Type":1,"AspectRatio":"16:9","Index":0,"Score":null,"IsExternal":false,"DeliveryMethod":null,"DeliveryUrl":null,"IsExternalUrl":null,"IsTextSubtitleStream":false,"SupportsExternalStream":false,"Path":null,"PixelFormat":"yuv420p10le","Level":120,"IsAnamorphic":false},{"Codec":"aac","CodecTag":null,"Language":"eng","ColorRange":null,"ColorSpace":null,"ColorTransfer":null,"ColorPrimaries":null,"DvVersionMajor":null,"DvVersionMinor":null,"DvProfile":null,"DvLevel":null,"RpuPresentFlag":null,"ElPresentFlag":null,"BlPresentFlag":null,"DvBlSignalCompatibilityId":null,"Rotation":null,"Comment":null,"TimeBase":"1/1000","CodecTimeBase":null,"Title":null,"VideoRange":0,"VideoRangeType":0,"VideoDoViTitle":null,"AudioSpatialFormat":0,"LocalizedUndefined":null,"LocalizedDefault":"Default","LocalizedForced":null,"LocalizedExternal":"External","LocalizedHearingImpaired":null,"DisplayTitle":"English - AAC - 5.1","NalLengthSize":null,"IsInterlaced":false,"IsAVC":false,"ChannelLayout":"5.1","BitRate":403342,"BitDepth":null,"RefFrames":null,"PacketLength":null,"Channels":6,"SampleRate":48000,"IsDefault":false,"IsForced":false,"IsHearingImpaired":false,"Height":null,"Width":null,"AverageFrameRate":null,"RealFrameRate":null,"ReferenceFrameRate":null,"Profile":"LC","Type":0,"AspectRatio":null,"Index":1,"Score":null,"IsExternal":false,"DeliveryMethod":null,"DeliveryUrl":null,"IsExternalUrl":null,"IsTextSubtitleStream":false,"SupportsExternalStream":false,"Path":null,"PixelFormat":null,"Level":0,"IsAnamorphic":null},{"Codec":"aac","CodecTag":null,"Language":"ger","ColorRange":null,"ColorSpace":null,"ColorTransfer":null,"ColorPrimaries":null,"DvVersionMajor":null,"DvVersionMinor":null,"DvProfile":null,"DvLevel":null,"RpuPresentFlag":null,"ElPresentFlag":null,"BlPresentFlag":null,"DvBlSignalCompatibilityId":null,"Rotation":null,"Comment":null,"TimeBase":"1/1000","CodecTimeBase":null,"Title":null,"VideoRange":0,"VideoRangeType":0,"VideoDoViTitle":null,"AudioSpatialFormat":0,"LocalizedUndefined":null,"LocalizedDefault":"Default","LocalizedForced":null,"LocalizedExternal":"External","LocalizedHearingImpaired":null,"DisplayTitle":"Ger - HE-AAC - 5.1","NalLengthSize":null,"IsInterlaced":false,"IsAVC":false,"ChannelLayout":"5.1","BitRate":191999,"BitDepth":null,"RefFrames":null,"PacketLength":null,"Channels":6,"SampleRate":48000,"IsDefault":false,"IsForced":false,"IsHearingImpaired":false,"Height":null,"Width":null,"AverageFrameRate":null,"RealFrameRate":null,"ReferenceFrameRate":null,"Profile":"HE-AAC","Type":0,"AspectRatio":null,"Index":2,"Score":null,"IsExternal":false,"DeliveryMethod":null,"DeliveryUrl":null,"IsExternalUrl":null,"IsTextSubtitleStream":false,"SupportsExternalStream":false,"Path":null,"PixelFormat":null,"Level":0,"IsAnamorphic":null},{"Codec":"aac","CodecTag":null,"Language":"spa","ColorRange":null,"ColorSpace":null,"ColorTransfer":null,"ColorPrimaries":null,"DvVersionMajor":null,"DvVersionMinor":null,"DvProfile":null,"DvLevel":null,"RpuPresentFlag":null,"ElPresentFlag":null,"BlPresentFlag":null,"DvBlSignalCompatibilityId":null,"Rotation":null,"Comment":null,"TimeBase":"1/1000","CodecTimeBase":null,"Title":null,"VideoRange":0,"VideoRangeType":0,"VideoDoViTitle":null,"AudioSpatialFormat":0,"LocalizedUndefined":null,"LocalizedDefault":"Default","LocalizedForced":null,"LocalizedExternal":"External","LocalizedHearingImpaired":null,"DisplayTitle":"Spanish - HE-AAC - 5.1","NalLengthSize":null,"IsInterlaced":false,"IsAVC":false,"ChannelLayout":"5.1","BitRate":191999,"BitDepth":null,"RefFrames":null,"PacketLength":null,"Channels":6,"SampleRate":48000,"IsDefault":false,"IsForced":false,"IsHearingImpaired":false,"Height":null,"Width":null,"AverageFrameRate":null,"RealFrameRate":null,"ReferenceFrameRate":null,"Profile":"HE-AAC","Type":0,"AspectRatio":null,"Index":3,"Score":null,"IsExternal":false,"DeliveryMethod":null,"DeliveryUrl":null,"IsExternalUrl":null,"IsTextSubtitleStream":false,"SupportsExternalStream":false,"Path":null,"PixelFormat":null,"Level":0,"IsAnamorphic":null},{"Codec":"aac","CodecTag":null,"Language":"eng","ColorRange":null,"ColorSpace":null,"ColorTransfer":null,"ColorPrimaries":null,"DvVersionMajor":null,"DvVersionMinor":null,"DvProfile":null,"DvLevel":null,"RpuPresentFlag":null,"ElPresentFlag":null,"BlPresentFlag":null,"DvBlSignalCompatibilityId":null,"Rotation":null,"Comment":null,"TimeBase":"1/1000","CodecTimeBase":null,"Title":"Commentary with Vince Gilligan, Peter Gould, Bob Odenkirk, Michael McKean, Stewart Lyons, Diane Mercer \u0026 Thomas Golubic","VideoRange":0,"VideoRangeType":0,"VideoDoViTitle":null,"AudioSpatialFormat":0,"LocalizedUndefined":null,"LocalizedDefault":"Default","LocalizedForced":null,"LocalizedExternal":"External","LocalizedHearingImpaired":null,"DisplayTitle":"Commentary with Vince Gilligan, Peter Gould, Bob Odenkirk, Michael McKean, Stewart Lyons, Diane Mercer \u0026 Thomas Golubic - English - HE-AAC - Stereo","NalLengthSize":null,"IsInterlaced":false,"IsAVC":false,"ChannelLayout":"stereo","BitRate":79999,"BitDepth":null,"RefFrames":null,"PacketLength":null,"Channels":2,"SampleRate":48000,"IsDefault":false,"IsForced":false,"IsHearingImpaired":false,"Height":null,"Width":null,"AverageFrameRate":null,"RealFrameRate":null,"ReferenceFrameRate":null,"Profile":"HE-AAC","Type":0,"AspectRatio":null,"Index":4,"Score":null,"IsExternal":false,"DeliveryMethod":null,"DeliveryUrl":null,"IsExternalUrl":null,"IsTextSubtitleStream":false,"SupportsExternalStream":false,"Path":null,"PixelFormat":null,"Level":0,"IsAnamorphic":null},{"Codec":"PGSSUB","CodecTag":null,"Language":"eng","ColorRange":null,"ColorSpace":null,"ColorTransfer":null,"ColorPrimaries":null,"DvVersionMajor":null,"DvVersionMinor":null,"DvProfile":null,"DvLevel":null,"RpuPresentFlag":null,"ElPresentFlag":null,"BlPresentFlag":null,"DvBlSignalCompatibilityId":null,"Rotation":null,"Comment":null,"TimeBase":"1/1000","CodecTimeBase":null,"Title":null,"VideoRange":0,"VideoRangeType":0,"VideoDoViTitle":null,"AudioSpatialFormat":0,"LocalizedUndefined":"Undefined","LocalizedDefault":"Default","LocalizedForced":"Forced","LocalizedExternal":"External","LocalizedHearingImpaired":"Hearing Impaired","DisplayTitle":"English - PGSSUB","NalLengthSize":null,"IsInterlaced":false,"IsAVC":false,"ChannelLayout":null,"BitRate":null,"BitDepth":null,"RefFrames":null,"PacketLength":null,"Channels":null,"SampleRate":null,"IsDefault":false,"IsForced":false,"IsHearingImpaired":false,"Height":1080,"Width":1920,"AverageFrameRate":null,"RealFrameRate":null,"ReferenceFrameRate":null,"Profile":null,"Type":2,"AspectRatio":null,"Index":5,"Score":null,"IsExternal":false,"DeliveryMethod":null,"DeliveryUrl":null,"IsExternalUrl":null,"IsTextSubtitleStream":false,"SupportsExternalStream":true,"Path":null,"PixelFormat":null,"Level":0,"IsAnamorphic":null},{"Codec":"PGSSUB","CodecTag":null,"Language":"ara","ColorRange":null,"ColorSpace":null,"ColorTransfer":null,"ColorPrimaries":null,"DvVersionMajor":null,"DvVersionMinor":null,"DvProfile":null,"DvLevel":null,"RpuPresentFlag":null,"ElPresentFlag":null,"BlPresentFlag":null,"DvBlSignalCompatibilityId":null,"Rotation":null,"Comment":null,"TimeBase":"1/1000","CodecTimeBase":null,"Title":null,"VideoRange":0,"VideoRangeType":0,"VideoDoViTitle":null,"AudioSpatialFormat":0,"LocalizedUndefined":"Undefined","LocalizedDefault":"Default","LocalizedForced":"Forced","LocalizedExternal":"External","LocalizedHearingImpaired":"Hearing Impaired","DisplayTitle":"Arabic - PGSSUB","NalLengthSize":null,"IsInterlaced":false,"IsAVC":false,"ChannelLayout":null,"BitRate":null,"BitDepth":null,"RefFrames":null,"PacketLength":null,"Channels":null,"SampleRate":null,"IsDefault":false,"IsForced":false,"IsHearingImpaired":false,"Height":1080,"Width":1920,"AverageFrameRate":null,"RealFrameRate":null,"ReferenceFrameRate":null,"Profile":null,"Type":2,"AspectRatio":null,"Index":6,"Score":null,"IsExternal":false,"DeliveryMethod":null,"DeliveryUrl":null,"IsExternalUrl":null,"IsTextSubtitleStream":false,"SupportsExternalStream":true,"Path":null,"PixelFormat":null,"Level":0,"IsAnamorphic":null},{"Codec":"PGSSUB","CodecTag":null,"Language":"dan","ColorRange":null,"ColorSpace":null,"ColorTransfer":null,"ColorPrimaries":null,"DvVersionMajor":null,"DvVersionMinor":null,"DvProfile":null,"DvLevel":null,"RpuPresentFlag":null,"ElPresentFlag":null,"BlPresentFlag":null,"DvBlSignalCompatibilityId":null,"Rotation":null,"Comment":null,"TimeBase":"1/1000","CodecTimeBase":null,"Title":null,"VideoRange":0,"VideoRangeType":0,"VideoDoViTitle":null,"AudioSpatialFormat":0,"LocalizedUndefined":"Undefined","LocalizedDefault":"Default","LocalizedForced":"Forced","LocalizedExternal":"External","LocalizedHearingImpaired":"Hearing Impaired","DisplayTitle":"Danish - PGSSUB","NalLengthSize":null,"IsInterlaced":false,"IsAVC":false,"ChannelLayout":null,"BitRate":null,"BitDepth":null,"RefFrames":null,"PacketLength":null,"Channels":null,"SampleRate":null,"IsDefault":false,"IsForced":false,"IsHearingImpaired":false,"Height":1080,"Width":1920,"AverageFrameRate":null,"RealFrameRate":null,"ReferenceFrameRate":null,"Profile":null,"Type":2,"AspectRatio":null,"Index":7,"Score":null,"IsExternal":false,"DeliveryMethod":null,"DeliveryUrl":null,"IsExternalUrl":null,"IsTextSubtitleStream":false,"SupportsExternalStream":true,"Path":null,"PixelFormat":null,"Level":0,"IsAnamorphic":null},{"Codec":"PGSSUB","CodecTag":null,"Language":"fin","ColorRange":null,"ColorSpace":null,"ColorTransfer":null,"ColorPrimaries":null,"DvVersionMajor":null,"DvVersionMinor":null,"DvProfile":null,"DvLevel":null,"RpuPresentFlag":null,"ElPresentFlag":null,"BlPresentFlag":null,"DvBlSignalCompatibilityId":null,"Rotation":null,"Comment":null,"TimeBase":"1/1000","CodecTimeBase":null,"Title":null,"VideoRange":0,"VideoRangeType":0,"VideoDoViTitle":null,"AudioSpatialFormat":0,"LocalizedUndefined":"Undefined","LocalizedDefault":"Default","LocalizedForced":"Forced","LocalizedExternal":"External","LocalizedHearingImpaired":"Hearing Impaired","DisplayTitle":"Finnish - PGSSUB","NalLengthSize":null,"IsInterlaced":false,"IsAVC":false,"ChannelLayout":null,"BitRate":null,"BitDepth":null,"RefFrames":null,"PacketLength":null,"Channels":null,"SampleRate":null,"IsDefault":false,"IsForced":false,"IsHearingImpaired":false,"Height":1080,"Width":1920,"AverageFrameRate":null,"RealFrameRate":null,"ReferenceFrameRate":null,"Profile":null,"Type":2,"AspectRatio":null,"Index":8,"Score":null,"IsExternal":false,"DeliveryMethod":null,"DeliveryUrl":null,"IsExternalUrl":null,"IsTextSubtitleStream":false,"SupportsExternalStream":true,"Path":null,"PixelFormat":null,"Level":0,"IsAnamorphic":null},{"Codec":"PGSSUB","CodecTag":null,"Language":"ger","ColorRange":null,"ColorSpace":null,"ColorTransfer":null,"ColorPrimaries":null,"DvVersionMajor":null,"DvVersionMinor":null,"DvProfile":null,"DvLevel":null,"RpuPresentFlag":null,"ElPresentFlag":null,"BlPresentFlag":null,"DvBlSignalCompatibilityId":null,"Rotation":null,"Comment":null,"TimeBase":"1/1000","CodecTimeBase":null,"Title":null,"VideoRange":0,"VideoRangeType":0,"VideoDoViTitle":null,"AudioSpatialFormat":0,"LocalizedUndefined":"Undefined","LocalizedDefault":"Default","LocalizedForced":"Forced","LocalizedExternal":"External","LocalizedHearingImpaired":"Hearing Impaired","DisplayTitle":"Ger - PGSSUB","NalLengthSize":null,"IsInterlaced":false,"IsAVC":false,"ChannelLayout":null,"BitRate":null,"BitDepth":null,"RefFrames":null,"PacketLength":null,"Channels":null,"SampleRate":null,"IsDefault":false,"IsForced":false,"IsHearingImpaired":false,"Height":1080,"Width":1920,"AverageFrameRate":null,"RealFrameRate":null,"ReferenceFrameRate":null,"Profile":null,"Type":2,"AspectRatio":null,"Index":9,"Score":null,"IsExternal":false,"DeliveryMethod":null,"DeliveryUrl":null,"IsExternalUrl":null,"IsTextSubtitleStream":false,"SupportsExternalStream":true,"Path":null,"PixelFormat":null,"Level":0,"IsAnamorphic":null},{"Codec":"PGSSUB","CodecTag":null,"Language":"hin","ColorRange":null,"ColorSpace":null,"ColorTransfer":null,"ColorPrimaries":null,"DvVersionMajor":null,"DvVersionMinor":null,"DvProfile":null,"DvLevel":null,"RpuPresentFlag":null,"ElPresentFlag":null,"BlPresentFlag":null,"DvBlSignalCompatibilityId":null,"Rotation":null,"Comment":null,"TimeBase":"1/1000","CodecTimeBase":null,"Title":null,"VideoRange":0,"VideoRangeType":0,"VideoDoViTitle":null,"AudioSpatialFormat":0,"LocalizedUndefined":"Undefined","LocalizedDefault":"Default","LocalizedForced":"Forced","LocalizedExternal":"External","LocalizedHearingImpaired":"Hearing Impaired","DisplayTitle":"Hindi - PGSSUB","NalLengthSize":null,"IsInterlaced":false,"IsAVC":false,"ChannelLayout":null,"BitRate":null,"BitDepth":null,"RefFrames":null,"PacketLength":null,"Channels":null,"SampleRate":null,"IsDefault":false,"IsForced":false,"IsHearingImpaired":false,"Height":1080,"Width":1920,"AverageFrameRate":null,"RealFrameRate":null,"ReferenceFrameRate":null,"Profile":null,"Type":2,"AspectRatio":null,"Index":10,"Score":null,"IsExternal":false,"DeliveryMethod":null,"DeliveryUrl":null,"IsExternalUrl":null,"IsTextSubtitleStream":false,"SupportsExternalStream":true,"Path":null,"PixelFormat":null,"Level":0,"IsAnamorphic":null},{"Codec":"PGSSUB","CodecTag":null,"Language":"nob","ColorRange":null,"ColorSpace":null,"ColorTransfer":null,"ColorPrimaries":null,"DvVersionMajor":null,"DvVersionMinor":null,"DvProfile":null,"DvLevel":null,"RpuPresentFlag":null,"ElPresentFlag":null,"BlPresentFlag":null,"DvBlSignalCompatibilityId":null,"Rotation":null,"Comment":null,"TimeBase":"1/1000","CodecTimeBase":null,"Title":null,"VideoRange":0,"VideoRangeType":0,"VideoDoViTitle":null,"AudioSpatialFormat":0,"LocalizedUndefined":"Undefined","LocalizedDefault":"Default","LocalizedForced":"Forced","LocalizedExternal":"External","LocalizedHearingImpaired":"Hearing Impaired","DisplayTitle":"Norwegian Bokm\u00E5l - PGSSUB","NalLengthSize":null,"IsInterlaced":false,"IsAVC":false,"ChannelLayout":null,"BitRate":null,"BitDepth":null,"RefFrames":null,"PacketLength":null,"Channels":null,"SampleRate":null,"IsDefault":false,"IsForced":false,"IsHearingImpaired":false,"Height":1080,"Width":1920,"AverageFrameRate":null,"RealFrameRate":null,"ReferenceFrameRate":null,"Profile":null,"Type":2,"AspectRatio":null,"Index":11,"Score":null,"IsExternal":false,"DeliveryMethod":null,"DeliveryUrl":null,"IsExternalUrl":null,"IsTextSubtitleStream":false,"SupportsExternalStream":true,"Path":null,"PixelFormat":null,"Level":0,"IsAnamorphic":null},{"Codec":"PGSSUB","CodecTag":null,"Language":"pol","ColorRange":null,"ColorSpace":null,"ColorTransfer":null,"ColorPrimaries":null,"DvVersionMajor":null,"DvVersionMinor":null,"DvProfile":null,"DvLevel":null,"RpuPresentFlag":null,"ElPresentFlag":null,"BlPresentFlag":null,"DvBlSignalCompatibilityId":null,"Rotation":null,"Comment":null,"TimeBase":"1/1000","CodecTimeBase":null,"Title":null,"VideoRange":0,"VideoRangeType":0,"VideoDoViTitle":null,"AudioSpatialFormat":0,"LocalizedUndefined":"Undefined","LocalizedDefault":"Default","LocalizedForced":"Forced","LocalizedExternal":"External","LocalizedHearingImpaired":"Hearing Impaired","DisplayTitle":"Polish - PGSSUB","NalLengthSize":null,"IsInterlaced":false,"IsAVC":false,"ChannelLayout":null,"BitRate":null,"BitDepth":null,"RefFrames":null,"PacketLength":null,"Channels":null,"SampleRate":null,"IsDefault":false,"IsForced":false,"IsHearingImpaired":false,"Height":1080,"Width":1920,"AverageFrameRate":null,"RealFrameRate":null,"ReferenceFrameRate":null,"Profile":null,"Type":2,"AspectRatio":null,"Index":12,"Score":null,"IsExternal":false,"DeliveryMethod":null,"DeliveryUrl":null,"IsExternalUrl":null,"IsTextSubtitleStream":false,"SupportsExternalStream":true,"Path":null,"PixelFormat":null,"Level":0,"IsAnamorphic":null},{"Codec":"PGSSUB","CodecTag":null,"Language":"spa","ColorRange":null,"ColorSpace":null,"ColorTransfer":null,"ColorPrimaries":null,"DvVersionMajor":null,"DvVersionMinor":null,"DvProfile":null,"DvLevel":null,"RpuPresentFlag":null,"ElPresentFlag":null,"BlPresentFlag":null,"DvBlSignalCompatibilityId":null,"Rotation":null,"Comment":null,"TimeBase":"1/1000","CodecTimeBase":null,"Title":null,"VideoRange":0,"VideoRangeType":0,"VideoDoViTitle":null,"AudioSpatialFormat":0,"LocalizedUndefined":"Undefined","LocalizedDefault":"Default","LocalizedForced":"Forced","LocalizedExternal":"External","LocalizedHearingImpaired":"Hearing Impaired","DisplayTitle":"Spanish - PGSSUB","NalLengthSize":null,"IsInterlaced":false,"IsAVC":false,"ChannelLayout":null,"BitRate":null,"BitDepth":null,"RefFrames":null,"PacketLength":null,"Channels":null,"SampleRate":null,"IsDefault":false,"IsForced":false,"IsHearingImpaired":false,"Height":1080,"Width":1920,"AverageFrameRate":null,"RealFrameRate":null,"ReferenceFrameRate":null,"Profile":null,"Type":2,"AspectRatio":null,"Index":13,"Score":null,"IsExternal":false,"DeliveryMethod":null,"DeliveryUrl":null,"IsExternalUrl":null,"IsTextSubtitleStream":false,"SupportsExternalStream":true,"Path":null,"PixelFormat":null,"Level":0,"IsAnamorphic":null},{"Codec":"PGSSUB","CodecTag":null,"Language":"swe","ColorRange":null,"ColorSpace":null,"ColorTransfer":null,"ColorPrimaries":null,"DvVersionMajor":null,"DvVersionMinor":null,"DvProfile":null,"DvLevel":null,"RpuPresentFlag":null,"ElPresentFlag":null,"BlPresentFlag":null,"DvBlSignalCompatibilityId":null,"Rotation":null,"Comment":null,"TimeBase":"1/1000","CodecTimeBase":null,"Title":null,"VideoRange":0,"VideoRangeType":0,"VideoDoViTitle":null,"AudioSpatialFormat":0,"LocalizedUndefined":"Undefined","LocalizedDefault":"Default","LocalizedForced":"Forced","LocalizedExternal":"External","LocalizedHearingImpaired":"Hearing Impaired","DisplayTitle":"Swedish - PGSSUB","NalLengthSize":null,"IsInterlaced":false,"IsAVC":false,"ChannelLayout":null,"BitRate":null,"BitDepth":null,"RefFrames":null,"PacketLength":null,"Channels":null,"SampleRate":null,"IsDefault":false,"IsForced":false,"IsHearingImpaired":false,"Height":1080,"Width":1920,"AverageFrameRate":null,"RealFrameRate":null,"ReferenceFrameRate":null,"Profile":null,"Type":2,"AspectRatio":null,"Index":14,"Score":null,"IsExternal":false,"DeliveryMethod":null,"DeliveryUrl":null,"IsExternalUrl":null,"IsTextSubtitleStream":false,"SupportsExternalStream":true,"Path":null,"PixelFormat":null,"Level":0,"IsAnamorphic":null},{"Codec":"PGSSUB","CodecTag":null,"Language":"tur","ColorRange":null,"ColorSpace":null,"ColorTransfer":null,"ColorPrimaries":null,"DvVersionMajor":null,"DvVersionMinor":null,"DvProfile":null,"DvLevel":null,"RpuPresentFlag":null,"ElPresentFlag":null,"BlPresentFlag":null,"DvBlSignalCompatibilityId":null,"Rotation":null,"Comment":null,"TimeBase":"1/1000","CodecTimeBase":null,"Title":null,"VideoRange":0,"VideoRangeType":0,"VideoDoViTitle":null,"AudioSpatialFormat":0,"LocalizedUndefined":"Undefined","LocalizedDefault":"Default","LocalizedForced":"Forced","LocalizedExternal":"External","LocalizedHearingImpaired":"Hearing Impaired","DisplayTitle":"Turkish - PGSSUB","NalLengthSize":null,"IsInterlaced":false,"IsAVC":false,"ChannelLayout":null,"BitRate":null,"BitDepth":null,"RefFrames":null,"PacketLength":null,"Channels":null,"SampleRate":null,"IsDefault":false,"IsForced":false,"IsHearingImpaired":false,"Height":1080,"Width":1920,"AverageFrameRate":null,"RealFrameRate":null,"ReferenceFrameRate":null,"Profile":null,"Type":2,"AspectRatio":null,"Index":15,"Score":null,"IsExternal":false,"DeliveryMethod":null,"DeliveryUrl":null,"IsExternalUrl":null,"IsTextSubtitleStream":false,"SupportsExternalStream":true,"Path":null,"PixelFormat":null,"Level":0,"IsAnamorphic":null},{"Codec":"PGSSUB","CodecTag":null,"Language":"eng","ColorRange":null,"ColorSpace":null,"ColorTransfer":null,"ColorPrimaries":null,"DvVersionMajor":null,"DvVersionMinor":null,"DvProfile":null,"DvLevel":null,"RpuPresentFlag":null,"ElPresentFlag":null,"BlPresentFlag":null,"DvBlSignalCompatibilityId":null,"Rotation":null,"Comment":null,"TimeBase":"1/1000","CodecTimeBase":null,"Title":"Commentary with Vince Gilligan, Peter Gould, Bob Odenkirk, Michael McKean, Stewart Lyons, Diane Mercer \u0026 Thomas Golubic","VideoRange":0,"VideoRangeType":0,"VideoDoViTitle":null,"AudioSpatialFormat":0,"LocalizedUndefined":"Undefined","LocalizedDefault":"Default","LocalizedForced":"Forced","LocalizedExternal":"External","LocalizedHearingImpaired":"Hearing Impaired","DisplayTitle":"Commentary with Vince Gilligan, Peter Gould, Bob Odenkirk, Michael McKean, Stewart Lyons, Diane Mercer \u0026 Thomas Golubic - English - PGSSUB","NalLengthSize":null,"IsInterlaced":false,"IsAVC":false,"ChannelLayout":null,"BitRate":null,"BitDepth":null,"RefFrames":null,"PacketLength":null,"Channels":null,"SampleRate":null,"IsDefault":false,"IsForced":false,"IsHearingImpaired":false,"Height":1080,"Width":1920,"AverageFrameRate":null,"RealFrameRate":null,"ReferenceFrameRate":null,"Profile":null,"Type":2,"AspectRatio":null,"Index":16,"Score":null,"IsExternal":false,"DeliveryMethod":null,"DeliveryUrl":null,"IsExternalUrl":null,"IsTextSubtitleStream":false,"SupportsExternalStream":true,"Path":null,"PixelFormat":null,"Level":0,"IsAnamorphic":null},{"Codec":"PGSSUB","CodecTag":null,"Language":"ger","ColorRange":null,"ColorSpace":null,"ColorTransfer":null,"ColorPrimaries":null,"DvVersionMajor":null,"DvVersionMinor":null,"DvProfile":null,"DvLevel":null,"RpuPresentFlag":null,"ElPresentFlag":null,"BlPresentFlag":null,"DvBlSignalCompatibilityId":null,"Rotation":null,"Comment":null,"TimeBase":"1/1000","CodecTimeBase":null,"Title":"Commentary with Vince Gilligan, Peter Gould, Bob Odenkirk, Michael McKean, Stewart Lyons, Diane Mercer \u0026 Thomas Golubic","VideoRange":0,"VideoRangeType":0,"VideoDoViTitle":null,"AudioSpatialFormat":0,"LocalizedUndefined":"Undefined","LocalizedDefault":"Default","LocalizedForced":"Forced","LocalizedExternal":"External","LocalizedHearingImpaired":"Hearing Impaired","DisplayTitle":"Commentary with Vince Gilligan, Peter Gould, Bob Odenkirk, Michael McKean, Stewart Lyons, Diane Mercer \u0026 Thomas Golubic - Ger - PGSSUB","NalLengthSize":null,"IsInterlaced":false,"IsAVC":false,"ChannelLayout":null,"BitRate":null,"BitDepth":null,"RefFrames":null,"PacketLength":null,"Channels":null,"SampleRate":null,"IsDefault":false,"IsForced":false,"IsHearingImpaired":false,"Height":1080,"Width":1920,"AverageFrameRate":null,"RealFrameRate":null,"ReferenceFrameRate":null,"Profile":null,"Type":2,"AspectRatio":null,"Index":17,"Score":null,"IsExternal":false,"DeliveryMethod":null,"DeliveryUrl":null,"IsExternalUrl":null,"IsTextSubtitleStream":false,"SupportsExternalStream":true,"Path":null,"PixelFormat":null,"Level":0,"IsAnamorphic":null},{"Codec":"PGSSUB","CodecTag":null,"Language":"spa","ColorRange":null,"ColorSpace":null,"ColorTransfer":null,"ColorPrimaries":null,"DvVersionMajor":null,"DvVersionMinor":null,"DvProfile":null,"DvLevel":null,"RpuPresentFlag":null,"ElPresentFlag":null,"BlPresentFlag":null,"DvBlSignalCompatibilityId":null,"Rotation":null,"Comment":null,"TimeBase":"1/1000","CodecTimeBase":null,"Title":"Commentary with Vince Gilligan, Peter Gould, Bob Odenkirk, Michael McKean, Stewart Lyons, Diane Mercer \u0026 Thomas Golubic","VideoRange":0,"VideoRangeType":0,"VideoDoViTitle":null,"AudioSpatialFormat":0,"LocalizedUndefined":"Undefined","LocalizedDefault":"Default","LocalizedForced":"Forced","LocalizedExternal":"External","LocalizedHearingImpaired":"Hearing Impaired","DisplayTitle":"Commentary with Vince Gilligan, Peter Gould, Bob Odenkirk, Michael McKean, Stewart Lyons, Diane Mercer \u0026 Thomas Golubic - Spanish - PGSSUB","NalLengthSize":null,"IsInterlaced":false,"IsAVC":false,"ChannelLayout":null,"BitRate":null,"BitDepth":null,"RefFrames":null,"PacketLength":null,"Channels":null,"SampleRate":null,"IsDefault":false,"IsForced":false,"IsHearingImpaired":false,"Height":1080,"Width":1920,"AverageFrameRate":null,"RealFrameRate":null,"ReferenceFrameRate":null,"Profile":null,"Type":2,"AspectRatio":null,"Index":18,"Score":null,"IsExternal":false,"DeliveryMethod":null,"DeliveryUrl":null,"IsExternalUrl":null,"IsTextSubtitleStream":false,"SupportsExternalStream":true,"Path":null,"PixelFormat":null,"Level":0,"IsAnamorphic":null}],"MediaAttachments":[],"Formats":[],"Bitrate":6279596,"FallbackMaxStreamingBitrate":null,"Timestamp":null,"RequiredHttpHeaders":{},"TranscodingUrl":null,"TranscodingSubProtocol":0,"TranscodingContainer":null,"AnalyzeDurationMs":null,"DefaultAudioStreamIndex":null,"DefaultSubtitleStreamIndex":null,"HasSegments":false}

/usr/lib/jellyfin-ffmpeg/ffmpeg -analyzeduration 200M -probesize 1G  -canvas_size 1920x1080 -i file:"/shows/Better Call Saul/Season 1/Better Call Saul (2015) - S01E01 - Uno (1080p BluRay x265 RZeroX).mkv" -map_metadata -1 -map_chapters -1 -threads 0 -map 0:0 -map 0:1 -map -0:0 -codec:v:0 libx264 -preset veryfast -crf 23 -maxrate 9020428 -bufsize 18040856 -profile:v:0 high -level 51 -x264opts:0 subme=0:me_range=16:rc_lookahead=10:me=hex:open_gop=0 -force_key_frames:0 "expr:gte(t,n_forced*3)" -sc_threshold:v:0 0 -filter_complex "[0:5]scale,scale=1920:1080:fast_bilinear[sub];[0:0]setparams=color_primaries=bt709:color_trc=bt709:colorspace=bt709,scale=trunc(min(max(iw\,ih*a)\,min(1920\,1080*a))/2)*2:trunc(min(max(iw/a\,ih)\,min(1920/a\,1080))/2)*2,format=yuv420p[main];[main][sub]overlay=eof_action=pass:repeatlast=0" -start_at_zero -codec:a:0 libfdk_aac -ac 2 -ab 256000 -af "volume=2" -copyts -avoid_negative_ts disabled -max_muxing_queue_size 2048 -f hls -max_delay 5000000 -hls_time 3 -hls_segment_type fmp4 -hls_fmp4_init_filename "45e300d61aac8fee6120c2d33afcaa8a-1.mp4" -start_number 0 -hls_segment_filename "/cache/transcodes/45e300d61aac8fee6120c2d33afcaa8a%d.mp4" -hls_playlist_type vod -hls_list_size 0 -y "/cache/transcodes/45e300d61aac8fee6120c2d33afcaa8a.m3u8"


ffmpeg version 7.0.2-Jellyfin Copyright (c) 2000-2024 the FFmpeg developers
  built with gcc 12 (Debian 12.2.0-14)
  configuration: --prefix=/usr/lib/jellyfin-ffmpeg --target-os=linux --extra-version=Jellyfin --disable-doc --disable-ffplay --disable-ptx-compression --disable-static --disable-libxcb --disable-sdl2 --disable-xlib --enable-lto=auto --enable-gpl --enable-version3 --enable-shared --enable-gmp --enable-gnutls --enable-chromaprint --enable-opencl --enable-libdrm --enable-libxml2 --enable-libass --enable-libfreetype --enable-libfribidi --enable-libfontconfig --enable-libharfbuzz --enable-libbluray --enable-libmp3lame --enable-libopus --enable-libtheora --enable-libvorbis --enable-libopenmpt --enable-libdav1d --enable-libsvtav1 --enable-libwebp --enable-libvpx --enable-libx264 --enable-libx265 --enable-libzvbi --enable-libzimg --enable-libfdk-aac --arch=amd64 --enable-libshaderc --enable-libplacebo --enable-vulkan --enable-vaapi --enable-amf --enable-libvpl --enable-ffnvcodec --enable-cuda --enable-cuda-llvm --enable-cuvid --enable-nvdec --enable-nvenc
  libavutil      59.  8.100 / 59.  8.100
  libavcodec     61.  3.100 / 61.  3.100
  libavformat    61.  1.100 / 61.  1.100
  libavdevice    61.  1.100 / 61.  1.100
  libavfilter    10.  1.100 / 10.  1.100
  libswscale      8.  1.100 /  8.  1.100
  libswresample   5.  1.100 /  5.  1.100
  libpostproc    58.  1.100 / 58.  1.100
Input #0, matroska,webm, from 'file:/shows/Better Call Saul/Season 1/Better Call Saul (2015) - S01E01 - Uno (1080p BluRay x265 RZeroX).mkv':
  Metadata:
    title           : Better Call Saul - Season 01 - Disc 1
    encoder         : libebml v1.3.6 + libmatroska v1.4.9
    creation_time   : 2018-08-07T15:54:02.000000Z
  Duration: 00:53:05.28, start: 0.000000, bitrate: 5412 kb/s
  Chapters:
    Chapter #0:0: start 0.000000, end 377.085042
      Metadata:
        title           : Chapter 01
    Chapter #0:1: start 377.085042, end 1418.625542
      Metadata:
        title           : Chapter 02
    Chapter #0:2: start 1418.625542, end 1835.375208
      Metadata:
        title           : Chapter 03
    Chapter #0:3: start 1835.375208, end 2362.902208
      Metadata:
        title           : Chapter 04
    Chapter #0:4: start 2362.902208, end 2732.020958
      Metadata:
        title           : Chapter 05
    Chapter #0:5: start 2732.020958, end 3140.387250
      Metadata:
        title           : Chapter 06
    Chapter #0:6: start 3140.387250, end 3185.184000
      Metadata:
        title           : Chapter 07
  Stream #0:0: Video: hevc (Main 10), yuv420p10le(tv), 1920x1080, SAR 1:1 DAR 16:9, 23.98 fps, 23.98 tbr, 1k tbn (default)
      Metadata:
        BPS-eng         : 4296890
        DURATION-eng    : 00:53:05.182000000
        NUMBER_OF_FRAMES-eng: 76368
        NUMBER_OF_BYTES-eng: 1710797340
        _STATISTICS_WRITING_APP-eng: mkvmerge v25.0.0 ('Prog Noir') 64-bit
        _STATISTICS_WRITING_DATE_UTC-eng: 2018-08-07 15:54:02
        _STATISTICS_TAGS-eng: BPS DURATION NUMBER_OF_FRAMES NUMBER_OF_BYTES
  Stream #0:1(eng): Audio: aac (LC), 48000 Hz, 5.1, fltp
      Metadata:
        BPS-eng         : 403342
        DURATION-eng    : 00:53:05.173000000
        NUMBER_OF_FRAMES-eng: 149305
        NUMBER_OF_BYTES-eng: 160589609
        _STATISTICS_WRITING_APP-eng: mkvmerge v25.0.0 ('Prog Noir') 64-bit
        _STATISTICS_WRITING_DATE_UTC-eng: 2018-08-07 15:54:02
        _STATISTICS_TAGS-eng: BPS DURATION NUMBER_OF_FRAMES NUMBER_OF_BYTES
  Stream #0:2(ger): Audio: aac (HE-AAC), 48000 Hz, 5.1, fltp
      Metadata:
        BPS-eng         : 191999
        DURATION-eng    : 00:53:05.238000000
        NUMBER_OF_FRAMES-eng: 74654
        NUMBER_OF_BYTES-eng: 76445498
        _STATISTICS_WRITING_APP-eng: mkvmerge v25.0.0 ('Prog Noir') 64-bit
        _STATISTICS_WRITING_DATE_UTC-eng: 2018-08-07 15:54:02
        _STATISTICS_TAGS-eng: BPS DURATION NUMBER_OF_FRAMES NUMBER_OF_BYTES
  Stream #0:3(spa): Audio: aac (HE-AAC), 48000 Hz, 5.1, fltp
      Metadata:
        BPS-eng         : 191999
        DURATION-eng    : 00:53:05.238000000
        NUMBER_OF_FRAMES-eng: 74654
        NUMBER_OF_BYTES-eng: 76445414
        _STATISTICS_WRITING_APP-eng: mkvmerge v25.0.0 ('Prog Noir') 64-bit
        _STATISTICS_WRITING_DATE_UTC-eng: 2018-08-07 15:54:02
        _STATISTICS_TAGS-eng: BPS DURATION NUMBER_OF_FRAMES NUMBER_OF_BYTES
  Stream #0:4(eng): Audio: aac (HE-AAC), 48000 Hz, stereo, fltp
      Metadata:
        title           : Commentary with Vince Gilligan, Peter Gould, Bob Odenkirk, Michael McKean, Stewart Lyons, Diane Mercer & Thomas Golubic
        BPS-eng         : 79999
        DURATION-eng    : 00:53:05.238000000
        NUMBER_OF_FRAMES-eng: 74654
        NUMBER_OF_BYTES-eng: 31852177
        _STATISTICS_WRITING_APP-eng: mkvmerge v25.0.0 ('Prog Noir') 64-bit
        _STATISTICS_WRITING_DATE_UTC-eng: 2018-08-07 15:54:02
        _STATISTICS_TAGS-eng: BPS DURATION NUMBER_OF_FRAMES NUMBER_OF_BYTES
  Stream #0:5(eng): Subtitle: hdmv_pgs_subtitle (pgssub), 1920x1080
      Metadata:
        BPS-eng         : 40341
        DURATION-eng    : 00:49:09.863000000
        NUMBER_OF_FRAMES-eng: 1264
        NUMBER_OF_BYTES-eng: 14875252
        _STATISTICS_WRITING_APP-eng: mkvmerge v25.0.0 ('Prog Noir') 64-bit
        _STATISTICS_WRITING_DATE_UTC-eng: 2018-08-07 15:54:02
        _STATISTICS_TAGS-eng: BPS DURATION NUMBER_OF_FRAMES NUMBER_OF_BYTES
  Stream #0:6(ara): Subtitle: hdmv_pgs_subtitle (pgssub), 1920x1080
      Metadata:
        BPS-eng         : 22446
        DURATION-eng    : 00:51:37.803000000
        NUMBER_OF_FRAMES-eng: 1300
        NUMBER_OF_BYTES-eng: 8691986
        _STATISTICS_WRITING_APP-eng: mkvmerge v25.0.0 ('Prog Noir') 64-bit
        _STATISTICS_WRITING_DATE_UTC-eng: 2018-08-07 15:54:02
        _STATISTICS_TAGS-eng: BPS DURATION NUMBER_OF_FRAMES NUMBER_OF_BYTES
  Stream #0:7(dan): Subtitle: hdmv_pgs_subtitle (pgssub), 1920x1080
      Metadata:
        BPS-eng         : 34934
        DURATION-eng    : 00:51:37.803000000
        NUMBER_OF_FRAMES-eng: 1264
        NUMBER_OF_BYTES-eng: 13527445
        _STATISTICS_WRITING_APP-eng: mkvmerge v25.0.0 ('Prog Noir') 64-bit
        _STATISTICS_WRITING_DATE_UTC-eng: 2018-08-07 15:54:02
        _STATISTICS_TAGS-eng: BPS DURATION NUMBER_OF_FRAMES NUMBER_OF_BYTES
  Stream #0:8(fin): Subtitle: hdmv_pgs_subtitle (pgssub), 1920x1080
      Metadata:
        BPS-eng         : 33105
        DURATION-eng    : 00:51:37.803000000
        NUMBER_OF_FRAMES-eng: 1140
        NUMBER_OF_BYTES-eng: 12819298
        _STATISTICS_WRITING_APP-eng: mkvmerge v25.0.0 ('Prog Noir') 64-bit
        _STATISTICS_WRITING_DATE_UTC-eng: 2018-08-07 15:54:02
        _STATISTICS_TAGS-eng: BPS DURATION NUMBER_OF_FRAMES NUMBER_OF_BYTES
  Stream #0:9(ger): Subtitle: hdmv_pgs_subtitle (pgssub), 1920x1080
      Metadata:
        BPS-eng         : 38678
        DURATION-eng    : 00:51:37.803000000
        NUMBER_OF_FRAMES-eng: 1262
        NUMBER_OF_BYTES-eng: 14977276
        _STATISTICS_WRITING_APP-eng: mkvmerge v25.0.0 ('Prog Noir') 64-bit
        _STATISTICS_WRITING_DATE_UTC-eng: 2018-08-07 15:54:02
        _STATISTICS_TAGS-eng: BPS DURATION NUMBER_OF_FRAMES NUMBER_OF_BYTES
  Stream #0:10(hin): Subtitle: hdmv_pgs_subtitle (pgssub), 1920x1080
      Metadata:
        BPS-eng         : 30589
        DURATION-eng    : 00:51:37.803000000
        NUMBER_OF_FRAMES-eng: 1300
        NUMBER_OF_BYTES-eng: 11845001
        _STATISTICS_WRITING_APP-eng: mkvmerge v25.0.0 ('Prog Noir') 64-bit
        _STATISTICS_WRITING_DATE_UTC-eng: 2018-08-07 15:54:02
        _STATISTICS_TAGS-eng: BPS DURATION NUMBER_OF_FRAMES NUMBER_OF_BYTES
  Stream #0:11(nob): Subtitle: hdmv_pgs_subtitle (pgssub), 1920x1080
      Metadata:
        BPS-eng         : 34414
        DURATION-eng    : 00:51:37.803000000
        NUMBER_OF_FRAMES-eng: 1248
        NUMBER_OF_BYTES-eng: 13326303
        _STATISTICS_WRITING_APP-eng: mkvmerge v25.0.0 ('Prog Noir') 64-bit
        _STATISTICS_WRITING_DATE_UTC-eng: 2018-08-07 15:54:02
        _STATISTICS_TAGS-eng: BPS DURATION NUMBER_OF_FRAMES NUMBER_OF_BYTES
  Stream #0:12(pol): Subtitle: hdmv_pgs_subtitle (pgssub), 1920x1080
      Metadata:
        BPS-eng         : 32094
        DURATION-eng    : 00:51:37.803000000
        NUMBER_OF_FRAMES-eng: 1286
        NUMBER_OF_BYTES-eng: 12427948
        _STATISTICS_WRITING_APP-eng: mkvmerge v25.0.0 ('Prog Noir') 64-bit
        _STATISTICS_WRITING_DATE_UTC-eng: 2018-08-07 15:54:02
        _STATISTICS_TAGS-eng: BPS DURATION NUMBER_OF_FRAMES NUMBER_OF_BYTES
  Stream #0:13(spa): Subtitle: hdmv_pgs_subtitle (pgssub), 1920x1080
      Metadata:
        BPS-eng         : 34826
        DURATION-eng    : 00:51:37.803000000
        NUMBER_OF_FRAMES-eng: 1290
        NUMBER_OF_BYTES-eng: 13485762
        _STATISTICS_WRITING_APP-eng: mkvmerge v25.0.0 ('Prog Noir') 64-bit
        _STATISTICS_WRITING_DATE_UTC-eng: 2018-08-07 15:54:02
        _STATISTICS_TAGS-eng: BPS DURATION NUMBER_OF_FRAMES NUMBER_OF_BYTES
  Stream #0:14(swe): Subtitle: hdmv_pgs_subtitle (pgssub), 1920x1080
      Metadata:
        BPS-eng         : 34026
        DURATION-eng    : 00:52:35.319000000
        NUMBER_OF_FRAMES-eng: 1180
        NUMBER_OF_BYTES-eng: 13420638
        _STATISTICS_WRITING_APP-eng: mkvmerge v25.0.0 ('Prog Noir') 64-bit
        _STATISTICS_WRITING_DATE_UTC-eng: 2018-08-07 15:54:02
        _STATISTICS_TAGS-eng: BPS DURATION NUMBER_OF_FRAMES NUMBER_OF_BYTES
  Stream #0:15(tur): Subtitle: hdmv_pgs_subtitle (pgssub), 1920x1080
      Metadata:
        BPS-eng         : 36425
        DURATION-eng    : 00:51:37.803000000
        NUMBER_OF_FRAMES-eng: 1292
        NUMBER_OF_BYTES-eng: 14104853
        _STATISTICS_WRITING_APP-eng: mkvmerge v25.0.0 ('Prog Noir') 64-bit
        _STATISTICS_WRITING_DATE_UTC-eng: 2018-08-07 15:54:02
        _STATISTICS_TAGS-eng: BPS DURATION NUMBER_OF_FRAMES NUMBER_OF_BYTES
  Stream #0:16(eng): Subtitle: hdmv_pgs_subtitle (pgssub), 1920x1080
      Metadata:
        title           : Commentary with Vince Gilligan, Peter Gould, Bob Odenkirk, Michael McKean, Stewart Lyons, Diane Mercer & Thomas Golubic
        BPS-eng         : 71490
        DURATION-eng    : 00:52:53.170000000
        NUMBER_OF_FRAMES-eng: 2060
        NUMBER_OF_BYTES-eng: 28356549
        _STATISTICS_WRITING_APP-eng: mkvmerge v25.0.0 ('Prog Noir') 64-bit
        _STATISTICS_WRITING_DATE_UTC-eng: 2018-08-07 15:54:02
        _STATISTICS_TAGS-eng: BPS DURATION NUMBER_OF_FRAMES NUMBER_OF_BYTES
  Stream #0:17(ger): Subtitle: hdmv_pgs_subtitle (pgssub), 1920x1080
      Metadata:
        title           : Commentary with Vince Gilligan, Peter Gould, Bob Odenkirk, Michael McKean, Stewart Lyons, Diane Mercer & Thomas Golubic
        BPS-eng         : 64503
        DURATION-eng    : 00:52:53.170000000
        NUMBER_OF_FRAMES-eng: 2024
        NUMBER_OF_BYTES-eng: 25585155
        _STATISTICS_WRITING_APP-eng: mkvmerge v25.0.0 ('Prog Noir') 64-bit
        _STATISTICS_WRITING_DATE_UTC-eng: 2018-08-07 15:54:02
        _STATISTICS_TAGS-eng: BPS DURATION NUMBER_OF_FRAMES NUMBER_OF_BYTES
  Stream #0:18(spa): Subtitle: hdmv_pgs_subtitle (pgssub), 1920x1080
      Metadata:
        title           : Commentary with Vince Gilligan, Peter Gould, Bob Odenkirk, Michael McKean, Stewart Lyons, Diane Mercer & Thomas Golubic
        BPS-eng         : 60401
        DURATION-eng    : 00:52:53.170000000
        NUMBER_OF_FRAMES-eng: 2060
        NUMBER_OF_BYTES-eng: 23958032
        _STATISTICS_WRITING_APP-eng: mkvmerge v25.0.0 ('Prog Noir') 64-bit
        _STATISTICS_WRITING_DATE_UTC-eng: 2018-08-07 15:54:02
        _STATISTICS_TAGS-eng: BPS DURATION NUMBER_OF_FRAMES NUMBER_OF_BYTES
Stream mapping:
  Stream #0:0 (hevc) -> setparams:default (graph 0)
  Stream #0:5 (pgssub) -> scale:default (graph 0)
  overlay:default (graph 0) -> Stream #0:0 (libx264)
  Stream #0:1 -> #0:1 (aac (native) -> aac (libfdk_aac))
Press [q] to stop, [?] for help
[libx264 @ 0x563df4bd5880] using SAR=1/1
[libx264 @ 0x563df4bd5880] using cpu capabilities: MMX2 SSE2Fast SSSE3 SSE4.2 AVX FMA3 BMI2 AVX2
[libx264 @ 0x563df4bd5880] profile High, level 5.1, 4:2:0, 8-bit
[libx264 @ 0x563df4bd5880] 264 - core 164 r3095 baee400 - H.264/MPEG-4 AVC codec - Copyleft 2003-2022 - http://www.videolan.org/x264.html - options: cabac=1 ref=1 deblock=1:0:0 analyse=0x3:0x113 me=hex subme=0 psy=1 psy_rd=1.00:0.00 mixed_ref=0 me_range=16 chroma_me=1 trellis=0 8x8dct=1 cqm=0 deadzone=21,11 fast_pskip=1 chroma_qp_offset=0 threads=6 lookahead_threads=1 sliced_threads=0 nr=0 decimate=1 interlaced=0 bluray_compat=0 constrained_intra=0 bframes=3 b_pyramid=2 b_adapt=1 b_bias=0 direct=1 weightb=1 open_gop=0 weightp=1 keyint=250 keyint_min=23 scenecut=0 intra_refresh=0 rc_lookahead=10 rc=crf mbtree=1 crf=23.0 qcomp=0.60 qpmin=0 qpmax=69 qpstep=4 vbv_maxrate=9020 vbv_bufsize=18040 crf_max=0.0 nal_hrd=none filler=0 ip_ratio=1.40 aq=1:1.00
[hls @ 0x563df4c8e680] Opening '/cache/transcodes/45e300d61aac8fee6120c2d33afcaa8a-1.mp4' for writing
Output #0, hls, to '/cache/transcodes/45e300d61aac8fee6120c2d33afcaa8a.m3u8':
  Metadata:
    encoder         : Lavf61.1.100
  Stream #0:0: Video: h264, yuv420p(tv, bt709, progressive), 1920x1080 [SAR 1:1 DAR 16:9], q=2-31, 23.98 fps, 24k tbn
      Metadata:
        encoder         : Lavc61.3.100 libx264
      Side data:
        cpb: bitrate max/min/avg: 9020000/0/0 buffer size: 18040000 vbv_delay: N/A
  Stream #0:1: Audio: aac, 48000 Hz, stereo, s16, 256 kb/s
      Metadata:
        encoder         : Lavc61.3.100 libfdk_aac
frame=   39 fps=0.0 q=28.0 size=N/A time=00:00:00.00 bitrate=N/A speed=   0x    
[hls @ 0x563df4c8e680] Opening '/cache/transcodes/45e300d61aac8fee6120c2d33afcaa8a0.mp4' for writing
[mp4 @ 0x7fd82046ff40] Packet duration: -16 / dts: 140184 is out of range
frame=   85 fps= 85 q=28.0 size=N/A time=00:00:01.91 bitrate=N/A speed=1.92x    
frame=  131 fps= 87 q=28.0 size=N/A time=00:00:03.83 bitrate=N/A speed=2.55x    
[hls @ 0x563df4c8e680] Opening '/cache/transcodes/45e300d61aac8fee6120c2d33afcaa8a1.mp4' for writing
frame=  172 fps= 86 q=28.0 size=N/A time=00:00:05.54 bitrate=N/A speed=2.77x    
frame=  207 fps= 83 q=28.0 size=N/A time=00:00:07.00 bitrate=N/A speed= 2.8x    
[hls @ 0x563df4c8e680] Opening '/cache/transcodes/45e300d61aac8fee6120c2d33afcaa8a2.mp4' for writing
frame=  240 fps= 80 q=28.0 size=N/A time=00:00:08.38 bitrate=N/A speed=2.79x    
frame=  282 fps= 80 q=28.0 size=N/A time=00:00:10.13 bitrate=N/A speed=2.89x    
[hls @ 0x563df4c8e680] Opening '/cache/transcodes/45e300d61aac8fee6120c2d33afcaa8a3.mp4' for writing
frame=  312 fps= 78 q=28.0 size=N/A time=00:00:11.38 bitrate=N/A speed=2.84x    

[q] command received. Exiting.

[hls @ 0x563df4c8e680] Opening '/cache/transcodes/45e300d61aac8fee6120c2d33afcaa8a4.mp4' for writing
[hls @ 0x563df4c8e680] Opening '/cache/transcodes/45e300d61aac8fee6120c2d33afcaa8a5.mp4' for writing
[out#0/hls @ 0x563df4c11040] video:9303KiB audio:498KiB subtitle:0KiB other streams:0KiB global headers:0KiB muxing overhead: unknown
frame=  378 fps= 79 q=-1.0 Lsize=N/A time=00:00:14.13 bitrate=N/A speed=2.97x    
[libx264 @ 0x563df4bd5880] frame I:6     Avg QP:18.21  size:134005
[libx264 @ 0x563df4bd5880] frame P:117   Avg QP:21.29  size: 50789
[libx264 @ 0x563df4bd5880] frame B:255   Avg QP:22.57  size: 10897
[libx264 @ 0x563df4bd5880] consecutive B-frames:  5.6%  9.0% 13.5% 72.0%
[libx264 @ 0x563df4bd5880] mb I  I16..4: 32.9% 38.3% 28.8%
[libx264 @ 0x563df4bd5880] mb P  I16..4: 14.5% 29.4%  4.9%  P16..4: 19.8%  2.7%  1.4%  0.0%  0.0%    skip:27.3%
[libx264 @ 0x563df4bd5880] mb B  I16..4:  4.8%  9.8%  0.4%  B16..8:  9.7%  2.9%  0.3%  direct: 3.0%  skip:69.1%  L0:44.4% L1:47.2% BI: 8.4%
[libx264 @ 0x563df4bd5880] 8x8 transform intra:61.0% inter:67.1%
[libx264 @ 0x563df4bd5880] coded y,uvDC,uvAC intra: 41.3% 0.0% 0.0% inter: 8.7% 0.0% 0.0%
[libx264 @ 0x563df4bd5880] i16 v,h,dc,p: 33% 24% 13% 30%
[libx264 @ 0x563df4bd5880] i8 v,h,dc,ddl,ddr,vr,hd,vl,hu: 13% 19% 20% 10%  8%  7%  9%  6% 10%
[libx264 @ 0x563df4bd5880] i4 v,h,dc,ddl,ddr,vr,hd,vl,hu: 13% 16% 14% 11% 10%  8% 11%  7% 11%
[libx264 @ 0x563df4bd5880] i8c dc,h,v,p: 100%  0%  0%  0%
[libx264 @ 0x563df4bd5880] Weighted P-Frames: Y:8.5% UV:0.0%
[libx264 @ 0x563df4bd5880] kb/s:4833.31