{"Protocol":0,"Id":"7c6121ce1beb91f2616a442fa0f17c82","Path":"/shows/Grey\u0027s Anatomy/Season 19/Greys.Anatomy.S19E02.720p.AMZN.WEBRip.x264-GalaxyTV.mkv","EncoderPath":null,"EncoderProtocol":null,"Type":0,"Container":"mkv","Size":342966178,"Name":"Greys.Anatomy.S19E02.720p.AMZN.WEBRip.x264-GalaxyTV","IsRemote":false,"ETag":"167889e934a5eab0418dfd57b83a380b","RunTimeTicks":24500590000,"ReadAtNativeFramerate":false,"IgnoreDts":false,"IgnoreIndex":false,"GenPtsInput":false,"SupportsTranscoding":true,"SupportsDirectStream":true,"SupportsDirectPlay":true,"IsInfiniteStream":false,"UseMostCompatibleTranscodingProfile":false,"RequiresOpening":false,"OpenToken":null,"RequiresClosing":false,"LiveStreamId":null,"BufferMs":null,"RequiresLooping":false,"SupportsProbing":true,"VideoType":0,"IsoType":null,"Video3DFormat":null,"MediaStreams":[{"Codec":"h264","CodecTag":null,"Language":null,"ColorRange":null,"ColorSpace":"bt709","ColorTransfer":"bt709","ColorPrimaries":"bt709","DvVersionMajor":null,"DvVersionMinor":null,"DvProfile":null,"DvLevel":null,"RpuPresentFlag":null,"ElPresentFlag":null,"BlPresentFlag":null,"DvBlSignalCompatibilityId":null,"Rotation":null,"Comment":null,"TimeBase":"1/1000","CodecTimeBase":null,"Title":"GalaxyTV - small excellence!","VideoRange":1,"VideoRangeType":1,"VideoDoViTitle":null,"AudioSpatialFormat":0,"LocalizedUndefined":null,"LocalizedDefault":null,"LocalizedForced":null,"LocalizedExternal":null,"LocalizedHearingImpaired":null,"DisplayTitle":"GalaxyTV - small excellence! - 720p - H264 - SDR","NalLengthSize":"4","IsInterlaced":false,"IsAVC":true,"ChannelLayout":null,"BitRate":1119862,"BitDepth":8,"RefFrames":1,"PacketLength":null,"Channels":null,"SampleRate":null,"IsDefault":true,"IsForced":false,"IsHearingImpaired":false,"Height":720,"Width":1280,"AverageFrameRate":23.976025,"RealFrameRate":23.976025,"ReferenceFrameRate":23.976025,"Profile":"High","Type":1,"AspectRatio":"16:9","Index":0,"Score":null,"IsExternal":false,"DeliveryMethod":null,"DeliveryUrl":null,"IsExternalUrl":null,"IsTextSubtitleStream":false,"SupportsExternalStream":false,"Path":null,"PixelFormat":"yuv420p","Level":31,"IsAnamorphic":false},{"Codec":"aac","CodecTag":null,"Language":"eng","ColorRange":null,"ColorSpace":null,"ColorTransfer":null,"ColorPrimaries":null,"DvVersionMajor":null,"DvVersionMinor":null,"DvProfile":null,"DvLevel":null,"RpuPresentFlag":null,"ElPresentFlag":null,"BlPresentFlag":null,"DvBlSignalCompatibilityId":null,"Rotation":null,"Comment":null,"TimeBase":"1/1000","CodecTimeBase":null,"Title":"GalaxyTV - small excellence!","VideoRange":0,"VideoRangeType":0,"VideoDoViTitle":null,"AudioSpatialFormat":0,"LocalizedUndefined":null,"LocalizedDefault":"Default","LocalizedForced":null,"LocalizedExternal":"External","LocalizedHearingImpaired":null,"DisplayTitle":"GalaxyTV - small excellence! - English - AAC - Stereo - Default","NalLengthSize":null,"IsInterlaced":false,"IsAVC":false,"ChannelLayout":"stereo","BitRate":640000,"BitDepth":null,"RefFrames":null,"PacketLength":null,"Channels":2,"SampleRate":48000,"IsDefault":true,"IsForced":false,"IsHearingImpaired":false,"Height":null,"Width":null,"AverageFrameRate":null,"RealFrameRate":null,"ReferenceFrameRate":null,"Profile":"LC","Type":0,"AspectRatio":null,"Index":1,"Score":null,"IsExternal":false,"DeliveryMethod":null,"DeliveryUrl":null,"IsExternalUrl":null,"IsTextSubtitleStream":false,"SupportsExternalStream":false,"Path":null,"PixelFormat":null,"Level":0,"IsAnamorphic":null},{"Codec":"subrip","CodecTag":null,"Language":"eng","ColorRange":null,"ColorSpace":null,"ColorTransfer":null,"ColorPrimaries":null,"DvVersionMajor":null,"DvVersionMinor":null,"DvProfile":null,"DvLevel":null,"RpuPresentFlag":null,"ElPresentFlag":null,"BlPresentFlag":null,"DvBlSignalCompatibilityId":null,"Rotation":null,"Comment":null,"TimeBase":"1/1000","CodecTimeBase":null,"Title":"GalaxyTV - small excellence!","VideoRange":0,"VideoRangeType":0,"VideoDoViTitle":null,"AudioSpatialFormat":0,"LocalizedUndefined":"Undefined","LocalizedDefault":"Default","LocalizedForced":"Forced","LocalizedExternal":"External","LocalizedHearingImpaired":"Hearing Impaired","DisplayTitle":"GalaxyTV - small excellence! - English - Default - SUBRIP","NalLengthSize":null,"IsInterlaced":false,"IsAVC":false,"ChannelLayout":null,"BitRate":null,"BitDepth":null,"RefFrames":null,"PacketLength":null,"Channels":null,"SampleRate":null,"IsDefault":true,"IsForced":false,"IsHearingImpaired":false,"Height":0,"Width":0,"AverageFrameRate":null,"RealFrameRate":null,"ReferenceFrameRate":null,"Profile":null,"Type":2,"AspectRatio":null,"Index":2,"Score":null,"IsExternal":false,"DeliveryMethod":null,"DeliveryUrl":null,"IsExternalUrl":null,"IsTextSubtitleStream":true,"SupportsExternalStream":true,"Path":null,"PixelFormat":null,"Level":0,"IsAnamorphic":null},{"Codec":"subrip","CodecTag":null,"Language":"eng","ColorRange":null,"ColorSpace":null,"ColorTransfer":null,"ColorPrimaries":null,"DvVersionMajor":null,"DvVersionMinor":null,"DvProfile":null,"DvLevel":null,"RpuPresentFlag":null,"ElPresentFlag":null,"BlPresentFlag":null,"DvBlSignalCompatibilityId":null,"Rotation":null,"Comment":null,"TimeBase":"1/1000","CodecTimeBase":null,"Title":"SDH","VideoRange":0,"VideoRangeType":0,"VideoDoViTitle":null,"AudioSpatialFormat":0,"LocalizedUndefined":"Undefined","LocalizedDefault":"Default","LocalizedForced":"Forced","LocalizedExternal":"External","LocalizedHearingImpaired":"Hearing Impaired","DisplayTitle":"SDH - English - SUBRIP","NalLengthSize":null,"IsInterlaced":false,"IsAVC":false,"ChannelLayout":null,"BitRate":null,"BitDepth":null,"RefFrames":null,"PacketLength":null,"Channels":null,"SampleRate":null,"IsDefault":false,"IsForced":false,"IsHearingImpaired":false,"Height":0,"Width":0,"AverageFrameRate":null,"RealFrameRate":null,"ReferenceFrameRate":null,"Profile":null,"Type":2,"AspectRatio":null,"Index":3,"Score":null,"IsExternal":false,"DeliveryMethod":null,"DeliveryUrl":null,"IsExternalUrl":null,"IsTextSubtitleStream":true,"SupportsExternalStream":true,"Path":null,"PixelFormat":null,"Level":0,"IsAnamorphic":null}],"MediaAttachments":[],"Formats":[],"Bitrate":1759862,"FallbackMaxStreamingBitrate":null,"Timestamp":null,"RequiredHttpHeaders":{},"TranscodingUrl":null,"TranscodingSubProtocol":0,"TranscodingContainer":null,"AnalyzeDurationMs":null,"DefaultAudioStreamIndex":null,"DefaultSubtitleStreamIndex":null,"HasSegments":false}

/usr/lib/jellyfin-ffmpeg/ffmpeg -analyzeduration 200M -probesize 1G -fflags +genpts  -i file:"/shows/Grey's Anatomy/Season 19/Greys.Anatomy.S19E02.720p.AMZN.WEBRip.x264-GalaxyTV.mkv" -map_metadata -1 -map_chapters -1 -threads 0 -map 0:0 -map 0:1 -map -0:s -codec:v:0 copy -bsf:v h264_mp4toannexb -start_at_zero -codec:a:0 copy -copyts -avoid_negative_ts disabled -max_muxing_queue_size 2048 -f hls -max_delay 5000000 -hls_time 6 -hls_segment_type fmp4 -hls_fmp4_init_filename "e38b66ec9ebef1449793889dcc3b71b7-1.mp4" -start_number 0 -hls_segment_filename "/cache/transcodes/e38b66ec9ebef1449793889dcc3b71b7%d.mp4" -hls_playlist_type vod -hls_list_size 0 -y "/cache/transcodes/e38b66ec9ebef1449793889dcc3b71b7.m3u8"


ffmpeg version 7.0.2-Jellyfin Copyright (c) 2000-2024 the FFmpeg developers
  built with gcc 12 (Debian 12.2.0-14)
  configuration: --prefix=/usr/lib/jellyfin-ffmpeg --target-os=linux --extra-version=Jellyfin --disable-doc --disable-ffplay --disable-ptx-compression --disable-static --disable-libxcb --disable-sdl2 --disable-xlib --enable-lto=auto --enable-gpl --enable-version3 --enable-shared --enable-gmp --enable-gnutls --enable-chromaprint --enable-opencl --enable-libdrm --enable-libxml2 --enable-libass --enable-libfreetype --enable-libfribidi --enable-libfontconfig --enable-libharfbuzz --enable-libbluray --enable-libmp3lame --enable-libopus --enable-libtheora --enable-libvorbis --enable-libopenmpt --enable-libdav1d --enable-libsvtav1 --enable-libwebp --enable-libvpx --enable-libx264 --enable-libx265 --enable-libzvbi --enable-libzimg --enable-libfdk-aac --arch=amd64 --enable-libshaderc --enable-libplacebo --enable-vulkan --enable-vaapi --enable-amf --enable-libvpl --enable-ffnvcodec --enable-cuda --enable-cuda-llvm --enable-cuvid --enable-nvdec --enable-nvenc
  libavutil      59.  8.100 / 59.  8.100
  libavcodec     61.  3.100 / 61.  3.100
  libavformat    61.  1.100 / 61.  1.100
  libavdevice    61.  1.100 / 61.  1.100
  libavfilter    10.  1.100 / 10.  1.100
  libswscale      8.  1.100 /  8.  1.100
  libswresample   5.  1.100 /  5.  1.100
  libpostproc    58.  1.100 / 58.  1.100
Input #0, matroska,webm, from 'file:/shows/Grey's Anatomy/Season 19/Greys.Anatomy.S19E02.720p.AMZN.WEBRip.x264-GalaxyTV.mkv':
  Metadata:
    title           : Greys.Anatomy.S19E02.720p.AMZN.WEBRip.x264-GalaxyTV
    COMMENT         : GalaxyTV - small excellence!
    ENCODER         : Lavf58.76.100
  Duration: 00:40:50.06, start: 0.000000, bitrate: 1119 kb/s
  Stream #0:0: Video: h264 (High), yuv420p(tv, bt709, progressive), 1280x720 [SAR 1:1 DAR 16:9], 23.98 fps, 23.98 tbr, 1k tbn (default)
      Metadata:
        title           : GalaxyTV - small excellence!
        BPS             : 4103898
        NUMBER_OF_FRAMES: 58741
        NUMBER_OF_BYTES : 1256813290
        _STATISTICS_WRITING_APP: mkvmerge v71.1.0 ('Fortitude') 64-bit
        _STATISTICS_TAGS: BPS DURATION NUMBER_OF_FRAMES NUMBER_OF_BYTES
        ENCODER         : Lavc58.134.100 libx264
        DURATION        : 00:40:50.033000000
  Stream #0:1(eng): Audio: aac (LC), 48000 Hz, stereo, fltp (default)
      Metadata:
        title           : GalaxyTV - small excellence!
        BPS             : 640000
        NUMBER_OF_FRAMES: 76563
        NUMBER_OF_BYTES : 196001280
        _STATISTICS_WRITING_APP: mkvmerge v71.1.0 ('Fortitude') 64-bit
        _STATISTICS_TAGS: BPS DURATION NUMBER_OF_FRAMES NUMBER_OF_BYTES
        ENCODER         : Lavc58.134.100 libfdk_aac
        DURATION        : 00:40:50.059000000
  Stream #0:2(eng): Subtitle: subrip (srt) (default)
      Metadata:
        title           : GalaxyTV - small excellence!
        BPS             : 111
        NUMBER_OF_FRAMES: 964
        NUMBER_OF_BYTES : 33686
        _STATISTICS_WRITING_APP: mkvmerge v71.1.0 ('Fortitude') 64-bit
        _STATISTICS_TAGS: BPS DURATION NUMBER_OF_FRAMES NUMBER_OF_BYTES
        DURATION        : 00:40:17.692000000
  Stream #0:3(eng): Subtitle: subrip (srt)
      Metadata:
        title           : SDH
        BPS             : 115
        NUMBER_OF_FRAMES: 1023
        NUMBER_OF_BYTES : 35273
        _STATISTICS_WRITING_APP: mkvmerge v71.1.0 ('Fortitude') 64-bit
        _STATISTICS_TAGS: BPS DURATION NUMBER_OF_FRAMES NUMBER_OF_BYTES
        DURATION        : 00:40:41.149000000
[out#0/hls @ 0x55a4f9aa1440] Codec AVOption threads (set the number of threads) has not been used for any stream. The most likely reason is either wrong type (e.g. a video option with no video streams) or that it is a private option of some encoder which was not actually used for any stream.
Stream mapping:
  Stream #0:0 -> #0:0 (copy)
  Stream #0:1 -> #0:1 (copy)
[hls @ 0x55a4f9aa1580] Opening '/cache/transcodes/e38b66ec9ebef1449793889dcc3b71b7-1.mp4' for writing
Output #0, hls, to '/cache/transcodes/e38b66ec9ebef1449793889dcc3b71b7.m3u8':
  Metadata:
    encoder         : Lavf61.1.100
  Stream #0:0: Video: h264 (High), yuv420p(tv, bt709, progressive), 1280x720 [SAR 1:1 DAR 16:9], q=2-31, 23.98 fps, 23.98 tbr, 16k tbn (default)
  Stream #0:1: Audio: aac (LC), 48000 Hz, stereo, fltp (default)
Press [q] to stop, [?] for help
[hls @ 0x55a4f9aa1580] Opening '/cache/transcodes/e38b66ec9ebef1449793889dcc3b71b70.mp4' for writing
[hls @ 0x55a4f9aa1580] Opening '/cache/transcodes/e38b66ec9ebef1449793889dcc3b71b71.mp4' for writing
[hls @ 0x55a4f9aa1580] Opening '/cache/transcodes/e38b66ec9ebef1449793889dcc3b71b72.mp4' for writing
[hls @ 0x55a4f9aa1580] Opening '/cache/transcodes/e38b66ec9ebef1449793889dcc3b71b73.mp4' for writing
[hls @ 0x55a4f9aa1580] Opening '/cache/transcodes/e38b66ec9ebef1449793889dcc3b71b74.mp4' for writing
[hls @ 0x55a4f9aa1580] Opening '/cache/transcodes/e38b66ec9ebef1449793889dcc3b71b75.mp4' for writing
[hls @ 0x55a4f9aa1580] Opening '/cache/transcodes/e38b66ec9ebef1449793889dcc3b71b76.mp4' for writing
[hls @ 0x55a4f9aa1580] Opening '/cache/transcodes/e38b66ec9ebef1449793889dcc3b71b77.mp4' for writing
[hls @ 0x55a4f9aa1580] Opening '/cache/transcodes/e38b66ec9ebef1449793889dcc3b71b78.mp4' for writing
[hls @ 0x55a4f9aa1580] Opening '/cache/transcodes/e38b66ec9ebef1449793889dcc3b71b79.mp4' for writing
[hls @ 0x55a4f9aa1580] Opening '/cache/transcodes/e38b66ec9ebef1449793889dcc3b71b710.mp4' for writing
[hls @ 0x55a4f9aa1580] Opening '/cache/transcodes/e38b66ec9ebef1449793889dcc3b71b711.mp4' for writing
[hls @ 0x55a4f9aa1580] Opening '/cache/transcodes/e38b66ec9ebef1449793889dcc3b71b712.mp4' for writing
[hls @ 0x55a4f9aa1580] Opening '/cache/transcodes/e38b66ec9ebef1449793889dcc3b71b713.mp4' for writing
[hls @ 0x55a4f9aa1580] Opening '/cache/transcodes/e38b66ec9ebef1449793889dcc3b71b714.mp4' for writing
[hls @ 0x55a4f9aa1580] Opening '/cache/transcodes/e38b66ec9ebef1449793889dcc3b71b715.mp4' for writing
[hls @ 0x55a4f9aa1580] Opening '/cache/transcodes/e38b66ec9ebef1449793889dcc3b71b716.mp4' for writing
[hls @ 0x55a4f9aa1580] Opening '/cache/transcodes/e38b66ec9ebef1449793889dcc3b71b717.mp4' for writing
[hls @ 0x55a4f9aa1580] Opening '/cache/transcodes/e38b66ec9ebef1449793889dcc3b71b718.mp4' for writing
[hls @ 0x55a4f9aa1580] Opening '/cache/transcodes/e38b66ec9ebef1449793889dcc3b71b719.mp4' for writing
[hls @ 0x55a4f9aa1580] Opening '/cache/transcodes/e38b66ec9ebef1449793889dcc3b71b720.mp4' for writing
[hls @ 0x55a4f9aa1580] Opening '/cache/transcodes/e38b66ec9ebef1449793889dcc3b71b721.mp4' for writing
[hls @ 0x55a4f9aa1580] Opening '/cache/transcodes/e38b66ec9ebef1449793889dcc3b71b722.mp4' for writing
[hls @ 0x55a4f9aa1580] Opening '/cache/transcodes/e38b66ec9ebef1449793889dcc3b71b723.mp4' for writing
[hls @ 0x55a4f9aa1580] Opening '/cache/transcodes/e38b66ec9ebef1449793889dcc3b71b724.mp4' for writing
[hls @ 0x55a4f9aa1580] Opening '/cache/transcodes/e38b66ec9ebef1449793889dcc3b71b725.mp4' for writing
[hls @ 0x55a4f9aa1580] Opening '/cache/transcodes/e38b66ec9ebef1449793889dcc3b71b726.mp4' for writing
[hls @ 0x55a4f9aa1580] Opening '/cache/transcodes/e38b66ec9ebef1449793889dcc3b71b727.mp4' for writing
[hls @ 0x55a4f9aa1580] Opening '/cache/transcodes/e38b66ec9ebef1449793889dcc3b71b728.mp4' for writing
[hls @ 0x55a4f9aa1580] Opening '/cache/transcodes/e38b66ec9ebef1449793889dcc3b71b729.mp4' for writing
[hls @ 0x55a4f9aa1580] Opening '/cache/transcodes/e38b66ec9ebef1449793889dcc3b71b730.mp4' for writing
[hls @ 0x55a4f9aa1580] Opening '/cache/transcodes/e38b66ec9ebef1449793889dcc3b71b731.mp4' for writing
[hls @ 0x55a4f9aa1580] Opening '/cache/transcodes/e38b66ec9ebef1449793889dcc3b71b732.mp4' for writing
[hls @ 0x55a4f9aa1580] Opening '/cache/transcodes/e38b66ec9ebef1449793889dcc3b71b733.mp4' for writing
[hls @ 0x55a4f9aa1580] Opening '/cache/transcodes/e38b66ec9ebef1449793889dcc3b71b734.mp4' for writing
[hls @ 0x55a4f9aa1580] Opening '/cache/transcodes/e38b66ec9ebef1449793889dcc3b71b735.mp4' for writing
[hls @ 0x55a4f9aa1580] Opening '/cache/transcodes/e38b66ec9ebef1449793889dcc3b71b736.mp4' for writing
[hls @ 0x55a4f9aa1580] Opening '/cache/transcodes/e38b66ec9ebef1449793889dcc3b71b737.mp4' for writing
[hls @ 0x55a4f9aa1580] Opening '/cache/transcodes/e38b66ec9ebef1449793889dcc3b71b738.mp4' for writing
[hls @ 0x55a4f9aa1580] Opening '/cache/transcodes/e38b66ec9ebef1449793889dcc3b71b739.mp4' for writing
[hls @ 0x55a4f9aa1580] Opening '/cache/transcodes/e38b66ec9ebef1449793889dcc3b71b740.mp4' for writing
[hls @ 0x55a4f9aa1580] Opening '/cache/transcodes/e38b66ec9ebef1449793889dcc3b71b741.mp4' for writing
[hls @ 0x55a4f9aa1580] Opening '/cache/transcodes/e38b66ec9ebef1449793889dcc3b71b742.mp4' for writing
[hls @ 0x55a4f9aa1580] Opening '/cache/transcodes/e38b66ec9ebef1449793889dcc3b71b743.mp4' for writing
[hls @ 0x55a4f9aa1580] Opening '/cache/transcodes/e38b66ec9ebef1449793889dcc3b71b744.mp4' for writing
[hls @ 0x55a4f9aa1580] Opening '/cache/transcodes/e38b66ec9ebef1449793889dcc3b71b745.mp4' for writing
[hls @ 0x55a4f9aa1580] Opening '/cache/transcodes/e38b66ec9ebef1449793889dcc3b71b746.mp4' for writing
[hls @ 0x55a4f9aa1580] Opening '/cache/transcodes/e38b66ec9ebef1449793889dcc3b71b747.mp4' for writing
[hls @ 0x55a4f9aa1580] Opening '/cache/transcodes/e38b66ec9ebef1449793889dcc3b71b748.mp4' for writing
[hls @ 0x55a4f9aa1580] Opening '/cache/transcodes/e38b66ec9ebef1449793889dcc3b71b749.mp4' for writing
[hls @ 0x55a4f9aa1580] Opening '/cache/transcodes/e38b66ec9ebef1449793889dcc3b71b750.mp4' for writing
[hls @ 0x55a4f9aa1580] Opening '/cache/transcodes/e38b66ec9ebef1449793889dcc3b71b751.mp4' for writing
[hls @ 0x55a4f9aa1580] Opening '/cache/transcodes/e38b66ec9ebef1449793889dcc3b71b752.mp4' for writing
[hls @ 0x55a4f9aa1580] Opening '/cache/transcodes/e38b66ec9ebef1449793889dcc3b71b753.mp4' for writing
[hls @ 0x55a4f9aa1580] Opening '/cache/transcodes/e38b66ec9ebef1449793889dcc3b71b754.mp4' for writing
[hls @ 0x55a4f9aa1580] Opening '/cache/transcodes/e38b66ec9ebef1449793889dcc3b71b755.mp4' for writing
[hls @ 0x55a4f9aa1580] Opening '/cache/transcodes/e38b66ec9ebef1449793889dcc3b71b756.mp4' for writing
[hls @ 0x55a4f9aa1580] Opening '/cache/transcodes/e38b66ec9ebef1449793889dcc3b71b757.mp4' for writing
[hls @ 0x55a4f9aa1580] Opening '/cache/transcodes/e38b66ec9ebef1449793889dcc3b71b758.mp4' for writing
[hls @ 0x55a4f9aa1580] Opening '/cache/transcodes/e38b66ec9ebef1449793889dcc3b71b759.mp4' for writing
[hls @ 0x55a4f9aa1580] Opening '/cache/transcodes/e38b66ec9ebef1449793889dcc3b71b760.mp4' for writing
[hls @ 0x55a4f9aa1580] Opening '/cache/transcodes/e38b66ec9ebef1449793889dcc3b71b761.mp4' for writing
[hls @ 0x55a4f9aa1580] Opening '/cache/transcodes/e38b66ec9ebef1449793889dcc3b71b762.mp4' for writing
[hls @ 0x55a4f9aa1580] Opening '/cache/transcodes/e38b66ec9ebef1449793889dcc3b71b763.mp4' for writing
[hls @ 0x55a4f9aa1580] Opening '/cache/transcodes/e38b66ec9ebef1449793889dcc3b71b764.mp4' for writing
size=N/A time=00:00:00.00 bitrate=N/A speed=   0x    
[hls @ 0x55a4f9aa1580] Opening '/cache/transcodes/e38b66ec9ebef1449793889dcc3b71b765.mp4' for writing
[hls @ 0x55a4f9aa1580] Opening '/cache/transcodes/e38b66ec9ebef1449793889dcc3b71b766.mp4' for writing
[hls @ 0x55a4f9aa1580] Opening '/cache/transcodes/e38b66ec9ebef1449793889dcc3b71b767.mp4' for writing
[hls @ 0x55a4f9aa1580] Opening '/cache/transcodes/e38b66ec9ebef1449793889dcc3b71b768.mp4' for writing
[hls @ 0x55a4f9aa1580] Opening '/cache/transcodes/e38b66ec9ebef1449793889dcc3b71b769.mp4' for writing
[hls @ 0x55a4f9aa1580] Opening '/cache/transcodes/e38b66ec9ebef1449793889dcc3b71b770.mp4' for writing
[hls @ 0x55a4f9aa1580] Opening '/cache/transcodes/e38b66ec9ebef1449793889dcc3b71b771.mp4' for writing
[hls @ 0x55a4f9aa1580] Opening '/cache/transcodes/e38b66ec9ebef1449793889dcc3b71b772.mp4' for writing
[hls @ 0x55a4f9aa1580] Opening '/cache/transcodes/e38b66ec9ebef1449793889dcc3b71b773.mp4' for writing
[hls @ 0x55a4f9aa1580] Opening '/cache/transcodes/e38b66ec9ebef1449793889dcc3b71b774.mp4' for writing
[hls @ 0x55a4f9aa1580] Opening '/cache/transcodes/e38b66ec9ebef1449793889dcc3b71b775.mp4' for writing
[hls @ 0x55a4f9aa1580] Opening '/cache/transcodes/e38b66ec9ebef1449793889dcc3b71b776.mp4' for writing
[hls @ 0x55a4f9aa1580] Opening '/cache/transcodes/e38b66ec9ebef1449793889dcc3b71b777.mp4' for writing
[hls @ 0x55a4f9aa1580] Opening '/cache/transcodes/e38b66ec9ebef1449793889dcc3b71b778.mp4' for writing
[hls @ 0x55a4f9aa1580] Opening '/cache/transcodes/e38b66ec9ebef1449793889dcc3b71b779.mp4' for writing
[hls @ 0x55a4f9aa1580] Opening '/cache/transcodes/e38b66ec9ebef1449793889dcc3b71b780.mp4' for writing
[hls @ 0x55a4f9aa1580] Opening '/cache/transcodes/e38b66ec9ebef1449793889dcc3b71b781.mp4' for writing
[hls @ 0x55a4f9aa1580] Opening '/cache/transcodes/e38b66ec9ebef1449793889dcc3b71b782.mp4' for writing
[hls @ 0x55a4f9aa1580] Opening '/cache/transcodes/e38b66ec9ebef1449793889dcc3b71b783.mp4' for writing
[hls @ 0x55a4f9aa1580] Opening '/cache/transcodes/e38b66ec9ebef1449793889dcc3b71b784.mp4' for writing
[hls @ 0x55a4f9aa1580] Opening '/cache/transcodes/e38b66ec9ebef1449793889dcc3b71b785.mp4' for writing
[hls @ 0x55a4f9aa1580] Opening '/cache/transcodes/e38b66ec9ebef1449793889dcc3b71b786.mp4' for writing
[hls @ 0x55a4f9aa1580] Opening '/cache/transcodes/e38b66ec9ebef1449793889dcc3b71b787.mp4' for writing
[hls @ 0x55a4f9aa1580] Opening '/cache/transcodes/e38b66ec9ebef1449793889dcc3b71b788.mp4' for writing
[hls @ 0x55a4f9aa1580] Opening '/cache/transcodes/e38b66ec9ebef1449793889dcc3b71b789.mp4' for writing
[hls @ 0x55a4f9aa1580] Opening '/cache/transcodes/e38b66ec9ebef1449793889dcc3b71b790.mp4' for writing
[hls @ 0x55a4f9aa1580] Opening '/cache/transcodes/e38b66ec9ebef1449793889dcc3b71b791.mp4' for writing
[hls @ 0x55a4f9aa1580] Opening '/cache/transcodes/e38b66ec9ebef1449793889dcc3b71b792.mp4' for writing
[hls @ 0x55a4f9aa1580] Opening '/cache/transcodes/e38b66ec9ebef1449793889dcc3b71b793.mp4' for writing
[hls @ 0x55a4f9aa1580] Opening '/cache/transcodes/e38b66ec9ebef1449793889dcc3b71b794.mp4' for writing
[hls @ 0x55a4f9aa1580] Opening '/cache/transcodes/e38b66ec9ebef1449793889dcc3b71b795.mp4' for writing
[hls @ 0x55a4f9aa1580] Opening '/cache/transcodes/e38b66ec9ebef1449793889dcc3b71b796.mp4' for writing
[hls @ 0x55a4f9aa1580] Opening '/cache/transcodes/e38b66ec9ebef1449793889dcc3b71b797.mp4' for writing
[hls @ 0x55a4f9aa1580] Opening '/cache/transcodes/e38b66ec9ebef1449793889dcc3b71b798.mp4' for writing
[hls @ 0x55a4f9aa1580] Opening '/cache/transcodes/e38b66ec9ebef1449793889dcc3b71b799.mp4' for writing
[hls @ 0x55a4f9aa1580] Opening '/cache/transcodes/e38b66ec9ebef1449793889dcc3b71b7100.mp4' for writing
[hls @ 0x55a4f9aa1580] Opening '/cache/transcodes/e38b66ec9ebef1449793889dcc3b71b7101.mp4' for writing
[hls @ 0x55a4f9aa1580] Opening '/cache/transcodes/e38b66ec9ebef1449793889dcc3b71b7102.mp4' for writing
[hls @ 0x55a4f9aa1580] Opening '/cache/transcodes/e38b66ec9ebef1449793889dcc3b71b7103.mp4' for writing
[hls @ 0x55a4f9aa1580] Opening '/cache/transcodes/e38b66ec9ebef1449793889dcc3b71b7104.mp4' for writing
[hls @ 0x55a4f9aa1580] Opening '/cache/transcodes/e38b66ec9ebef1449793889dcc3b71b7105.mp4' for writing
[hls @ 0x55a4f9aa1580] Opening '/cache/transcodes/e38b66ec9ebef1449793889dcc3b71b7106.mp4' for writing
[hls @ 0x55a4f9aa1580] Opening '/cache/transcodes/e38b66ec9ebef1449793889dcc3b71b7107.mp4' for writing
[hls @ 0x55a4f9aa1580] Opening '/cache/transcodes/e38b66ec9ebef1449793889dcc3b71b7108.mp4' for writing
[hls @ 0x55a4f9aa1580] Opening '/cache/transcodes/e38b66ec9ebef1449793889dcc3b71b7109.mp4' for writing
[hls @ 0x55a4f9aa1580] Opening '/cache/transcodes/e38b66ec9ebef1449793889dcc3b71b7110.mp4' for writing
[hls @ 0x55a4f9aa1580] Opening '/cache/transcodes/e38b66ec9ebef1449793889dcc3b71b7111.mp4' for writing
[hls @ 0x55a4f9aa1580] Opening '/cache/transcodes/e38b66ec9ebef1449793889dcc3b71b7112.mp4' for writing
[hls @ 0x55a4f9aa1580] Opening '/cache/transcodes/e38b66ec9ebef1449793889dcc3b71b7113.mp4' for writing
[hls @ 0x55a4f9aa1580] Opening '/cache/transcodes/e38b66ec9ebef1449793889dcc3b71b7114.mp4' for writing
[hls @ 0x55a4f9aa1580] Opening '/cache/transcodes/e38b66ec9ebef1449793889dcc3b71b7115.mp4' for writing
[hls @ 0x55a4f9aa1580] Opening '/cache/transcodes/e38b66ec9ebef1449793889dcc3b71b7116.mp4' for writing
[hls @ 0x55a4f9aa1580] Opening '/cache/transcodes/e38b66ec9ebef1449793889dcc3b71b7117.mp4' for writing
[hls @ 0x55a4f9aa1580] Opening '/cache/transcodes/e38b66ec9ebef1449793889dcc3b71b7118.mp4' for writing
[hls @ 0x55a4f9aa1580] Opening '/cache/transcodes/e38b66ec9ebef1449793889dcc3b71b7119.mp4' for writing
[hls @ 0x55a4f9aa1580] Opening '/cache/transcodes/e38b66ec9ebef1449793889dcc3b71b7120.mp4' for writing
[hls @ 0x55a4f9aa1580] Opening '/cache/transcodes/e38b66ec9ebef1449793889dcc3b71b7121.mp4' for writing
[hls @ 0x55a4f9aa1580] Opening '/cache/transcodes/e38b66ec9ebef1449793889dcc3b71b7122.mp4' for writing
[hls @ 0x55a4f9aa1580] Opening '/cache/transcodes/e38b66ec9ebef1449793889dcc3b71b7123.mp4' for writing
[hls @ 0x55a4f9aa1580] Opening '/cache/transcodes/e38b66ec9ebef1449793889dcc3b71b7124.mp4' for writing
[hls @ 0x55a4f9aa1580] Opening '/cache/transcodes/e38b66ec9ebef1449793889dcc3b71b7125.mp4' for writing
[hls @ 0x55a4f9aa1580] Opening '/cache/transcodes/e38b66ec9ebef1449793889dcc3b71b7126.mp4' for writing
[hls @ 0x55a4f9aa1580] Opening '/cache/transcodes/e38b66ec9ebef1449793889dcc3b71b7127.mp4' for writing
[hls @ 0x55a4f9aa1580] Opening '/cache/transcodes/e38b66ec9ebef1449793889dcc3b71b7128.mp4' for writing
[hls @ 0x55a4f9aa1580] Opening '/cache/transcodes/e38b66ec9ebef1449793889dcc3b71b7129.mp4' for writing
[hls @ 0x55a4f9aa1580] Opening '/cache/transcodes/e38b66ec9ebef1449793889dcc3b71b7130.mp4' for writing
[hls @ 0x55a4f9aa1580] Opening '/cache/transcodes/e38b66ec9ebef1449793889dcc3b71b7131.mp4' for writing
[hls @ 0x55a4f9aa1580] Opening '/cache/transcodes/e38b66ec9ebef1449793889dcc3b71b7132.mp4' for writing
[hls @ 0x55a4f9aa1580] Opening '/cache/transcodes/e38b66ec9ebef1449793889dcc3b71b7133.mp4' for writing
[hls @ 0x55a4f9aa1580] Opening '/cache/transcodes/e38b66ec9ebef1449793889dcc3b71b7134.mp4' for writing
[hls @ 0x55a4f9aa1580] Opening '/cache/transcodes/e38b66ec9ebef1449793889dcc3b71b7135.mp4' for writing
[hls @ 0x55a4f9aa1580] Opening '/cache/transcodes/e38b66ec9ebef1449793889dcc3b71b7136.mp4' for writing
[hls @ 0x55a4f9aa1580] Opening '/cache/transcodes/e38b66ec9ebef1449793889dcc3b71b7137.mp4' for writing
size=N/A time=00:07:19.23 bitrate=N/A speed= 439x    
[hls @ 0x55a4f9aa1580] Opening '/cache/transcodes/e38b66ec9ebef1449793889dcc3b71b7138.mp4' for writing
[hls @ 0x55a4f9aa1580] Opening '/cache/transcodes/e38b66ec9ebef1449793889dcc3b71b7139.mp4' for writing
[hls @ 0x55a4f9aa1580] Opening '/cache/transcodes/e38b66ec9ebef1449793889dcc3b71b7140.mp4' for writing
[hls @ 0x55a4f9aa1580] Opening '/cache/transcodes/e38b66ec9ebef1449793889dcc3b71b7141.mp4' for writing
[hls @ 0x55a4f9aa1580] Opening '/cache/transcodes/e38b66ec9ebef1449793889dcc3b71b7142.mp4' for writing
[hls @ 0x55a4f9aa1580] Opening '/cache/transcodes/e38b66ec9ebef1449793889dcc3b71b7143.mp4' for writing
[hls @ 0x55a4f9aa1580] Opening '/cache/transcodes/e38b66ec9ebef1449793889dcc3b71b7144.mp4' for writing
[hls @ 0x55a4f9aa1580] Opening '/cache/transcodes/e38b66ec9ebef1449793889dcc3b71b7145.mp4' for writing
[hls @ 0x55a4f9aa1580] Opening '/cache/transcodes/e38b66ec9ebef1449793889dcc3b71b7146.mp4' for writing
[hls @ 0x55a4f9aa1580] Opening '/cache/transcodes/e38b66ec9ebef1449793889dcc3b71b7147.mp4' for writing
[hls @ 0x55a4f9aa1580] Opening '/cache/transcodes/e38b66ec9ebef1449793889dcc3b71b7148.mp4' for writing
[hls @ 0x55a4f9aa1580] Opening '/cache/transcodes/e38b66ec9ebef1449793889dcc3b71b7149.mp4' for writing
[hls @ 0x55a4f9aa1580] Opening '/cache/transcodes/e38b66ec9ebef1449793889dcc3b71b7150.mp4' for writing
[hls @ 0x55a4f9aa1580] Opening '/cache/transcodes/e38b66ec9ebef1449793889dcc3b71b7151.mp4' for writing
[hls @ 0x55a4f9aa1580] Opening '/cache/transcodes/e38b66ec9ebef1449793889dcc3b71b7152.mp4' for writing
[hls @ 0x55a4f9aa1580] Opening '/cache/transcodes/e38b66ec9ebef1449793889dcc3b71b7153.mp4' for writing
[hls @ 0x55a4f9aa1580] Opening '/cache/transcodes/e38b66ec9ebef1449793889dcc3b71b7154.mp4' for writing
[hls @ 0x55a4f9aa1580] Opening '/cache/transcodes/e38b66ec9ebef1449793889dcc3b71b7155.mp4' for writing
[hls @ 0x55a4f9aa1580] Opening '/cache/transcodes/e38b66ec9ebef1449793889dcc3b71b7156.mp4' for writing
[hls @ 0x55a4f9aa1580] Opening '/cache/transcodes/e38b66ec9ebef1449793889dcc3b71b7157.mp4' for writing
[hls @ 0x55a4f9aa1580] Opening '/cache/transcodes/e38b66ec9ebef1449793889dcc3b71b7158.mp4' for writing
[hls @ 0x55a4f9aa1580] Opening '/cache/transcodes/e38b66ec9ebef1449793889dcc3b71b7159.mp4' for writing
[hls @ 0x55a4f9aa1580] Opening '/cache/transcodes/e38b66ec9ebef1449793889dcc3b71b7160.mp4' for writing
[hls @ 0x55a4f9aa1580] Opening '/cache/transcodes/e38b66ec9ebef1449793889dcc3b71b7161.mp4' for writing
[hls @ 0x55a4f9aa1580] Opening '/cache/transcodes/e38b66ec9ebef1449793889dcc3b71b7162.mp4' for writing
[hls @ 0x55a4f9aa1580] Opening '/cache/transcodes/e38b66ec9ebef1449793889dcc3b71b7163.mp4' for writing
[hls @ 0x55a4f9aa1580] Opening '/cache/transcodes/e38b66ec9ebef1449793889dcc3b71b7164.mp4' for writing
[hls @ 0x55a4f9aa1580] Opening '/cache/transcodes/e38b66ec9ebef1449793889dcc3b71b7165.mp4' for writing
[hls @ 0x55a4f9aa1580] Opening '/cache/transcodes/e38b66ec9ebef1449793889dcc3b71b7166.mp4' for writing
[hls @ 0x55a4f9aa1580] Opening '/cache/transcodes/e38b66ec9ebef1449793889dcc3b71b7167.mp4' for writing
[hls @ 0x55a4f9aa1580] Opening '/cache/transcodes/e38b66ec9ebef1449793889dcc3b71b7168.mp4' for writing
[hls @ 0x55a4f9aa1580] Opening '/cache/transcodes/e38b66ec9ebef1449793889dcc3b71b7169.mp4' for writing
[hls @ 0x55a4f9aa1580] Opening '/cache/transcodes/e38b66ec9ebef1449793889dcc3b71b7170.mp4' for writing
[hls @ 0x55a4f9aa1580] Opening '/cache/transcodes/e38b66ec9ebef1449793889dcc3b71b7171.mp4' for writing
[hls @ 0x55a4f9aa1580] Opening '/cache/transcodes/e38b66ec9ebef1449793889dcc3b71b7172.mp4' for writing
[hls @ 0x55a4f9aa1580] Opening '/cache/transcodes/e38b66ec9ebef1449793889dcc3b71b7173.mp4' for writing
[hls @ 0x55a4f9aa1580] Opening '/cache/transcodes/e38b66ec9ebef1449793889dcc3b71b7174.mp4' for writing
[hls @ 0x55a4f9aa1580] Opening '/cache/transcodes/e38b66ec9ebef1449793889dcc3b71b7175.mp4' for writing
[hls @ 0x55a4f9aa1580] Opening '/cache/transcodes/e38b66ec9ebef1449793889dcc3b71b7176.mp4' for writing
[hls @ 0x55a4f9aa1580] Opening '/cache/transcodes/e38b66ec9ebef1449793889dcc3b71b7177.mp4' for writing
[hls @ 0x55a4f9aa1580] Opening '/cache/transcodes/e38b66ec9ebef1449793889dcc3b71b7178.mp4' for writing
[hls @ 0x55a4f9aa1580] Opening '/cache/transcodes/e38b66ec9ebef1449793889dcc3b71b7179.mp4' for writing
[hls @ 0x55a4f9aa1580] Opening '/cache/transcodes/e38b66ec9ebef1449793889dcc3b71b7180.mp4' for writing
[hls @ 0x55a4f9aa1580] Opening '/cache/transcodes/e38b66ec9ebef1449793889dcc3b71b7181.mp4' for writing
[hls @ 0x55a4f9aa1580] Opening '/cache/transcodes/e38b66ec9ebef1449793889dcc3b71b7182.mp4' for writing
[hls @ 0x55a4f9aa1580] Opening '/cache/transcodes/e38b66ec9ebef1449793889dcc3b71b7183.mp4' for writing
[hls @ 0x55a4f9aa1580] Opening '/cache/transcodes/e38b66ec9ebef1449793889dcc3b71b7184.mp4' for writing
[hls @ 0x55a4f9aa1580] Opening '/cache/transcodes/e38b66ec9ebef1449793889dcc3b71b7185.mp4' for writing
[hls @ 0x55a4f9aa1580] Opening '/cache/transcodes/e38b66ec9ebef1449793889dcc3b71b7186.mp4' for writing
[hls @ 0x55a4f9aa1580] Opening '/cache/transcodes/e38b66ec9ebef1449793889dcc3b71b7187.mp4' for writing
[hls @ 0x55a4f9aa1580] Opening '/cache/transcodes/e38b66ec9ebef1449793889dcc3b71b7188.mp4' for writing
[hls @ 0x55a4f9aa1580] Opening '/cache/transcodes/e38b66ec9ebef1449793889dcc3b71b7189.mp4' for writing
[hls @ 0x55a4f9aa1580] Opening '/cache/transcodes/e38b66ec9ebef1449793889dcc3b71b7190.mp4' for writing
[hls @ 0x55a4f9aa1580] Opening '/cache/transcodes/e38b66ec9ebef1449793889dcc3b71b7191.mp4' for writing
[hls @ 0x55a4f9aa1580] Opening '/cache/transcodes/e38b66ec9ebef1449793889dcc3b71b7192.mp4' for writing
[hls @ 0x55a4f9aa1580] Opening '/cache/transcodes/e38b66ec9ebef1449793889dcc3b71b7193.mp4' for writing
[hls @ 0x55a4f9aa1580] Opening '/cache/transcodes/e38b66ec9ebef1449793889dcc3b71b7194.mp4' for writing
[hls @ 0x55a4f9aa1580] Opening '/cache/transcodes/e38b66ec9ebef1449793889dcc3b71b7195.mp4' for writing
[hls @ 0x55a4f9aa1580] Opening '/cache/transcodes/e38b66ec9ebef1449793889dcc3b71b7196.mp4' for writing
[hls @ 0x55a4f9aa1580] Opening '/cache/transcodes/e38b66ec9ebef1449793889dcc3b71b7197.mp4' for writing
[hls @ 0x55a4f9aa1580] Opening '/cache/transcodes/e38b66ec9ebef1449793889dcc3b71b7198.mp4' for writing
[hls @ 0x55a4f9aa1580] Opening '/cache/transcodes/e38b66ec9ebef1449793889dcc3b71b7199.mp4' for writing
[hls @ 0x55a4f9aa1580] Opening '/cache/transcodes/e38b66ec9ebef1449793889dcc3b71b7200.mp4' for writing
[hls @ 0x55a4f9aa1580] Opening '/cache/transcodes/e38b66ec9ebef1449793889dcc3b71b7201.mp4' for writing
[hls @ 0x55a4f9aa1580] Opening '/cache/transcodes/e38b66ec9ebef1449793889dcc3b71b7202.mp4' for writing
[hls @ 0x55a4f9aa1580] Opening '/cache/transcodes/e38b66ec9ebef1449793889dcc3b71b7203.mp4' for writing
[hls @ 0x55a4f9aa1580] Opening '/cache/transcodes/e38b66ec9ebef1449793889dcc3b71b7204.mp4' for writing
[hls @ 0x55a4f9aa1580] Opening '/cache/transcodes/e38b66ec9ebef1449793889dcc3b71b7205.mp4' for writing
[hls @ 0x55a4f9aa1580] Opening '/cache/transcodes/e38b66ec9ebef1449793889dcc3b71b7206.mp4' for writing
[hls @ 0x55a4f9aa1580] Opening '/cache/transcodes/e38b66ec9ebef1449793889dcc3b71b7207.mp4' for writing
[hls @ 0x55a4f9aa1580] Opening '/cache/transcodes/e38b66ec9ebef1449793889dcc3b71b7208.mp4' for writing
[hls @ 0x55a4f9aa1580] Opening '/cache/transcodes/e38b66ec9ebef1449793889dcc3b71b7209.mp4' for writing
[hls @ 0x55a4f9aa1580] Opening '/cache/transcodes/e38b66ec9ebef1449793889dcc3b71b7210.mp4' for writing
[hls @ 0x55a4f9aa1580] Opening '/cache/transcodes/e38b66ec9ebef1449793889dcc3b71b7211.mp4' for writing
[hls @ 0x55a4f9aa1580] Opening '/cache/transcodes/e38b66ec9ebef1449793889dcc3b71b7212.mp4' for writing
[hls @ 0x55a4f9aa1580] Opening '/cache/transcodes/e38b66ec9ebef1449793889dcc3b71b7213.mp4' for writing
[hls @ 0x55a4f9aa1580] Opening '/cache/transcodes/e38b66ec9ebef1449793889dcc3b71b7214.mp4' for writing
[hls @ 0x55a4f9aa1580] Opening '/cache/transcodes/e38b66ec9ebef1449793889dcc3b71b7215.mp4' for writing
[hls @ 0x55a4f9aa1580] Opening '/cache/transcodes/e38b66ec9ebef1449793889dcc3b71b7216.mp4' for writing
[hls @ 0x55a4f9aa1580] Opening '/cache/transcodes/e38b66ec9ebef1449793889dcc3b71b7217.mp4' for writing
[hls @ 0x55a4f9aa1580] Opening '/cache/transcodes/e38b66ec9ebef1449793889dcc3b71b7218.mp4' for writing
[hls @ 0x55a4f9aa1580] Opening '/cache/transcodes/e38b66ec9ebef1449793889dcc3b71b7219.mp4' for writing
[hls @ 0x55a4f9aa1580] Opening '/cache/transcodes/e38b66ec9ebef1449793889dcc3b71b7220.mp4' for writing
[hls @ 0x55a4f9aa1580] Opening '/cache/transcodes/e38b66ec9ebef1449793889dcc3b71b7221.mp4' for writing
[hls @ 0x55a4f9aa1580] Opening '/cache/transcodes/e38b66ec9ebef1449793889dcc3b71b7222.mp4' for writing
[hls @ 0x55a4f9aa1580] Opening '/cache/transcodes/e38b66ec9ebef1449793889dcc3b71b7223.mp4' for writing
[hls @ 0x55a4f9aa1580] Opening '/cache/transcodes/e38b66ec9ebef1449793889dcc3b71b7224.mp4' for writing
[hls @ 0x55a4f9aa1580] Opening '/cache/transcodes/e38b66ec9ebef1449793889dcc3b71b7225.mp4' for writing
[hls @ 0x55a4f9aa1580] Opening '/cache/transcodes/e38b66ec9ebef1449793889dcc3b71b7226.mp4' for writing
[hls @ 0x55a4f9aa1580] Opening '/cache/transcodes/e38b66ec9ebef1449793889dcc3b71b7227.mp4' for writing
[hls @ 0x55a4f9aa1580] Opening '/cache/transcodes/e38b66ec9ebef1449793889dcc3b71b7228.mp4' for writing
[hls @ 0x55a4f9aa1580] Opening '/cache/transcodes/e38b66ec9ebef1449793889dcc3b71b7229.mp4' for writing
[hls @ 0x55a4f9aa1580] Opening '/cache/transcodes/e38b66ec9ebef1449793889dcc3b71b7230.mp4' for writing
[hls @ 0x55a4f9aa1580] Opening '/cache/transcodes/e38b66ec9ebef1449793889dcc3b71b7231.mp4' for writing
[hls @ 0x55a4f9aa1580] Opening '/cache/transcodes/e38b66ec9ebef1449793889dcc3b71b7232.mp4' for writing
[hls @ 0x55a4f9aa1580] Opening '/cache/transcodes/e38b66ec9ebef1449793889dcc3b71b7233.mp4' for writing
[hls @ 0x55a4f9aa1580] Opening '/cache/transcodes/e38b66ec9ebef1449793889dcc3b71b7234.mp4' for writing
[hls @ 0x55a4f9aa1580] Opening '/cache/transcodes/e38b66ec9ebef1449793889dcc3b71b7235.mp4' for writing
[hls @ 0x55a4f9aa1580] Opening '/cache/transcodes/e38b66ec9ebef1449793889dcc3b71b7236.mp4' for writing
[hls @ 0x55a4f9aa1580] Opening '/cache/transcodes/e38b66ec9ebef1449793889dcc3b71b7237.mp4' for writing
[hls @ 0x55a4f9aa1580] Opening '/cache/transcodes/e38b66ec9ebef1449793889dcc3b71b7238.mp4' for writing
[hls @ 0x55a4f9aa1580] Opening '/cache/transcodes/e38b66ec9ebef1449793889dcc3b71b7239.mp4' for writing
[hls @ 0x55a4f9aa1580] Opening '/cache/transcodes/e38b66ec9ebef1449793889dcc3b71b7240.mp4' for writing
[hls @ 0x55a4f9aa1580] Opening '/cache/transcodes/e38b66ec9ebef1449793889dcc3b71b7241.mp4' for writing
[hls @ 0x55a4f9aa1580] Opening '/cache/transcodes/e38b66ec9ebef1449793889dcc3b71b7242.mp4' for writing
[hls @ 0x55a4f9aa1580] Opening '/cache/transcodes/e38b66ec9ebef1449793889dcc3b71b7243.mp4' for writing
[hls @ 0x55a4f9aa1580] Opening '/cache/transcodes/e38b66ec9ebef1449793889dcc3b71b7244.mp4' for writing
[hls @ 0x55a4f9aa1580] Opening '/cache/transcodes/e38b66ec9ebef1449793889dcc3b71b7245.mp4' for writing
[hls @ 0x55a4f9aa1580] Opening '/cache/transcodes/e38b66ec9ebef1449793889dcc3b71b7246.mp4' for writing
[hls @ 0x55a4f9aa1580] Opening '/cache/transcodes/e38b66ec9ebef1449793889dcc3b71b7247.mp4' for writing
size=N/A time=00:18:21.18 bitrate=N/A speed= 734x    
[hls @ 0x55a4f9aa1580] Opening '/cache/transcodes/e38b66ec9ebef1449793889dcc3b71b7248.mp4' for writing
[hls @ 0x55a4f9aa1580] Opening '/cache/transcodes/e38b66ec9ebef1449793889dcc3b71b7249.mp4' for writing
[hls @ 0x55a4f9aa1580] Opening '/cache/transcodes/e38b66ec9ebef1449793889dcc3b71b7250.mp4' for writing
[hls @ 0x55a4f9aa1580] Opening '/cache/transcodes/e38b66ec9ebef1449793889dcc3b71b7251.mp4' for writing
[hls @ 0x55a4f9aa1580] Opening '/cache/transcodes/e38b66ec9ebef1449793889dcc3b71b7252.mp4' for writing
[hls @ 0x55a4f9aa1580] Opening '/cache/transcodes/e38b66ec9ebef1449793889dcc3b71b7253.mp4' for writing
[hls @ 0x55a4f9aa1580] Opening '/cache/transcodes/e38b66ec9ebef1449793889dcc3b71b7254.mp4' for writing
[hls @ 0x55a4f9aa1580] Opening '/cache/transcodes/e38b66ec9ebef1449793889dcc3b71b7255.mp4' for writing
[hls @ 0x55a4f9aa1580] Opening '/cache/transcodes/e38b66ec9ebef1449793889dcc3b71b7256.mp4' for writing
[hls @ 0x55a4f9aa1580] Opening '/cache/transcodes/e38b66ec9ebef1449793889dcc3b71b7257.mp4' for writing
[hls @ 0x55a4f9aa1580] Opening '/cache/transcodes/e38b66ec9ebef1449793889dcc3b71b7258.mp4' for writing
[hls @ 0x55a4f9aa1580] Opening '/cache/transcodes/e38b66ec9ebef1449793889dcc3b71b7259.mp4' for writing
[hls @ 0x55a4f9aa1580] Opening '/cache/transcodes/e38b66ec9ebef1449793889dcc3b71b7260.mp4' for writing
[hls @ 0x55a4f9aa1580] Opening '/cache/transcodes/e38b66ec9ebef1449793889dcc3b71b7261.mp4' for writing
[hls @ 0x55a4f9aa1580] Opening '/cache/transcodes/e38b66ec9ebef1449793889dcc3b71b7262.mp4' for writing
[hls @ 0x55a4f9aa1580] Opening '/cache/transcodes/e38b66ec9ebef1449793889dcc3b71b7263.mp4' for writing
[hls @ 0x55a4f9aa1580] Opening '/cache/transcodes/e38b66ec9ebef1449793889dcc3b71b7264.mp4' for writing
[hls @ 0x55a4f9aa1580] Opening '/cache/transcodes/e38b66ec9ebef1449793889dcc3b71b7265.mp4' for writing
[hls @ 0x55a4f9aa1580] Opening '/cache/transcodes/e38b66ec9ebef1449793889dcc3b71b7266.mp4' for writing
[hls @ 0x55a4f9aa1580] Opening '/cache/transcodes/e38b66ec9ebef1449793889dcc3b71b7267.mp4' for writing
[hls @ 0x55a4f9aa1580] Opening '/cache/transcodes/e38b66ec9ebef1449793889dcc3b71b7268.mp4' for writing
[hls @ 0x55a4f9aa1580] Opening '/cache/transcodes/e38b66ec9ebef1449793889dcc3b71b7269.mp4' for writing
[hls @ 0x55a4f9aa1580] Opening '/cache/transcodes/e38b66ec9ebef1449793889dcc3b71b7270.mp4' for writing
[hls @ 0x55a4f9aa1580] Opening '/cache/transcodes/e38b66ec9ebef1449793889dcc3b71b7271.mp4' for writing
[hls @ 0x55a4f9aa1580] Opening '/cache/transcodes/e38b66ec9ebef1449793889dcc3b71b7272.mp4' for writing
[hls @ 0x55a4f9aa1580] Opening '/cache/transcodes/e38b66ec9ebef1449793889dcc3b71b7273.mp4' for writing
[hls @ 0x55a4f9aa1580] Opening '/cache/transcodes/e38b66ec9ebef1449793889dcc3b71b7274.mp4' for writing
[hls @ 0x55a4f9aa1580] Opening '/cache/transcodes/e38b66ec9ebef1449793889dcc3b71b7275.mp4' for writing
[hls @ 0x55a4f9aa1580] Opening '/cache/transcodes/e38b66ec9ebef1449793889dcc3b71b7276.mp4' for writing
[hls @ 0x55a4f9aa1580] Opening '/cache/transcodes/e38b66ec9ebef1449793889dcc3b71b7277.mp4' for writing
[hls @ 0x55a4f9aa1580] Opening '/cache/transcodes/e38b66ec9ebef1449793889dcc3b71b7278.mp4' for writing
[hls @ 0x55a4f9aa1580] Opening '/cache/transcodes/e38b66ec9ebef1449793889dcc3b71b7279.mp4' for writing
[hls @ 0x55a4f9aa1580] Opening '/cache/transcodes/e38b66ec9ebef1449793889dcc3b71b7280.mp4' for writing
[hls @ 0x55a4f9aa1580] Opening '/cache/transcodes/e38b66ec9ebef1449793889dcc3b71b7281.mp4' for writing
[hls @ 0x55a4f9aa1580] Opening '/cache/transcodes/e38b66ec9ebef1449793889dcc3b71b7282.mp4' for writing
[hls @ 0x55a4f9aa1580] Opening '/cache/transcodes/e38b66ec9ebef1449793889dcc3b71b7283.mp4' for writing
[hls @ 0x55a4f9aa1580] Opening '/cache/transcodes/e38b66ec9ebef1449793889dcc3b71b7284.mp4' for writing
[hls @ 0x55a4f9aa1580] Opening '/cache/transcodes/e38b66ec9ebef1449793889dcc3b71b7285.mp4' for writing
[hls @ 0x55a4f9aa1580] Opening '/cache/transcodes/e38b66ec9ebef1449793889dcc3b71b7286.mp4' for writing
[hls @ 0x55a4f9aa1580] Opening '/cache/transcodes/e38b66ec9ebef1449793889dcc3b71b7287.mp4' for writing
[hls @ 0x55a4f9aa1580] Opening '/cache/transcodes/e38b66ec9ebef1449793889dcc3b71b7288.mp4' for writing
[hls @ 0x55a4f9aa1580] Opening '/cache/transcodes/e38b66ec9ebef1449793889dcc3b71b7289.mp4' for writing
[hls @ 0x55a4f9aa1580] Opening '/cache/transcodes/e38b66ec9ebef1449793889dcc3b71b7290.mp4' for writing
[hls @ 0x55a4f9aa1580] Opening '/cache/transcodes/e38b66ec9ebef1449793889dcc3b71b7291.mp4' for writing
[hls @ 0x55a4f9aa1580] Opening '/cache/transcodes/e38b66ec9ebef1449793889dcc3b71b7292.mp4' for writing
[hls @ 0x55a4f9aa1580] Opening '/cache/transcodes/e38b66ec9ebef1449793889dcc3b71b7293.mp4' for writing
[hls @ 0x55a4f9aa1580] Opening '/cache/transcodes/e38b66ec9ebef1449793889dcc3b71b7294.mp4' for writing
[hls @ 0x55a4f9aa1580] Opening '/cache/transcodes/e38b66ec9ebef1449793889dcc3b71b7295.mp4' for writing
[hls @ 0x55a4f9aa1580] Opening '/cache/transcodes/e38b66ec9ebef1449793889dcc3b71b7296.mp4' for writing
[hls @ 0x55a4f9aa1580] Opening '/cache/transcodes/e38b66ec9ebef1449793889dcc3b71b7297.mp4' for writing
[hls @ 0x55a4f9aa1580] Opening '/cache/transcodes/e38b66ec9ebef1449793889dcc3b71b7298.mp4' for writing
[hls @ 0x55a4f9aa1580] Opening '/cache/transcodes/e38b66ec9ebef1449793889dcc3b71b7299.mp4' for writing
[hls @ 0x55a4f9aa1580] Opening '/cache/transcodes/e38b66ec9ebef1449793889dcc3b71b7300.mp4' for writing
[hls @ 0x55a4f9aa1580] Opening '/cache/transcodes/e38b66ec9ebef1449793889dcc3b71b7301.mp4' for writing
[hls @ 0x55a4f9aa1580] Opening '/cache/transcodes/e38b66ec9ebef1449793889dcc3b71b7302.mp4' for writing
[hls @ 0x55a4f9aa1580] Opening '/cache/transcodes/e38b66ec9ebef1449793889dcc3b71b7303.mp4' for writing
[hls @ 0x55a4f9aa1580] Opening '/cache/transcodes/e38b66ec9ebef1449793889dcc3b71b7304.mp4' for writing
[hls @ 0x55a4f9aa1580] Opening '/cache/transcodes/e38b66ec9ebef1449793889dcc3b71b7305.mp4' for writing
[hls @ 0x55a4f9aa1580] Opening '/cache/transcodes/e38b66ec9ebef1449793889dcc3b71b7306.mp4' for writing
[hls @ 0x55a4f9aa1580] Opening '/cache/transcodes/e38b66ec9ebef1449793889dcc3b71b7307.mp4' for writing
[hls @ 0x55a4f9aa1580] Opening '/cache/transcodes/e38b66ec9ebef1449793889dcc3b71b7308.mp4' for writing
[hls @ 0x55a4f9aa1580] Opening '/cache/transcodes/e38b66ec9ebef1449793889dcc3b71b7309.mp4' for writing
[hls @ 0x55a4f9aa1580] Opening '/cache/transcodes/e38b66ec9ebef1449793889dcc3b71b7310.mp4' for writing
[hls @ 0x55a4f9aa1580] Opening '/cache/transcodes/e38b66ec9ebef1449793889dcc3b71b7311.mp4' for writing
[hls @ 0x55a4f9aa1580] Opening '/cache/transcodes/e38b66ec9ebef1449793889dcc3b71b7312.mp4' for writing
[hls @ 0x55a4f9aa1580] Opening '/cache/transcodes/e38b66ec9ebef1449793889dcc3b71b7313.mp4' for writing
[hls @ 0x55a4f9aa1580] Opening '/cache/transcodes/e38b66ec9ebef1449793889dcc3b71b7314.mp4' for writing
[hls @ 0x55a4f9aa1580] Opening '/cache/transcodes/e38b66ec9ebef1449793889dcc3b71b7315.mp4' for writing
[hls @ 0x55a4f9aa1580] Opening '/cache/transcodes/e38b66ec9ebef1449793889dcc3b71b7316.mp4' for writing
[hls @ 0x55a4f9aa1580] Opening '/cache/transcodes/e38b66ec9ebef1449793889dcc3b71b7317.mp4' for writing
[hls @ 0x55a4f9aa1580] Opening '/cache/transcodes/e38b66ec9ebef1449793889dcc3b71b7318.mp4' for writing
[hls @ 0x55a4f9aa1580] Opening '/cache/transcodes/e38b66ec9ebef1449793889dcc3b71b7319.mp4' for writing
[hls @ 0x55a4f9aa1580] Opening '/cache/transcodes/e38b66ec9ebef1449793889dcc3b71b7320.mp4' for writing
[hls @ 0x55a4f9aa1580] Opening '/cache/transcodes/e38b66ec9ebef1449793889dcc3b71b7321.mp4' for writing
[hls @ 0x55a4f9aa1580] Opening '/cache/transcodes/e38b66ec9ebef1449793889dcc3b71b7322.mp4' for writing
[hls @ 0x55a4f9aa1580] Opening '/cache/transcodes/e38b66ec9ebef1449793889dcc3b71b7323.mp4' for writing
[hls @ 0x55a4f9aa1580] Opening '/cache/transcodes/e38b66ec9ebef1449793889dcc3b71b7324.mp4' for writing
[hls @ 0x55a4f9aa1580] Opening '/cache/transcodes/e38b66ec9ebef1449793889dcc3b71b7325.mp4' for writing
[hls @ 0x55a4f9aa1580] Opening '/cache/transcodes/e38b66ec9ebef1449793889dcc3b71b7326.mp4' for writing
[hls @ 0x55a4f9aa1580] Opening '/cache/transcodes/e38b66ec9ebef1449793889dcc3b71b7327.mp4' for writing
[hls @ 0x55a4f9aa1580] Opening '/cache/transcodes/e38b66ec9ebef1449793889dcc3b71b7328.mp4' for writing
[hls @ 0x55a4f9aa1580] Opening '/cache/transcodes/e38b66ec9ebef1449793889dcc3b71b7329.mp4' for writing
[hls @ 0x55a4f9aa1580] Opening '/cache/transcodes/e38b66ec9ebef1449793889dcc3b71b7330.mp4' for writing
[hls @ 0x55a4f9aa1580] Opening '/cache/transcodes/e38b66ec9ebef1449793889dcc3b71b7331.mp4' for writing
[hls @ 0x55a4f9aa1580] Opening '/cache/transcodes/e38b66ec9ebef1449793889dcc3b71b7332.mp4' for writing
[hls @ 0x55a4f9aa1580] Opening '/cache/transcodes/e38b66ec9ebef1449793889dcc3b71b7333.mp4' for writing
[hls @ 0x55a4f9aa1580] Opening '/cache/transcodes/e38b66ec9ebef1449793889dcc3b71b7334.mp4' for writing
[hls @ 0x55a4f9aa1580] Opening '/cache/transcodes/e38b66ec9ebef1449793889dcc3b71b7335.mp4' for writing
[hls @ 0x55a4f9aa1580] Opening '/cache/transcodes/e38b66ec9ebef1449793889dcc3b71b7336.mp4' for writing
[hls @ 0x55a4f9aa1580] Opening '/cache/transcodes/e38b66ec9ebef1449793889dcc3b71b7337.mp4' for writing
[hls @ 0x55a4f9aa1580] Opening '/cache/transcodes/e38b66ec9ebef1449793889dcc3b71b7338.mp4' for writing
[hls @ 0x55a4f9aa1580] Opening '/cache/transcodes/e38b66ec9ebef1449793889dcc3b71b7339.mp4' for writing
[hls @ 0x55a4f9aa1580] Opening '/cache/transcodes/e38b66ec9ebef1449793889dcc3b71b7340.mp4' for writing
[hls @ 0x55a4f9aa1580] Opening '/cache/transcodes/e38b66ec9ebef1449793889dcc3b71b7341.mp4' for writing
[hls @ 0x55a4f9aa1580] Opening '/cache/transcodes/e38b66ec9ebef1449793889dcc3b71b7342.mp4' for writing
[hls @ 0x55a4f9aa1580] Opening '/cache/transcodes/e38b66ec9ebef1449793889dcc3b71b7343.mp4' for writing
[hls @ 0x55a4f9aa1580] Opening '/cache/transcodes/e38b66ec9ebef1449793889dcc3b71b7344.mp4' for writing
[hls @ 0x55a4f9aa1580] Opening '/cache/transcodes/e38b66ec9ebef1449793889dcc3b71b7345.mp4' for writing
[hls @ 0x55a4f9aa1580] Opening '/cache/transcodes/e38b66ec9ebef1449793889dcc3b71b7346.mp4' for writing
[hls @ 0x55a4f9aa1580] Opening '/cache/transcodes/e38b66ec9ebef1449793889dcc3b71b7347.mp4' for writing
[hls @ 0x55a4f9aa1580] Opening '/cache/transcodes/e38b66ec9ebef1449793889dcc3b71b7348.mp4' for writing
[hls @ 0x55a4f9aa1580] Opening '/cache/transcodes/e38b66ec9ebef1449793889dcc3b71b7349.mp4' for writing
[hls @ 0x55a4f9aa1580] Opening '/cache/transcodes/e38b66ec9ebef1449793889dcc3b71b7350.mp4' for writing
[hls @ 0x55a4f9aa1580] Opening '/cache/transcodes/e38b66ec9ebef1449793889dcc3b71b7351.mp4' for writing
[hls @ 0x55a4f9aa1580] Opening '/cache/transcodes/e38b66ec9ebef1449793889dcc3b71b7352.mp4' for writing
[hls @ 0x55a4f9aa1580] Opening '/cache/transcodes/e38b66ec9ebef1449793889dcc3b71b7353.mp4' for writing
[hls @ 0x55a4f9aa1580] Opening '/cache/transcodes/e38b66ec9ebef1449793889dcc3b71b7354.mp4' for writing
[hls @ 0x55a4f9aa1580] Opening '/cache/transcodes/e38b66ec9ebef1449793889dcc3b71b7355.mp4' for writing
[hls @ 0x55a4f9aa1580] Opening '/cache/transcodes/e38b66ec9ebef1449793889dcc3b71b7356.mp4' for writing
[hls @ 0x55a4f9aa1580] Opening '/cache/transcodes/e38b66ec9ebef1449793889dcc3b71b7357.mp4' for writing
size=N/A time=00:29:19.63 bitrate=N/A speed= 880x    
[hls @ 0x55a4f9aa1580] Opening '/cache/transcodes/e38b66ec9ebef1449793889dcc3b71b7358.mp4' for writing
[hls @ 0x55a4f9aa1580] Opening '/cache/transcodes/e38b66ec9ebef1449793889dcc3b71b7359.mp4' for writing
[hls @ 0x55a4f9aa1580] Opening '/cache/transcodes/e38b66ec9ebef1449793889dcc3b71b7360.mp4' for writing
[hls @ 0x55a4f9aa1580] Opening '/cache/transcodes/e38b66ec9ebef1449793889dcc3b71b7361.mp4' for writing
[hls @ 0x55a4f9aa1580] Opening '/cache/transcodes/e38b66ec9ebef1449793889dcc3b71b7362.mp4' for writing
[hls @ 0x55a4f9aa1580] Opening '/cache/transcodes/e38b66ec9ebef1449793889dcc3b71b7363.mp4' for writing
[hls @ 0x55a4f9aa1580] Opening '/cache/transcodes/e38b66ec9ebef1449793889dcc3b71b7364.mp4' for writing
[hls @ 0x55a4f9aa1580] Opening '/cache/transcodes/e38b66ec9ebef1449793889dcc3b71b7365.mp4' for writing
[hls @ 0x55a4f9aa1580] Opening '/cache/transcodes/e38b66ec9ebef1449793889dcc3b71b7366.mp4' for writing
[hls @ 0x55a4f9aa1580] Opening '/cache/transcodes/e38b66ec9ebef1449793889dcc3b71b7367.mp4' for writing
[hls @ 0x55a4f9aa1580] Opening '/cache/transcodes/e38b66ec9ebef1449793889dcc3b71b7368.mp4' for writing
[hls @ 0x55a4f9aa1580] Opening '/cache/transcodes/e38b66ec9ebef1449793889dcc3b71b7369.mp4' for writing
[hls @ 0x55a4f9aa1580] Opening '/cache/transcodes/e38b66ec9ebef1449793889dcc3b71b7370.mp4' for writing
[hls @ 0x55a4f9aa1580] Opening '/cache/transcodes/e38b66ec9ebef1449793889dcc3b71b7371.mp4' for writing
[hls @ 0x55a4f9aa1580] Opening '/cache/transcodes/e38b66ec9ebef1449793889dcc3b71b7372.mp4' for writing
[hls @ 0x55a4f9aa1580] Opening '/cache/transcodes/e38b66ec9ebef1449793889dcc3b71b7373.mp4' for writing
[hls @ 0x55a4f9aa1580] Opening '/cache/transcodes/e38b66ec9ebef1449793889dcc3b71b7374.mp4' for writing
[hls @ 0x55a4f9aa1580] Opening '/cache/transcodes/e38b66ec9ebef1449793889dcc3b71b7375.mp4' for writing
[hls @ 0x55a4f9aa1580] Opening '/cache/transcodes/e38b66ec9ebef1449793889dcc3b71b7376.mp4' for writing
[hls @ 0x55a4f9aa1580] Opening '/cache/transcodes/e38b66ec9ebef1449793889dcc3b71b7377.mp4' for writing
[hls @ 0x55a4f9aa1580] Opening '/cache/transcodes/e38b66ec9ebef1449793889dcc3b71b7378.mp4' for writing
[hls @ 0x55a4f9aa1580] Opening '/cache/transcodes/e38b66ec9ebef1449793889dcc3b71b7379.mp4' for writing
[hls @ 0x55a4f9aa1580] Opening '/cache/transcodes/e38b66ec9ebef1449793889dcc3b71b7380.mp4' for writing
[hls @ 0x55a4f9aa1580] Opening '/cache/transcodes/e38b66ec9ebef1449793889dcc3b71b7381.mp4' for writing
[hls @ 0x55a4f9aa1580] Opening '/cache/transcodes/e38b66ec9ebef1449793889dcc3b71b7382.mp4' for writing
[hls @ 0x55a4f9aa1580] Opening '/cache/transcodes/e38b66ec9ebef1449793889dcc3b71b7383.mp4' for writing
[hls @ 0x55a4f9aa1580] Opening '/cache/transcodes/e38b66ec9ebef1449793889dcc3b71b7384.mp4' for writing
[hls @ 0x55a4f9aa1580] Opening '/cache/transcodes/e38b66ec9ebef1449793889dcc3b71b7385.mp4' for writing
[hls @ 0x55a4f9aa1580] Opening '/cache/transcodes/e38b66ec9ebef1449793889dcc3b71b7386.mp4' for writing
[hls @ 0x55a4f9aa1580] Opening '/cache/transcodes/e38b66ec9ebef1449793889dcc3b71b7387.mp4' for writing
[hls @ 0x55a4f9aa1580] Opening '/cache/transcodes/e38b66ec9ebef1449793889dcc3b71b7388.mp4' for writing
[hls @ 0x55a4f9aa1580] Opening '/cache/transcodes/e38b66ec9ebef1449793889dcc3b71b7389.mp4' for writing
[hls @ 0x55a4f9aa1580] Opening '/cache/transcodes/e38b66ec9ebef1449793889dcc3b71b7390.mp4' for writing
[hls @ 0x55a4f9aa1580] Opening '/cache/transcodes/e38b66ec9ebef1449793889dcc3b71b7391.mp4' for writing
[hls @ 0x55a4f9aa1580] Opening '/cache/transcodes/e38b66ec9ebef1449793889dcc3b71b7392.mp4' for writing
[hls @ 0x55a4f9aa1580] Opening '/cache/transcodes/e38b66ec9ebef1449793889dcc3b71b7393.mp4' for writing
[hls @ 0x55a4f9aa1580] Opening '/cache/transcodes/e38b66ec9ebef1449793889dcc3b71b7394.mp4' for writing
[hls @ 0x55a4f9aa1580] Opening '/cache/transcodes/e38b66ec9ebef1449793889dcc3b71b7395.mp4' for writing
[hls @ 0x55a4f9aa1580] Opening '/cache/transcodes/e38b66ec9ebef1449793889dcc3b71b7396.mp4' for writing
[hls @ 0x55a4f9aa1580] Opening '/cache/transcodes/e38b66ec9ebef1449793889dcc3b71b7397.mp4' for writing
[hls @ 0x55a4f9aa1580] Opening '/cache/transcodes/e38b66ec9ebef1449793889dcc3b71b7398.mp4' for writing
[hls @ 0x55a4f9aa1580] Opening '/cache/transcodes/e38b66ec9ebef1449793889dcc3b71b7399.mp4' for writing
[hls @ 0x55a4f9aa1580] Opening '/cache/transcodes/e38b66ec9ebef1449793889dcc3b71b7400.mp4' for writing
[hls @ 0x55a4f9aa1580] Opening '/cache/transcodes/e38b66ec9ebef1449793889dcc3b71b7401.mp4' for writing
[hls @ 0x55a4f9aa1580] Opening '/cache/transcodes/e38b66ec9ebef1449793889dcc3b71b7402.mp4' for writing
[hls @ 0x55a4f9aa1580] Opening '/cache/transcodes/e38b66ec9ebef1449793889dcc3b71b7403.mp4' for writing
[hls @ 0x55a4f9aa1580] Opening '/cache/transcodes/e38b66ec9ebef1449793889dcc3b71b7404.mp4' for writing
[hls @ 0x55a4f9aa1580] Opening '/cache/transcodes/e38b66ec9ebef1449793889dcc3b71b7405.mp4' for writing
[hls @ 0x55a4f9aa1580] Opening '/cache/transcodes/e38b66ec9ebef1449793889dcc3b71b7406.mp4' for writing
[hls @ 0x55a4f9aa1580] Opening '/cache/transcodes/e38b66ec9ebef1449793889dcc3b71b7407.mp4' for writing
[out#0/hls @ 0x55a4f9aa1440] video:304888KiB audio:28712KiB subtitle:0KiB other streams:0KiB global headers:0KiB muxing overhead: unknown
size=N/A time=00:34:17.05 bitrate=N/A speed= 926x    