(N) 2025-02-23T10:23:30 - Restored torrent. Torrent: "Supernatural.S09.720p.BluRay.x264-VietHD[rartv]"
(N) 2025-02-23T10:23:30 - Restored torrent. Torrent: "Better Call Saul S05 720p BluRay x264 ITSALLGOODMAN rartv ORARBG"
(N) 2025-02-23T10:23:30 - Restored torrent. Torrent: "Better Call Saul S06 720p BluRay x264 BORDURE rartv ORARBG"
(N) 2025-02-23T10:23:30 - Restored torrent. Torrent: "www.4MovieRulz.cx - War of the Worlds (2005) 720p BluRay Original [Telugu + Tamil + Hindi + Eng] 1.1GB ESub.mkv"
(N) 2025-02-23T10:23:30 - Restored torrent. Torrent: "Supernatural.S15.720p.BluRay.x264-BORDURE[rartv]"
(N) 2025-02-23T10:23:30 - Restored torrent. Torrent: "The.Bourne.Legacy.2012.720p.BluRay.H264.AAC-RARBG"
(N) 2025-02-23T10:23:30 - Restored torrent. Torrent: "[BEST-TORRENTS.ORG] Yellowstone.S03.PL.720p.BDRip.XviD-H3Q"
(N) 2025-02-23T10:23:30 - Restored torrent. Torrent: "Supernatural.S06.720p.BluRay.x264-WiKi"
(N) 2025-02-23T10:23:30 - Restored torrent. Torrent: "Supernatural.S07.720p.BluRay.x264-TvT"
(N) 2025-02-23T10:23:30 - Restored torrent. Torrent: "Don.Jon.2013.720p.BluRay.HIindi.Dub.x264.AAC.mkv"
(N) 2025-02-23T10:23:30 - Restored torrent. Torrent: "Supernatural.S10.720p.BluRay.x264-DEMAND[rartv]"
(N) 2025-02-23T10:23:30 - Restored torrent. Torrent: "Lost.S04.720p.BluRay.x264-CtrlHD[rartv]"
(N) 2025-02-23T10:23:30 - Restored torrent. Torrent: "Better Call Saul S01 Complete Season 1 Repack 720p BRRip DD5.1 x264-PSYPHER"
(N) 2025-02-23T10:23:30 - Restored torrent. Torrent: "Better Call Saul S03 COMPLETE 720p BRRip 3.3GB - MkvCage"
(N) 2025-02-23T10:23:30 - Restored torrent. Torrent: "Supernatural.S04.720p.BluRay.x264-WiKi"
(N) 2025-02-23T10:23:30 - Restored torrent. Torrent: "Supernatural.S05.720p.BluRay.x264-MIXED[rartv]"
(N) 2025-02-23T10:23:30 - Restored torrent. Torrent: "Funny Games 2007 720p BluRay H264 AAC RARBG ORARBG"
(N) 2025-02-23T10:23:30 - Restored torrent. Torrent: "Rules.of.Engagement.2000.REAL.PROPER.720p.BluRay.x264-GAZER"
(N) 2025-02-23T10:23:30 - Restored torrent. Torrent: "Loudermilk.S01.720p.WEBRip.Rus.Eng.Ozz"
(N) 2025-02-23T10:23:30 - Restored torrent. Torrent: "Zodiac.2007.Directors.Cut.720p.BluRay.H264.AAC-RARBG"
(N) 2025-02-23T10:23:30 - Restored torrent. Torrent: "Lethal.Weapon.S02.1080p.BluRay.x265-YAWNiX"
(N) 2025-02-23T10:23:30 - Restored torrent. Torrent: "Burning 2021 720p WEBRip 800MB x264 GalaxyRG"
(N) 2025-02-23T10:23:30 - Restored torrent. Torrent: "www.TamilRockers.tv - The Machinist (2004)[720p - BDRip - [Tamil + Hindi + Eng].mkv"
(N) 2025-02-23T10:23:30 - Restored torrent. Torrent: "No Country for Old Men 2007 Repack 720p BluRay DD 5 1 x264-playHD"
(N) 2025-02-23T10:23:30 - Restored torrent. Torrent: "Reacher.S03E02.REPACK.Truckin.720p.HEVC.x265-MeGusta[EZTVx.to].mkv[eztvx.to]"
(N) 2025-02-23T10:23:30 - Restored torrent. Torrent: "Joy (2015) [YTS.AG]"
(N) 2025-02-23T10:23:30 - Restored torrent. Torrent: "Muzzle.2023.BDRip.720p.seleZen.mkv"
(N) 2025-02-23T10:23:30 - Restored torrent. Torrent: "Love.Death.and.Robots.S02.COMPLETE.1080p.WEB.H264-MIXED[TGx] \u2b50"
(N) 2025-02-23T10:23:30 - Restored torrent. Torrent: "Catch-22 1970 720p bluray YTS"
(N) 2025-02-23T10:23:30 - Restored torrent. Torrent: "The Assassination of Jesse James by the Coward Robert Ford (2007) [BluRay] [720p] [YTS] [YIFY]"
(N) 2025-02-23T10:23:30 - Restored torrent. Torrent: "Mulan.1998.720p.BluRay.999MB.HQ.x265.10bit-GalaxyRG[TGx]"
(N) 2025-02-23T10:23:30 - Restored torrent. Torrent: "Bird (2024) [720p] [WEBRip] [YTS.MX]"
(N) 2025-02-23T10:23:30 - Restored torrent. Torrent: "Justified 2010 S02 720p BluRay x264 [i_c]"
(N) 2025-02-23T10:23:30 - Restored torrent. Torrent: "Reacher.S03E03.720p.HEVC.x265-MeGusta"
(N) 2025-02-23T10:23:30 - Restored torrent. Torrent: "The Marksman 2021 720p bluray YTS"
(N) 2025-02-23T10:23:30 - Restored torrent. Torrent: "Stalker.1979.BDRip.720p.DD5.1.FLAC1.0.Euroxit.mkv"
(N) 2025-02-23T10:23:30 - Restored torrent. Torrent: "Atlanta (2016) S01 S01 (1080p AMZN WEB-DL X265 HEVC 10bit E"
(N) 2025-02-23T10:23:30 - Restored torrent. Torrent: "Loudermilk.S03.COMPLETE.720p.AMZN.WEBRip.x264-GalaxyTV[TGx]"
(N) 2025-02-23T10:23:30 - Restored torrent. Torrent: "Reacher.S01.720p.BluRay.x264-BROADCAST[eztv.re]"
(N) 2025-02-23T10:23:30 - Restored torrent. Torrent: "The Equalizer 2 (2018) [BluRay] [720p] [YTS] [YIFY]"
(N) 2025-02-23T10:23:30 - Restored torrent. Torrent: "Taxi Driver 1976 720p BrRip x264 YIFY"
(N) 2025-02-23T10:23:30 - Restored torrent. Torrent: "Melancholia.2011.720p.BluRay.999MB.HQ.x265.10bit-GalaxyRG \u2b50"
(N) 2025-02-23T10:23:30 - Restored torrent. Torrent: "Justified 2010 S01 720p BluRay x264 [i_c]"
(N) 2025-02-23T10:23:30 - Restored torrent. Torrent: "Reacher.S03E02.720p.HEVC.x265-MeGusta[EZTVx.to].mkv[eztvx.to]"
(N) 2025-02-23T10:23:30 - Restored torrent. Torrent: "Lethal Weapon S01 1080p BluRay x265 RARBG ORARBG"
(N) 2025-02-23T10:23:30 - Restored torrent. Torrent: "Greys Anatomy S21E05 You Make My Heart Explode 720p AMZN WEB-DL DDP5 1 H 264-FLUX[EZTVx.to].mkv[eztvx.to]"
(N) 2025-02-23T10:23:30 - Restored torrent. Torrent: "Swat (2003) 720p BluRay x264 -[MoviesFD7]"
(N) 2025-02-23T10:23:30 - Restored torrent. Torrent: "Yellowstone US S01 720p BluRay x264 DEMAND rartv ORARBG"
(N) 2025-02-23T10:23:30 - Restored torrent. Torrent: "American Psycho 2000 UNCUT REMASTERED 720p BluRay 999MB HQ x265 10bit GalaxyRG"
(N) 2025-02-23T10:23:30 - Restored torrent. Torrent: "Columbus (2017) [BluRay] [720p] [YTS.AM]"
(N) 2025-02-23T10:23:30 - Restored torrent. Torrent: "Synecdoche.New.York.2008.BDRip.(720p).mkv"
(N) 2025-02-23T10:23:30 - Restored torrent. Torrent: "Atlanta.S04E06.1080p.WEB.h264-GOSSIP[eztv.re].mkv[eztvx.to]"
(N) 2025-02-23T10:23:30 - Restored torrent. Torrent: "Scent of a Woman (1992) [Al Pacino] BluRay H264 DolbyD 5.1 + nickarad"
(N) 2025-02-23T10:23:30 - Restored torrent. Torrent: "Atlanta.S02.1080p.WEBRip.x265-RARBG"
(N) 2025-02-23T10:23:30 - Restored torrent. Torrent: "Lost 2004 S02 720p BluRay x264 [i_c]"
(N) 2025-02-23T10:23:30 - Restored torrent. Torrent: "Bad Boys Ride or Die (2024) [720p] [BluRay]"
(I) 2025-02-23T10:23:30 - Detected external IP. IP: "5.15.181.199"
(N) 2025-02-23T10:23:30 - Restored torrent. Torrent: "Det.sjunde.inseglet.1957.720p.BluRay.2xRus.Swe-Skazhutin.mkv"
(N) 2025-02-23T10:23:30 - Restored torrent. Torrent: "The Young And Prodigious T.S. Spivet (2013) [YTS.AG]"
(N) 2025-02-23T10:23:30 - Restored torrent. Torrent: "Blue.Bloods.S01.1080p.WEBRip.x265-KONTRAST"
(N) 2025-02-23T10:23:30 - Restored torrent. Torrent: "Psycho_1960_BDRip-AVC_[Unrated]_by_Dalemake.mkv"
(N) 2025-02-23T10:23:30 - Restored torrent. Torrent: "Supernatural.S02.2006.BDRip.720p.H264.AC3.-R.G. J.R.A"
(N) 2025-02-23T10:23:30 - Restored torrent. Torrent: "На Западном фронте без перемен (2022) BDRip 720p.mkv"
(N) 2025-02-23T10:23:30 - Restored torrent. Torrent: "In.Your.Eyes.2014.720p.BluRay.H264.AAC-RARBG"
(N) 2025-02-23T10:23:30 - Restored torrent. Torrent: "Manchester by the Sea 2016 720p bluray YTS"
(N) 2025-02-23T10:23:30 - Restored torrent. Torrent: "Gifted 2017 720p bluray YTS"
(N) 2025-02-23T10:23:30 - Restored torrent. Torrent: "Yellowstone.2018.S05.720p.BluRay.x264-BORDURE[rartv]"
(N) 2025-02-23T10:23:30 - Restored torrent. Torrent: "Legion.S01.COMPLETE.720p.BluRay.x264-GalaxyTV[TGx]"
(N) 2025-02-23T10:23:30 - Restored torrent. Torrent: "Gone Girl 2014 PROPER 720p BluRay H264 AAC RARBG ORARBG"
(N) 2025-02-23T10:23:30 - Restored torrent. Torrent: "Trouble with the Curve (2012) 720p BrRip x264 - YIFY"
(N) 2025-02-23T10:23:30 - Restored torrent. Torrent: "Atlanta.S04E03.1080p.WEB.h264-GOSSIP[eztv.re].mkv[eztvx.to]"
(N) 2025-02-23T10:23:30 - Restored torrent. Torrent: "Westworld.S01.COMPLETE.720p.BluRay.x264-GalaxyTV[TGx]"
(N) 2025-02-23T10:23:30 - Restored torrent. Torrent: "Atlanta.S03E07.REPACK.1080p.WEB.H264-PECULATE[eztv.re].mkv[eztvx.to]"
(N) 2025-02-23T10:23:30 - Restored torrent. Torrent: "Wedding Daze 2006 720p BRRip x264-MgB"
(N) 2025-02-23T10:23:30 - Restored torrent. Torrent: "Thelma.2024.MVO.BDRip.720p.x264.seleZen.mkv"
(N) 2025-02-23T10:23:30 - Restored torrent. Torrent: "Druk (2020) BDRip 720p.mkv"
(N) 2025-02-23T10:23:30 - Restored torrent. Torrent: "Event.Horizon.1997.REMASTERED.720p.BluRay.999MB.HQ.x265.10bit-GalaxyRG \u2b50"
(N) 2025-02-23T10:23:30 - Restored torrent. Torrent: "Greys Anatomy S21E08 Drop It Like Its Hot 720p AMZN WEB-DL DDP5 1 H 264-NTb[TGx]"
(N) 2025-02-23T10:23:30 - Restored torrent. Torrent: "Atlanta.S03E10.1080p.WEB.h264-GOSSIP[eztv.re].mkv[eztvx.to]"
(N) 2025-02-23T10:23:30 - Restored torrent. Torrent: "The.Lighthouse.2019.BDRip.720p.seleZen.mkv"
(N) 2025-02-23T10:23:30 - Restored torrent. Torrent: "hqf-rev.720.dvd9.mkv"
(N) 2025-02-23T10:23:30 - Restored torrent. Torrent: "Greys Anatomy S21E04 This Ones for the Girls 720p AMZN WEB-DL DDP5 1 H 264-FLUX[EZTVx.to].mkv[eztvx.to]"
(N) 2025-02-23T10:23:30 - Restored torrent. Torrent: "A.Clockwork.Orange.1971.720p.BluRay.Rus.Eng.HDCLUB.mkv"
(N) 2025-02-23T10:23:30 - Restored torrent. Torrent: "Train.to.Busan.2016.KOREAN.720p.AVC.mkv"
(N) 2025-02-23T10:23:30 - Restored torrent. Torrent: "Greys Anatomy S21E06 Night Moves 720p AMZN WEB-DL DDP5 1 H 264-NTb[EZTVx.to].mkv[eztvx.to]"
(N) 2025-02-23T10:23:30 - Restored torrent. Torrent: "Atlanta.S04E04.1080p.WEB.h264-GOSSIP[eztv.re].mkv[eztvx.to]"
(N) 2025-02-23T10:23:30 - Restored torrent. Torrent: "Tetris (2023) [720p] [WEBRip] [YTS.MX]"
(N) 2025-02-23T10:23:30 - Restored torrent. Torrent: "Supernatural.2005.S01.720p.BluRay.x264-MMI"
(N) 2025-02-23T10:23:30 - Restored torrent. Torrent: "Now You See Me 2 (2016) 720p BluRay x264 Hindi-Eng Subs [Dual Audio] [Hindi DD 2.0 - English 2.0] -=!Dr.STAR!=-"
(N) 2025-02-23T10:23:30 - Restored torrent. Torrent: "Now You See Me (2013) EXTENDED ReRip 720p BrRip x264 -YIFY"
(N) 2025-02-23T10:23:30 - Restored torrent. Torrent: "The.End.of.the.Fucking.World.S02.COMPLETE.720p.NF.WEBRip.x264-GalaxyTV[TGx]"
(N) 2025-02-23T10:23:30 - Restored torrent. Torrent: "Lost 2004 S06 720p BluRay x264 [i_c]"
(N) 2025-02-23T10:23:30 - Restored torrent. Torrent: "Requiem for a Dream 2000 PROPER 720p BluRay H264 AAC RARBG ORARBG"
(N) 2025-02-23T10:23:30 - Restored torrent. Torrent: "atlanta.s03e08.repack.1080p.web.h264-dexterous[eztv.re].mkv[eztvx.to]"
(N) 2025-02-23T10:23:30 - Restored torrent. Torrent: "Black.Swan.2010.720p.BluRay.999MB.HQ.x265.10bit-GalaxyRG[TGx]"
(N) 2025-02-23T10:23:30 - Restored torrent. Torrent: "The Silence Of The Lambs 1991 720p BluRay X264 YIFY"
(N) 2025-02-23T10:23:30 - Restored torrent. Torrent: "Reacher.S03E01.720p.HEVC.x265-MeGusta"
(N) 2025-02-23T10:23:30 - Restored torrent. Torrent: "Reprise 2006 720p H264 EAC3 2 0 Nor Sub Ita Eng Nor NF WEBRip by Zoult MIRCrew"
(N) 2025-02-23T10:23:30 - Restored torrent. Torrent: "Greys.Anatomy.S21E07.If.You.Leave.720p.AMZN.WEB-DL.DDP5.1.H.264-NTb[EZTVx.to].mkv[eztvx.to]"
(N) 2025-02-23T10:23:30 - Restored torrent. Torrent: "Black.Hawk.Down.2001.REMASTERED.EXTENDED.720p.BluRay.999MB.HQ.x265.10bit-GalaxyRG[TGx]"
(N) 2025-02-23T10:23:30 - Restored torrent. Torrent: "The Flying Scotsman (2006) [720p] [WEBRip] [YTS.MX]"
(N) 2025-02-23T10:23:30 - Restored torrent. Torrent: "atlanta.s04e08.repack.1080p.web.h264-plzproper[eztv.re].mkv[eztvx.to]"
(N) 2025-02-23T10:23:30 - Restored torrent. Torrent: "Interstellar (2014) IMAX 720p BluRay x264 Hindi-Eng Subs [Dual Audio] [Hindi HQ DD 2.0 - English 2.0] Exclusive By -=!Dr.STAR!=-"
(N) 2025-02-23T10:23:30 - Restored torrent. Torrent: "Phone Booth (2002)"
(N) 2025-02-23T10:23:30 - Restored torrent. Torrent: "atlanta.s03e09.1080p.web.h264-plzproper[eztv.re].mkv[eztvx.to]"
(N) 2025-02-23T10:23:30 - Restored torrent. Torrent: "atlanta.s04e05.1080p.web.h264-plzproper[eztv.re].mkv[eztvx.to]"
(N) 2025-02-23T10:23:30 - Restored torrent. Torrent: "1917 (2019) [720p] [BluRay] [YTS] [YIFY]"
(N) 2025-02-23T10:23:30 - Restored torrent. Torrent: "Lost 2004 S05 720p BluRay x264 [i_c]"
(N) 2025-02-23T10:23:30 - Restored torrent. Torrent: "Loudermilk.S02.COMPLETE.720p.AMZN.WEBRip.x264-GalaxyTV[TGx]"
(N) 2025-02-23T10:23:30 - Restored torrent. Torrent: "Love & Other Drugs 2010 720p bluray YTS"
(N) 2025-02-23T10:23:30 - Restored torrent. Torrent: "2001.A.Space.Odyssey.1968.720p.BDrip.x264.2xRu.Eng.mkv"
(N) 2025-02-23T10:23:30 - Restored torrent. Torrent: "Yes Man 2008 720p BrRip x264 YIFY"
(N) 2025-02-23T10:23:30 - Restored torrent. Torrent: "Braveheart 1995 720p bluray YTS"
(N) 2025-02-23T10:23:30 - Restored torrent. Torrent: "A Real Pain (2024) ENG Ac3 5.1 sub Ita BDRip 720p H264 [ArMor]"
(N) 2025-02-23T10:23:30 - Restored torrent. Torrent: "The Equalizer.2014.720p.LEONARDO_[scarabey.org].mkv"
(N) 2025-02-23T10:23:30 - Restored torrent. Torrent: "Saving.Private.Ryan.1998.720p.BluRay.x264-Mkvking"
(N) 2025-02-23T10:23:30 - Restored torrent. Torrent: "Better Call Saul S04 PROPER 720p BluRay x264 DEMAND rartv ORARBG"
(N) 2025-02-23T10:23:30 - Restored torrent. Torrent: "Shattered (2022) [720p] [BluRay] [YTS.MX]"
(N) 2025-02-23T10:23:30 - Restored torrent. Torrent: "Lamborghini.The.Man.Behind.The.Legend.2022.BDRip.720p.seleZen.mkv"
(N) 2025-02-23T10:23:30 - Restored torrent. Torrent: "Anora 2024 720p WEBRip YTS"
(N) 2025-02-23T10:23:30 - Restored torrent. Torrent: "Atlanta.S04E07.1080p.WEB.h264-GOSSIP[eztv.re].mkv[eztvx.to]"
(N) 2025-02-23T10:23:30 - Restored torrent. Torrent: "Supernatural.S13.ITA.ENG.720p.BluRay.x264-MeM"
(N) 2025-02-23T10:23:30 - Restored torrent. Torrent: "SAS.Rogue.Heroes.Season.2.COMPLETE.1080p.iP.WEB-DL.x264.ESubs.[5.2GB].[MP4].[S02.Full]-[y2flix]"
(N) 2025-02-23T10:23:30 - Restored torrent. Torrent: "Лобстер.720p.i. Ton.mkv"
(N) 2025-02-23T10:23:30 - Restored torrent. Torrent: "The Founder 2016 720p bluray YTS"
(N) 2025-02-23T10:23:30 - Restored torrent. Torrent: "Lethal Seduction (2015) [WEBRip] [720p] [YTS.LT]"
(N) 2025-02-23T10:23:30 - Restored torrent. Torrent: "Beasts Of No Nation (2015)"
(N) 2025-02-23T10:23:30 - Restored torrent. Torrent: "Catch-22 (2019) S01 S01 (1080p HULU WEB-DL x265 HEVC 10bit"
(N) 2025-02-23T10:23:30 - Restored torrent. Torrent: "Once Upon a Time ... in Hollywood (2019) [BluRay] [720p] [YTS] [YIFY]"
(N) 2025-02-23T10:23:30 - Restored torrent. Torrent: "Band Of Brothers S01 1080p BluRay x265 RARBG"
(N) 2025-02-23T10:23:30 - Restored torrent. Torrent: "Cherry 2021 720p bluray YTS"
(N) 2025-02-23T10:23:30 - Restored torrent. Torrent: "The Bourne Ultimatum 2007 720p BrRip x264 YIFY"
(N) 2025-02-23T10:23:30 - Restored torrent. Torrent: "Inheritance (2020) [720p] [BluRay] [YTS.MX]"
(N) 2025-02-23T10:23:30 - Restored torrent. Torrent: "Greys Anatomy S21E02 Take Me to Church 720p AMZN WEB-DL DDP5 1 H 264-FLUX[EZTVx.to].mkv[eztvx.to]"
(N) 2025-02-23T10:23:30 - Restored torrent. Torrent: "Nosferatu 2024 720p WEBRip YTS"
(N) 2025-02-23T10:23:30 - Restored torrent. Torrent: "Bad.Boys.1995.REMASTERED.720p.BluRay.x264-NeZu"
(N) 2025-02-23T10:23:30 - Restored torrent. Torrent: "The Big Lebowski 1998 720p bluray YTS"
(N) 2025-02-23T10:23:30 - Restored torrent. Torrent: "Nickel Boys (2024) [720p] [WEBRip] [YTS.MX]"
(N) 2025-02-23T10:23:30 - Restored torrent. Torrent: "Legion.S03.COMPLETE.720p.AMZN.WEBRip.x264-GalaxyTV"
(N) 2025-02-23T10:23:30 - Restored torrent. Torrent: "Иди и смотри (1985).mkv"
(N) 2025-02-23T10:23:30 - Restored torrent. Torrent: "The Bourne Supremacy 2004 720p bluray YTS"
(N) 2025-02-23T10:23:30 - Restored torrent. Torrent: "atlanta.s04e09.1080p.web.h264-plzproper[eztv.re].mkv[eztvx.to]"
(N) 2025-02-23T10:23:30 - Restored torrent. Torrent: "Berserk (1967) [720p] [BluRay] [YTS.MX]"
(N) 2025-02-23T10:23:30 - Restored torrent. Torrent: "Blue.Bloods.S02.1080p.WEBRip.x265-KONTRAST"
(N) 2025-02-23T10:23:30 - Restored torrent. Torrent: "Lethal.Weapon.S03.1080p.BluRay.x265-YAWNiX"
(N) 2025-02-23T10:23:30 - Restored torrent. Torrent: "Donnie.Darko.2001.Director's.Cut.Remastered.BDRip.720p.x264.6xRus.Eng.Subs-FRANKiE13.mkv"
(N) 2025-02-23T10:23:30 - Restored torrent. Torrent: "Atlanta.S03E04.1080p.WEB.h264-GOSSIP[eztv.re].mkv[eztvx.to]"
(N) 2025-02-23T10:23:30 - Restored torrent. Torrent: "The Bourne Identity 2002 RiffTrax triple audio 720p 10bit BluRay x265 budgetbits"
(N) 2025-02-23T10:23:30 - Restored torrent. Torrent: "Jerry and Marge Go Large (2022) [720p] [BluRay]"
(N) 2025-02-23T10:23:30 - Restored torrent. Torrent: "Generation Kill 2008 Season 1 S01 Extras 1080p BluRay x265 HEVC 10bit AAC 5 1 Silence QxR"
(N) 2025-02-23T10:23:30 - Restored torrent. Torrent: "Justified 2010 S04 720p BluRay x264 [i_c]"
(N) 2025-02-23T10:23:30 - Restored torrent. Torrent: "The Gorge (2025) [720p] [WEBRip] [YTS MX]"
(N) 2025-02-23T10:23:30 - Restored torrent. Torrent: "Greys Anatomy S19 COMPLETE 720p AMZN WEBRip x264 GalaxyTV"
(N) 2025-02-23T10:23:30 - Restored torrent. Torrent: "A.Grunts.Life.S01.COMPLETE.720p.WEBRip.x264-GalaxyTV[TGx]"
(N) 2025-02-23T10:23:30 - Restored torrent. Torrent: "The.Good.the.Bad.and.the.Ugly.1966.720p.BluRay.x264.Rus.Ukr.Eng.mkv"
(N) 2025-02-23T10:23:30 - Restored torrent. Torrent: "Justified.S06.Season.6.720p.5.1Ch.BluRay.ReEnc-DeeJayAhmed"
(N) 2025-02-23T10:23:30 - Restored torrent. Torrent: "Bad Boys II 2003 1080 BluRay X264 YIFY"
(N) 2025-02-23T10:23:30 - Restored torrent. Torrent: "Bad Boys for Life (2020) [720p] [BluRay] [YTS] [YIFY]"
(N) 2025-02-23T10:23:30 - Restored torrent. Torrent: "Justified 2010 S03 720p BluRay x264 [i_c]"
(N) 2025-02-23T10:23:30 - Restored torrent. Torrent: "Better Call Saul - S02 - 720p BluRay - x264 -ShAaNiG"
(N) 2025-02-23T10:23:30 - Restored torrent. Torrent: "The Infinite and The Divine by Robert Rath EPUB"
(N) 2025-02-23T10:23:30 - Restored torrent. Torrent: "SAS.Rogue.Heroes.S01.1080p.BluRay.x265"
(N) 2025-02-23T10:23:30 - Restored torrent. Torrent: "Inception 2010 720p BrRip x264 YIFY"
(N) 2025-02-23T10:23:30 - Restored torrent. Torrent: "Normal.People.S01.COMPLETE.720p.STAN.WEBRip.x264-GalaxyTV"
(N) 2025-02-23T10:23:30 - Restored torrent. Torrent: "The.Empty.Man.2020.720p.WEBRip.800MB.x264-GalaxyRG[TGx]"
(N) 2025-02-23T10:23:30 - Restored torrent. Torrent: "Lone Survivor 2013 720p bluray YTS"
(N) 2025-02-23T10:23:30 - Restored torrent. Torrent: "The End of the Fucking World SEASON 01 S01 COMPLETE 720p WEBRip 2CH x265 HEVC PSA"
(N) 2025-02-23T10:23:30 - Restored torrent. Torrent: "The Longest Ride 2015 PROPER 720p BluRay H264 AAC RARBG ORARBG"
(N) 2025-02-23T10:23:30 - Restored torrent. Torrent: "Blue.Bloods.S03.1080p.WEBRip.x265-KONTRAST"
(N) 2025-02-23T10:23:30 - Restored torrent. Torrent: "Ford v Ferrari (2019) [720p] [BluRay] [YTS] [YIFY]"
(N) 2025-02-23T10:23:30 - Restored torrent. Torrent: "Children of Men 2006 720p BluRay Rip AVC H264 DD5 1 Mazepa UKR ENG mkv"
(N) 2025-02-23T10:23:30 - Restored torrent. Torrent: "atlanta.s04e01.multi.1080p.web.h264-sheeeit[eztv.re].mkv[eztvx.to]"
(N) 2025-02-23T10:23:30 - Restored torrent. Torrent: "atlanta.s04e02.multi.1080p.web.h264-sheeeit[eztv.re].mkv[eztvx.to]"
(N) 2025-02-23T10:23:30 - Restored torrent. Torrent: "Greys Anatomy S21E03 I Can See Clearly Now 720p AMZN WEB-DL DDP5 1 H 264-FLUX[EZTVx.to].mkv[eztvx.to]"
(N) 2025-02-23T10:23:30 - Restored torrent. Torrent: "Perfume the Story of a Murderer (2006) 720p BluRay X264 [MoviesFD7]"
(N) 2025-02-23T10:23:30 - Restored torrent. Torrent: "Justified.S05.Season.5.720p.5.1Ch.BluRay.ReEnc-DeeJayAhmed"
(N) 2025-02-23T10:23:30 - Restored torrent. Torrent: "Hardcore Henry 2015 720p BluRay HEVC x265 BONE"
(N) 2025-02-23T10:23:30 - Restored torrent. Torrent: "Her 2013 720p bluray YTS"
(N) 2025-02-23T10:23:30 - Restored torrent. Torrent: "Atlanta.S03E05.1080p.WEB.h264-GOSSIP[eztv.re].mkv[eztvx.to]"
(N) 2025-02-23T10:23:30 - Restored torrent. Torrent: "Westworld.S02.COMPLETE.720p.BluRay.x264-GalaxyTV[TGx]"
(N) 2025-02-23T10:23:30 - Restored torrent. Torrent: "Fight.Club.1999.REMASTERED.REPACK.720p.BluRay.999MB.HQ.x265.10bit-GalaxyRG[TGx]"
(N) 2025-02-23T10:23:30 - Restored torrent. Torrent: "atlanta.s04e10.1080p.web.h264-plzproper[eztv.re].mkv[eztvx.to]"
(N) 2025-02-23T10:23:30 - Restored torrent. Torrent: "The Outrun 2024 720p BluRay YTS"
(N) 2025-02-23T10:23:30 - Restored torrent. Torrent: "atlanta.s03e06.1080p.web.h264-plzproper[eztv.re].mkv[eztvx.to]"
(N) 2025-02-23T10:23:30 - Restored torrent. Torrent: "Lost S03 S03 720p 5.1Ch BluRay ReEnc-DeeJayAhmed"
(N) 2025-02-23T10:23:30 - Restored torrent. Torrent: "Greys Anatomy S21E01 If Walls Could Talk 720p AMZN WEB-DL DDP5 1 H 264-FLUX[EZTVx.to].mkv[eztvx.to]"
(N) 2025-02-23T10:23:30 - Restored torrent. Torrent: "Believe Me The Abduction Of Lisa McVey (2018) [720p] [WEBRip] [YTS.MX]"
(N) 2025-02-23T10:23:30 - Restored torrent. Torrent: "Caddo Lake (2024) [720p] [WEBRip] [YTS.MX]"
(N) 2025-02-23T10:23:30 - Restored torrent. Torrent: "Yellowstone 2018 S02 720p BluRay x264 DEMAND rartv ORARBG"
(N) 2025-02-23T10:23:30 - Restored torrent. Torrent: "The.Equalizer.3.2023.BDRip.720p.seleZen.mkv"
(N) 2025-02-23T10:23:30 - Restored torrent. Torrent: "Girls.Will.Be.Girls.2024.720p.WEBRip.800MB.x264-GalaxyRG[TGx]"
(N) 2025-02-23T10:23:30 - Restored torrent. Torrent: "Naked (1993) [BluRay] [720p] [YTS] [YIFY]"
(N) 2025-02-23T10:23:30 - Restored torrent. Torrent: "Westworld S03 720p BluRay x264 WESTWORLD rartv ORARBG"
(N) 2025-02-23T10:23:30 - Restored torrent. Torrent: "The.Dark.Knight.2008.35mm.BluRay.DS4K.HDR.x265.10Bit.HEVC.(Eng 35mm Optical Stereo).VITOENCODES.mkv"
(N) 2025-02-23T10:23:30 - Restored torrent. Torrent: "Yellowstone 2018 S04 720p BluRay x264 Gi6 rartv ORARBG"
(N) 2025-02-23T10:23:30 - Restored torrent. Torrent: "Supernatural.S03.2007.BDRip.720p.H264.AC3.-R.G. J.R.A"
(N) 2025-02-23T10:23:30 - Restored torrent. Torrent: "The.Outpost.2020.BDRip.720p.seleZen.mkv"
(N) 2025-02-23T10:23:30 - Restored torrent. Torrent: "Lost 2004 S01 720p BluRay x264 [i_c]"
(N) 2025-02-23T10:23:30 - Restored torrent. Torrent: "Greys.Anatomy.S20.AMZN.WEB-DL.720p.TVShows"
(N) 2025-02-23T10:23:30 - Restored torrent. Torrent: "Supernatural.S12.720p.H265-Zero00"
(N) 2025-02-23T10:23:30 - Restored torrent. Torrent: "The Last Rifleman 2023 720p BluRay DD5 1 x264-PTer"
(N) 2025-02-23T10:23:30 - Restored torrent. Torrent: "Westworld.S04.720p.BluRay.x264-BROADCAST[rartv]"
(N) 2025-02-23T10:23:30 - Restored torrent. Torrent: "Supernatural - S11.BDRip.720p.HEVC.NOVAFILM"
(N) 2025-02-23T10:23:30 - Restored torrent. Torrent: "The Turin Horse 2011 720p BDRip x264.mkv"
(N) 2025-02-23T10:23:30 - Restored torrent. Torrent: "Love Death and Robots SEASON 03 S03 COMPLETE 1080p 10bit WEBRip 6CH x265 HEVC PSA"
(N) 2025-02-23T10:23:30 - Restored torrent. Torrent: "Silver Linings Playbook 2012 720p bluray YTS"
(N) 2025-02-23T10:23:30 - Restored torrent. Torrent: "Only The Brave (2017) [YTS.AG]"
(N) 2025-02-23T10:23:30 - Restored torrent. Torrent: "Legion.S02.COMPLETE.720p.AMZN.WEBRip.x264-GalaxyTV[TGx]"
(N) 2025-02-23T10:23:30 - Restored torrent. Torrent: "Secret Level S01 720p ITA-ENG MULTI WEBRip x265 AAC-V3SP4EV3R"
(N) 2025-02-23T10:23:30 - Restored torrent. Torrent: "Reacher S02 COMPLETE 720p AMZN WEBRip x264 GalaxyTV"
(I) 2025-02-23T10:23:30 - IP geolocation database loaded. Type: DBIP-Country-Lite. Build time: Sat Feb 1 02:16:56 2025.
(N) 2025-02-23T10:23:30 - Using built-in WebUI.
(N) 2025-02-23T10:23:30 - WebUI translation for selected locale (en) has been successfully loaded.
(N) 2025-02-23T10:23:30 - WebUI: Now listening on IP: *, port: 8080
(N) 2025-02-23T10:23:35 - WebAPI login success. IP: ::ffff:172.18.0.2
(N) 2025-02-23T10:23:35 - WebAPI login success. IP: ::ffff:172.18.0.8
(N) 2025-02-23T10:23:35 - WebAPI login success. IP: ::ffff:172.18.0.7
(N) 2025-02-23T10:23:35 - WebAPI login success. IP: ::ffff:172.18.0.4
(N) 2025-02-24T21:43:32 - WebAPI login success. IP: ::ffff:172.18.0.1
(N) 2025-02-24T21:43:49 - Using custom WebUI. Location: "/config/theme/dist".
(N) 2025-02-24T21:52:34 - Torrent removed. Torrent: "Better Call Saul S01 Complete Season 1 Repack 720p BRRip DD5.1 x264-PSYPHER"
(N) 2025-02-24T21:52:35 - Torrent content removed. Torrent: "Better Call Saul S01 Complete Season 1 Repack 720p BRRip DD5.1 x264-PSYPHER"
(N) 2025-02-24T21:53:22 - Added new torrent. Torrent: "Better Call Saul (2015) Season 1 S01 + Extras (1080p BluRay x265 HEVC 10bit AAC 5.1 RZeroX) REPACK [QxR]"
(N) 2025-02-24T22:32:53 - Torrent download finished. Torrent: "Better Call Saul (2015) Season 1 S01 + Extras (1080p BluRay x265 HEVC 10bit AAC 5.1 RZeroX) REPACK [QxR]"
(N) 2025-02-25T22:00:01 - WebAPI login success. IP: ::ffff:172.18.0.1
(N) 2025-02-25T22:29:31 - Added new torrent. Torrent: "173280dc9c49461ffbdabc24b5d47e59e253cba4"
(N) 2025-02-25T22:29:53 - Added new torrent. Torrent: "The Day Of The Jackal S01E02 REPACK 1080p NOW WEB-DL DDP5 1 Atmos H 264-FLUX[EZTVx.to].mkv[eztvx.to]"
(N) 2025-02-25T22:29:55 - Added new torrent. Torrent: "The Day Of The Jackal S01E03 REPACK 1080p NOW WEB-DL DDP5 1 Atmos H 264-FLUX[EZTVx.to].mkv[eztvx.to]"
(N) 2025-02-25T22:29:57 - Added new torrent. Torrent: "The Day Of The Jackal S01E09 REPACK 1080p NOW WEB-DL DDP5 1 Atmos H 264-FLUX[EZTVx.to].mkv[eztvx.to]"
(N) 2025-02-25T22:29:59 - Added new torrent. Torrent: "The Day of the Jackal S01E01 1080p AMZN WEB-DL DDP5 1 Atmos H 264-FLUX[EZTVx.to].mkv[eztvx.to]"
(N) 2025-02-25T22:30:01 - Added new torrent. Torrent: "The Day of the Jackal S01E04 1080p AMZN WEB-DL DDP5 1 Atmos H 264-FLUX[EZTVx.to].mkv[eztvx.to]"
(N) 2025-02-25T22:30:03 - Added new torrent. Torrent: "The Day of the Jackal S01E05 1080p AMZN WEB-DL DDP5 1 Atmos H 264-FLUX[EZTVx.to].mkv[eztvx.to]"
(N) 2025-02-25T22:30:05 - Added new torrent. Torrent: "The Day Of The Jackal S01E06 1080p NOW WEB-DL DDP5 1 Atmos H 264-FLUX[EZTVx.to].mkv[eztvx.to]"
(N) 2025-02-25T22:30:07 - Added new torrent. Torrent: "the.day.of.the.jackal.s01e07.1080p.web.h264-successfulcrab[EZTVx.to].mkv[eztvx.to]"
(N) 2025-02-25T22:30:09 - Added new torrent. Torrent: "The Day of the Jackal S01E08 1080p AMZN WEB-DL DDP5 1 Atmos H 264-FLUX[EZTVx.to].mkv[eztvx.to]"
(N) 2025-02-25T22:30:11 - Added new torrent. Torrent: "The Day Of The Jackal S01E10 1080p NOW WEB-DL DDP5 1 Atmos H 264-FLUX[EZTVx.to].mkv[eztvx.to]"
(N) 2025-02-25T22:30:12 - Added new torrent. Torrent: "926859da87ed8aaf6766398517e40057c3ee55bf"
(N) 2025-02-25T23:01:44 - Torrent download finished. Torrent: "The Day Of The Jackal S01E10 1080p NOW WEB-DL DDP5 1 Atmos H 264-FLUX[EZTVx.to].mkv[eztvx.to]"
(N) 2025-02-25T23:05:23 - Torrent download finished. Torrent: "The Day Of The Jackal S01E02 REPACK 1080p NOW WEB-DL DDP5 1 Atmos H 264-FLUX[EZTVx.to].mkv[eztvx.to]"
(N) 2025-02-25T23:10:41 - Torrent download finished. Torrent: "The Day Of The Jackal S01E09 REPACK 1080p NOW WEB-DL DDP5 1 Atmos H 264-FLUX[EZTVx.to].mkv[eztvx.to]"
(N) 2025-02-25T23:12:10 - Torrent download finished. Torrent: "The Day Of The Jackal S01E03 REPACK 1080p NOW WEB-DL DDP5 1 Atmos H 264-FLUX[EZTVx.to].mkv[eztvx.to]"
(N) 2025-02-25T23:13:16 - Torrent download finished. Torrent: "The Day Of The Jackal S01E06 1080p NOW WEB-DL DDP5 1 Atmos H 264-FLUX[EZTVx.to].mkv[eztvx.to]"
(N) 2025-02-25T23:14:29 - Torrent download finished. Torrent: "The Day of the Jackal S01E05 1080p AMZN WEB-DL DDP5 1 Atmos H 264-FLUX[EZTVx.to].mkv[eztvx.to]"
(N) 2025-02-25T23:15:44 - Torrent download finished. Torrent: "The Day of the Jackal S01E04 1080p AMZN WEB-DL DDP5 1 Atmos H 264-FLUX[EZTVx.to].mkv[eztvx.to]"
(N) 2025-02-25T23:15:53 - Torrent download finished. Torrent: "the.day.of.the.jackal.s01e07.1080p.web.h264-successfulcrab[EZTVx.to].mkv[eztvx.to]"
(N) 2025-02-25T23:17:37 - Torrent download finished. Torrent: "The Day of the Jackal S01E01 1080p AMZN WEB-DL DDP5 1 Atmos H 264-FLUX[EZTVx.to].mkv[eztvx.to]"
(N) 2025-02-25T23:18:10 - Torrent download finished. Torrent: "The Day of the Jackal S01E08 1080p AMZN WEB-DL DDP5 1 Atmos H 264-FLUX[EZTVx.to].mkv[eztvx.to]"
(N) 2025-02-26T07:32:53 - WebAPI login success. IP: ::ffff:172.18.0.1
(N) 2025-02-26T10:35:25 - Added new torrent. Torrent: "e59a8384c4f2680ac2a52c67ca575ea5ee133789"
(N) 2025-02-26T10:35:32 - Added new torrent. Torrent: "0662f3f014b12b56357046cbf789843d2b828aa3"
(I) 2025-02-26T10:45:35 - Detected external IP. IP: "5.15.1.105"
(C) 2025-02-26T15:51:25 - Couldn't save torrent metadata to '/config/qBittorrent/BT_backup/e59a8384c4f2680ac2a52c67ca575ea5ee133789.torrent'. Error: No space left on device.
(C) 2025-02-26T15:51:26 - Couldn't save torrent resume data to '/config/qBittorrent/BT_backup/e59a8384c4f2680ac2a52c67ca575ea5ee133789.fastresume'. Error: No space left on device.
(N) 2025-02-26T16:00:37 - Torrent download finished. Torrent: "Wolf Creek [2005] BRRip 720P AAC H264-ETRG"
(C) 2025-02-26T16:00:37 - Couldn't save torrent resume data to '/config/qBittorrent/BT_backup/e59a8384c4f2680ac2a52c67ca575ea5ee133789.fastresume'. Error: No space left on device.
(N) 2025-02-26T17:54:46 - Torrent download finished. Torrent: "Zodiac.2007.Directors.Cut.720p.BluRay.H264.AAC-RARBG"
(N) 2025-02-27T09:05:02 - Added new torrent. Torrent: "Reacher S03E04 Dominique 720p AMZN WEB-DL H264-playWEB"
(N) 2025-02-27T09:15:01 - Torrent download finished. Torrent: "Reacher S03E04 Dominique 720p AMZN WEB-DL H264-playWEB"
(C) 2025-02-27T15:23:31 - Couldn't save torrent resume data to '/config/qBittorrent/BT_backup/f6d5cbf801f7d4a79ccaf2d2e78a340188ea0e6f.fastresume'. Error: No space left on device.
(C) 2025-02-27T15:23:31 - Couldn't save torrent resume data to '/config/qBittorrent/BT_backup/f6e9a19f45e61f4d451b44f52a41dd7b1c7bb057.fastresume'. Error: No space left on device.
(C) 2025-02-27T15:23:31 - Couldn't save torrent resume data to '/config/qBittorrent/BT_backup/2a0f5ac53a994c0470b91c22f01e79751eaee61f.fastresume'. Error: No space left on device.
(C) 2025-02-27T15:23:31 - Couldn't save torrent resume data to '/config/qBittorrent/BT_backup/0662f3f014b12b56357046cbf789843d2b828aa3.fastresume'. Error: No space left on device.
(C) 2025-02-27T15:23:31 - Couldn't save torrent resume data to '/config/qBittorrent/BT_backup/72708c5095aed9fba08ea249a62fa19ff7dffe55.fastresume'. Error: No space left on device.
(C) 2025-02-27T15:23:31 - Couldn't save torrent resume data to '/config/qBittorrent/BT_backup/62c75076f8fc26f1fe7ea85fa868183a41ed73f8.fastresume'. Error: No space left on device.
(C) 2025-02-27T15:23:31 - Couldn't save torrent resume data to '/config/qBittorrent/BT_backup/2c957d9b64d1569a058dd443fe629435e95e1847.fastresume'. Error: No space left on device.
(C) 2025-02-27T15:23:31 - Couldn't save torrent resume data to '/config/qBittorrent/BT_backup/7d52c67af88c0d953f1551fe7214fe4d14d1eac1.fastresume'. Error: No space left on device.
(C) 2025-02-27T15:23:31 - Couldn't save torrent resume data to '/config/qBittorrent/BT_backup/b3fdf46ddaf89068729f0e5c9bb2227efba3733f.fastresume'. Error: No space left on device.
(C) 2025-02-27T15:23:31 - Couldn't save torrent resume data to '/config/qBittorrent/BT_backup/d35827732df2ac6b85263e3f127677194ad22780.fastresume'. Error: No space left on device.
(C) 2025-02-27T15:23:31 - Couldn't save torrent resume data to '/config/qBittorrent/BT_backup/af470685db218317055bf4f7f27102418a6600c2.fastresume'. Error: No space left on device.
(C) 2025-02-27T15:23:31 - Couldn't save torrent resume data to '/config/qBittorrent/BT_backup/be04db895ded0ac4f80040dffc3e3bf2cbc06770.fastresume'. Error: No space left on device.
(C) 2025-02-27T15:23:31 - Couldn't save torrent resume data to '/config/qBittorrent/BT_backup/8a83be7c515103ad9cafa40d1a09bc06782e3ca4.fastresume'. Error: No space left on device.
(C) 2025-02-27T15:23:31 - Couldn't save torrent resume data to '/config/qBittorrent/BT_backup/68f895b7a621e13f14c941330ffbad77456335fa.fastresume'. Error: No space left on device.
(C) 2025-02-27T15:23:31 - Couldn't save torrent resume data to '/config/qBittorrent/BT_backup/33d051d74a833f7924a6e1e99d15c921ceba65d0.fastresume'. Error: No space left on device.
(C) 2025-02-27T15:23:31 - Couldn't save torrent resume data to '/config/qBittorrent/BT_backup/55c857b2aaaca4300d74abc8c0be25ca8c317566.fastresume'. Error: No space left on device.
(C) 2025-02-27T15:23:31 - Couldn't save torrent resume data to '/config/qBittorrent/BT_backup/c0cf3fe442318c06420a563385defc9b0ce5d711.fastresume'. Error: No space left on device.
(C) 2025-02-27T15:23:31 - Couldn't save torrent resume data to '/config/qBittorrent/BT_backup/5072d0874bfd540886927aac36c72018de507b30.fastresume'. Error: No space left on device.
(C) 2025-02-27T15:23:31 - Couldn't save torrent resume data to '/config/qBittorrent/BT_backup/f85e2e577e2545441e0b85e07e2ddcd01272c41f.fastresume'. Error: No space left on device.
(C) 2025-02-27T15:23:31 - Couldn't save torrent resume data to '/config/qBittorrent/BT_backup/6095edbd06ec300d5126fa4621c0876f2a84b39a.fastresume'. Error: No space left on device.
(C) 2025-02-27T15:23:31 - Couldn't save torrent resume data to '/config/qBittorrent/BT_backup/173280dc9c49461ffbdabc24b5d47e59e253cba4.fastresume